2018-09-27 01:28:00.880  INFO 36544 --- [main] i.p.m.itex.poller.ItexPoller             : The following profiles are active: ipo
2018-09-27 01:28:00.893  INFO 36544 --- [main] ConfigServletWebServerApplicationContext : Refreshing org.springframework.boot.web.servlet.context.AnnotationConfigServletWebServerApplicationContext@1d16f93d: startup date [Thu Sep 27 01:28:00 CEST 2018]; parent: org.springframework.context.annotation.AnnotationConfigApplicationContext@2ff4f00f
2018-09-27 01:28:01.460  INFO 36544 --- [main] o.s.i.config.IntegrationRegistrar        : No bean named 'integrationHeaderChannelRegistry' has been explicitly defined. Therefore, a default DefaultHeaderChannelRegistry will be created.
2018-09-27 01:28:02.271  INFO 36544 --- [main] o.s.cloud.context.scope.GenericScope     : BeanFactory id=95cec93f-f23d-33ef-84d8-0524cc360a68
2018-09-27 01:28:02.297  INFO 36544 --- [main] faultConfiguringBeanFactoryPostProcessor : No bean named 'errorChannel' has been explicitly defined. Therefore, a default PublishSubscribeChannel will be created.
2018-09-27 01:28:02.299  INFO 36544 --- [main] faultConfiguringBeanFactoryPostProcessor : No bean named 'taskScheduler' has been explicitly defined. Therefore, a default ThreadPoolTaskScheduler will be created.
2018-09-27 01:28:02.311  INFO 36544 --- [main] f.a.AutowiredAnnotationBeanPostProcessor : JSR-330 'javax.inject.Inject' annotation found and supported for autowiring
2018-09-27 01:28:02.390  INFO 36544 --- [main] trationDelegate$BeanPostProcessorChecker : Bean 'org.springframework.amqp.rabbit.annotation.RabbitBootstrapConfiguration' of type [org.springframework.amqp.rabbit.annotation.RabbitBootstrapConfiguration$$EnhancerBySpringCGLIB$$9ecc6223] is not eligible for getting processed by all BeanPostProcessors (for example: not eligible for auto-proxying)
2018-09-27 01:28:02.526  INFO 36544 --- [main] trationDelegate$BeanPostProcessorChecker : Bean 'org.springframework.integration.config.IntegrationManagementConfiguration' of type [org.springframework.integration.config.IntegrationManagementConfiguration$$EnhancerBySpringCGLIB$$43525f24] is not eligible for getting processed by all BeanPostProcessors (for example: not eligible for auto-proxying)
2018-09-27 01:28:02.538  INFO 36544 --- [main] trationDelegate$BeanPostProcessorChecker : Bean 'org.springframework.cloud.autoconfigure.ConfigurationPropertiesRebinderAutoConfiguration' of type [org.springframework.cloud.autoconfigure.ConfigurationPropertiesRebinderAutoConfiguration$$EnhancerBySpringCGLIB$$f47aa6f2] is not eligible for getting processed by all BeanPostProcessors (for example: not eligible for auto-proxying)
2018-09-27 01:28:02.552  INFO 36544 --- [main] trationDelegate$BeanPostProcessorChecker : Bean 'org.springframework.integration.dsl.context.IntegrationFlowContext' of type [org.springframework.integration.dsl.context.IntegrationFlowContext] is not eligible for getting processed by all BeanPostProcessors (for example: not eligible for auto-proxying)
2018-09-27 01:28:02.906  INFO 36544 --- [main] o.s.b.w.embedded.tomcat.TomcatWebServer  : Tomcat initialized with port(s): 3333 (http)
2018-09-27 01:28:02.937  INFO 36544 --- [main] o.apache.catalina.core.StandardService   : Starting service [Tomcat]
2018-09-27 01:28:02.937  INFO 36544 --- [main] org.apache.catalina.core.StandardEngine  : Starting Servlet Engine: Apache Tomcat/8.5.31
2018-09-27 01:28:02.951  INFO 36544 --- [localhost-startStop-1] o.a.catalina.core.AprLifecycleListener   : The APR based Apache Tomcat Native library which allows optimal performance in production environments was not found on the java.library.path: [/Users/guytou/Library/Java/Extensions:/Library/Java/Extensions:/Network/Library/Java/Extensions:/System/Library/Java/Extensions:/usr/lib/java:.]
2018-09-27 01:28:03.035  INFO 36544 --- [localhost-startStop-1] o.a.c.c.C.[Tomcat].[localhost].[/]       : Initializing Spring embedded WebApplicationContext
2018-09-27 01:28:03.039  INFO 36544 --- [localhost-startStop-1] o.s.web.context.ContextLoader            : Root WebApplicationContext: initialization completed in 2146 ms
2018-09-27 01:28:03.458  WARN 36544 --- [localhost-startStop-1] c.n.c.sources.URLConfigurationSource     : No URLs will be polled as dynamic configuration sources.
2018-09-27 01:28:03.458  INFO 36544 --- [localhost-startStop-1] c.n.c.sources.URLConfigurationSource     : To enable URLs as dynamic configuration sources, define System property archaius.configurationSource.additionalUrls or make config.properties available on classpath.
2018-09-27 01:28:03.501  INFO 36544 --- [localhost-startStop-1] c.netflix.config.DynamicPropertyFactory  : DynamicPropertyFactory is initialized with configuration sources: com.netflix.config.ConcurrentCompositeConfiguration@c56bbb2
2018-09-27 01:28:05.241  INFO 36544 --- [localhost-startStop-1] o.s.s.c.ThreadPoolTaskScheduler          : Initializing ExecutorService  'taskScheduler'
2018-09-27 01:28:05.680  INFO 36544 --- [localhost-startStop-1] o.s.b.w.servlet.ServletRegistrationBean  : Servlet dispatcherServlet mapped to [/]
2018-09-27 01:28:05.685  INFO 36544 --- [localhost-startStop-1] o.s.b.w.servlet.FilterRegistrationBean   : Mapping filter: 'characterEncodingFilter' to: [/*]
2018-09-27 01:28:05.686  INFO 36544 --- [localhost-startStop-1] o.s.b.w.servlet.FilterRegistrationBean   : Mapping filter: 'hiddenHttpMethodFilter' to: [/*]
2018-09-27 01:28:05.686  INFO 36544 --- [localhost-startStop-1] o.s.b.w.servlet.FilterRegistrationBean   : Mapping filter: 'httpPutFormContentFilter' to: [/*]
2018-09-27 01:28:05.686  INFO 36544 --- [localhost-startStop-1] o.s.b.w.servlet.FilterRegistrationBean   : Mapping filter: 'requestContextFilter' to: [/*]
2018-09-27 01:28:05.686  INFO 36544 --- [localhost-startStop-1] o.s.b.w.servlet.FilterRegistrationBean   : Mapping filter: 'httpTraceFilter' to: [/*]
2018-09-27 01:28:05.686  INFO 36544 --- [localhost-startStop-1] o.s.b.w.servlet.FilterRegistrationBean   : Mapping filter: 'webMvcMetricsFilter' to: [/*]
2018-09-27 01:28:06.017  WARN 36544 --- [main] c.n.c.sources.URLConfigurationSource     : No URLs will be polled as dynamic configuration sources.
2018-09-27 01:28:06.018  INFO 36544 --- [main] c.n.c.sources.URLConfigurationSource     : To enable URLs as dynamic configuration sources, define System property archaius.configurationSource.additionalUrls or make config.properties available on classpath.
2018-09-27 01:28:06.135  INFO 36544 --- [main] o.s.w.s.handler.SimpleUrlHandlerMapping  : Mapped URL path [/**/favicon.ico] onto handler of type [class org.springframework.web.servlet.resource.ResourceHttpRequestHandler]
2018-09-27 01:28:06.309  INFO 36544 --- [main] s.w.s.m.m.a.RequestMappingHandlerAdapter : Looking for @ControllerAdvice: org.springframework.boot.web.servlet.context.AnnotationConfigServletWebServerApplicationContext@1d16f93d: startup date [Thu Sep 27 01:28:00 CEST 2018]; parent: org.springframework.context.annotation.AnnotationConfigApplicationContext@2ff4f00f
2018-09-27 01:28:06.405  INFO 36544 --- [main] s.w.s.m.m.a.RequestMappingHandlerMapping : Mapped "{[/error]}" onto public org.springframework.http.ResponseEntity<java.util.Map<java.lang.String, java.lang.Object>> org.springframework.boot.autoconfigure.web.servlet.error.BasicErrorController.error(javax.servlet.http.HttpServletRequest)
2018-09-27 01:28:06.406  INFO 36544 --- [main] s.w.s.m.m.a.RequestMappingHandlerMapping : Mapped "{[/error],produces=[text/html]}" onto public org.springframework.web.servlet.ModelAndView org.springframework.boot.autoconfigure.web.servlet.error.BasicErrorController.errorHtml(javax.servlet.http.HttpServletRequest,javax.servlet.http.HttpServletResponse)
2018-09-27 01:28:06.480  INFO 36544 --- [main] o.s.w.s.handler.SimpleUrlHandlerMapping  : Mapped URL path [/webjars/**] onto handler of type [class org.springframework.web.servlet.resource.ResourceHttpRequestHandler]
2018-09-27 01:28:06.481  INFO 36544 --- [main] o.s.w.s.handler.SimpleUrlHandlerMapping  : Mapped URL path [/**] onto handler of type [class org.springframework.web.servlet.resource.ResourceHttpRequestHandler]
2018-09-27 01:28:07.916  INFO 36544 --- [main] o.s.ui.freemarker.SpringTemplateLoader   : SpringTemplateLoader for FreeMarker: using resource loader [org.springframework.boot.web.servlet.context.AnnotationConfigServletWebServerApplicationContext@1d16f93d: startup date [Thu Sep 27 01:28:00 CEST 2018]; parent: org.springframework.context.annotation.AnnotationConfigApplicationContext@2ff4f00f] and template loader path [classpath:/templates/]
2018-09-27 01:28:07.921  INFO 36544 --- [main] o.s.w.s.v.f.FreeMarkerConfigurer         : ClassTemplateLoader for Spring macros added to FreeMarker configuration
2018-09-27 01:28:08.479  INFO 36544 --- [main] o.s.b.a.e.web.EndpointLinksResolver      : Exposing 2 endpoint(s) beneath base path '/actuator'
2018-09-27 01:28:08.517  INFO 36544 --- [main] s.b.a.e.w.s.WebMvcEndpointHandlerMapping : Mapped "{[/actuator/health],methods=[GET],produces=[application/vnd.spring-boot.actuator.v2+json || application/json]}" onto public java.lang.Object org.springframework.boot.actuate.endpoint.web.servlet.AbstractWebMvcEndpointHandlerMapping$OperationHandler.handle(javax.servlet.http.HttpServletRequest,java.util.Map<java.lang.String, java.lang.String>)
2018-09-27 01:28:08.518  INFO 36544 --- [main] s.b.a.e.w.s.WebMvcEndpointHandlerMapping : Mapped "{[/actuator/info],methods=[GET],produces=[application/vnd.spring-boot.actuator.v2+json || application/json]}" onto public java.lang.Object org.springframework.boot.actuate.endpoint.web.servlet.AbstractWebMvcEndpointHandlerMapping$OperationHandler.handle(javax.servlet.http.HttpServletRequest,java.util.Map<java.lang.String, java.lang.String>)
2018-09-27 01:28:08.525  INFO 36544 --- [main] s.b.a.e.w.s.WebMvcEndpointHandlerMapping : Mapped "{[/actuator],methods=[GET],produces=[application/vnd.spring-boot.actuator.v2+json || application/json]}" onto protected java.util.Map<java.lang.String, java.util.Map<java.lang.String, org.springframework.boot.actuate.endpoint.web.Link>> org.springframework.boot.actuate.endpoint.web.servlet.WebMvcEndpointHandlerMapping.links(javax.servlet.http.HttpServletRequest,javax.servlet.http.HttpServletResponse)
2018-09-27 01:28:08.780  INFO 36544 --- [main] o.s.j.e.a.AnnotationMBeanExporter        : Registering beans for JMX exposure on startup
2018-09-27 01:28:08.821  INFO 36544 --- [main] o.s.j.e.a.AnnotationMBeanExporter        : Bean with name 'rabbitConnectionFactory' has been autodetected for JMX exposure
2018-09-27 01:28:08.822  INFO 36544 --- [main] o.s.j.e.a.AnnotationMBeanExporter        : Bean with name 'environmentManager' has been autodetected for JMX exposure
2018-09-27 01:28:08.824  INFO 36544 --- [main] o.s.j.e.a.AnnotationMBeanExporter        : Bean with name 'integrationMbeanExporter' has been autodetected for JMX exposure
2018-09-27 01:28:08.825  INFO 36544 --- [main] o.s.j.e.a.AnnotationMBeanExporter        : Bean with name 'refreshScope' has been autodetected for JMX exposure
2018-09-27 01:28:08.826  INFO 36544 --- [main] o.s.j.e.a.AnnotationMBeanExporter        : Bean with name 'configurationPropertiesRebinder' has been autodetected for JMX exposure
2018-09-27 01:28:08.869  INFO 36544 --- [main] o.s.j.e.a.AnnotationMBeanExporter        : Located managed bean 'environmentManager': registering with JMX server as MBean [org.springframework.cloud.context.environment:name=environmentManager,type=EnvironmentManager]
2018-09-27 01:28:08.882  INFO 36544 --- [main] o.s.j.e.a.AnnotationMBeanExporter        : Located managed bean 'refreshScope': registering with JMX server as MBean [org.springframework.cloud.context.scope.refresh:name=refreshScope,type=RefreshScope]
2018-09-27 01:28:08.919  INFO 36544 --- [main] o.s.j.e.a.AnnotationMBeanExporter        : Located managed bean 'integrationMbeanExporter': registering with JMX server as MBean [org.springframework.integration.monitor:name=integrationMbeanExporter,type=IntegrationMBeanExporter]
2018-09-27 01:28:08.973  INFO 36544 --- [main] o.s.j.e.a.AnnotationMBeanExporter        : Located managed bean 'configurationPropertiesRebinder': registering with JMX server as MBean [org.springframework.cloud.context.properties:name=configurationPropertiesRebinder,context=1d16f93d,type=ConfigurationPropertiesRebinder]
2018-09-27 01:28:08.985  INFO 36544 --- [main] o.s.j.e.a.AnnotationMBeanExporter        : Located managed bean 'rabbitConnectionFactory': registering with JMX server as MBean [org.springframework.amqp.rabbit.connection:name=rabbitConnectionFactory,type=CachingConnectionFactory]
2018-09-27 01:28:09.041  INFO 36544 --- [main] o.s.i.monitor.IntegrationMBeanExporter   : Registering beans for JMX exposure on startup
2018-09-27 01:28:09.041  INFO 36544 --- [main] o.s.i.monitor.IntegrationMBeanExporter   : Registering MessageChannel output
2018-09-27 01:28:09.047  INFO 36544 --- [main] o.s.i.monitor.IntegrationMBeanExporter   : Located managed bean 'org.springframework.integration:type=MessageChannel,name=output': registering with JMX server as MBean [org.springframework.integration:type=MessageChannel,name=output]
2018-09-27 01:28:09.123  INFO 36544 --- [main] o.s.i.monitor.IntegrationMBeanExporter   : Registering MessageChannel nullChannel
2018-09-27 01:28:09.126  INFO 36544 --- [main] o.s.i.monitor.IntegrationMBeanExporter   : Located managed bean 'org.springframework.integration:type=MessageChannel,name=nullChannel': registering with JMX server as MBean [org.springframework.integration:type=MessageChannel,name=nullChannel]
2018-09-27 01:28:09.138  INFO 36544 --- [main] o.s.i.monitor.IntegrationMBeanExporter   : Registering MessageChannel errorChannel
2018-09-27 01:28:09.144  INFO 36544 --- [main] o.s.i.monitor.IntegrationMBeanExporter   : Located managed bean 'org.springframework.integration:type=MessageChannel,name=errorChannel': registering with JMX server as MBean [org.springframework.integration:type=MessageChannel,name=errorChannel]
2018-09-27 01:28:09.182  INFO 36544 --- [main] o.s.i.monitor.IntegrationMBeanExporter   : Registering MessageHandler errorLogger
2018-09-27 01:28:09.184  INFO 36544 --- [main] o.s.i.monitor.IntegrationMBeanExporter   : Located managed bean 'org.springframework.integration:type=MessageHandler,name=errorLogger,bean=internal': registering with JMX server as MBean [org.springframework.integration:type=MessageHandler,name=errorLogger,bean=internal]
2018-09-27 01:28:09.211  INFO 36544 --- [main] o.s.i.monitor.IntegrationMBeanExporter   : Located managed bean 'org.springframework.integration:type=ManagedEndpoint,name=io.pivotal.microservices.itex.poller.ItexPoller$TestProducer.sendTestData.inboundChannelAdapter,bean=endpoint': registering with JMX server as MBean [org.springframework.integration:type=ManagedEndpoint,name=io.pivotal.microservices.itex.poller.ItexPoller$TestProducer.sendTestData.inboundChannelAdapter,bean=endpoint]
2018-09-27 01:28:09.215  INFO 36544 --- [main] o.s.i.monitor.IntegrationMBeanExporter   : Registered endpoint without MessageSource: org.springframework.integration:type=ManagedEndpoint,name=io.pivotal.microservices.itex.poller.ItexPoller$TestProducer.sendTestData.inboundChannelAdapter,bean=endpoint
2018-09-27 01:28:09.227  INFO 36544 --- [main] o.s.c.support.DefaultLifecycleProcessor  : Starting beans in phase -2147482648
2018-09-27 01:28:09.341  INFO 36544 --- [main] s.c.a.AnnotationConfigApplicationContext : Refreshing org.springframework.context.annotation.AnnotationConfigApplicationContext@3a12c404: startup date [Thu Sep 27 01:28:09 CEST 2018]; parent: org.springframework.boot.web.servlet.context.AnnotationConfigServletWebServerApplicationContext@1d16f93d
2018-09-27 01:28:09.452  INFO 36544 --- [main] f.a.AutowiredAnnotationBeanPostProcessor : JSR-330 'javax.inject.Inject' annotation found and supported for autowiring
2018-09-27 01:28:09.569  INFO 36544 --- [main] o.s.c.support.GenericApplicationContext  : Refreshing org.springframework.context.support.GenericApplicationContext@46268f08: startup date [Thu Sep 27 01:28:09 CEST 2018]; root of context hierarchy
2018-09-27 01:28:09.854  INFO 36544 --- [main] o.s.a.r.c.CachingConnectionFactory       : Attempting to connect to: [localhost:5672]
2018-09-27 01:28:09.983  INFO 36544 --- [main] o.s.a.r.c.CachingConnectionFactory       : Created new connection: rabbitConnectionFactory#3597e6f2:0/SimpleConnection@663411de [delegate=amqp://guest@127.0.0.1:5672/, localPort= 56032]
2018-09-27 01:28:10.066  INFO 36544 --- [main] o.s.integration.channel.DirectChannel    : Channel 'application-1.output' has 1 subscriber(s).
2018-09-27 01:28:10.070  INFO 36544 --- [main] o.s.c.support.DefaultLifecycleProcessor  : Starting beans in phase 0
2018-09-27 01:28:10.103  INFO 36544 --- [main] o.s.c.n.eureka.InstanceInfoFactory       : Setting initial instance status as: STARTING
2018-09-27 01:28:10.186  INFO 36544 --- [main] com.netflix.discovery.DiscoveryClient    : Initializing Eureka in region us-east-1
2018-09-27 01:28:10.664  INFO 36544 --- [main] c.n.d.provider.DiscoveryJerseyProvider   : Using JSON encoding codec LegacyJacksonJson
2018-09-27 01:28:10.664  INFO 36544 --- [main] c.n.d.provider.DiscoveryJerseyProvider   : Using JSON decoding codec LegacyJacksonJson
2018-09-27 01:28:11.217  INFO 36544 --- [main] c.n.d.provider.DiscoveryJerseyProvider   : Using XML encoding codec XStreamXml
2018-09-27 01:28:11.218  INFO 36544 --- [main] c.n.d.provider.DiscoveryJerseyProvider   : Using XML decoding codec XStreamXml
2018-09-27 01:28:11.624  INFO 36544 --- [main] c.n.d.s.r.aws.ConfigClusterResolver      : Resolving eureka endpoints via configuration
2018-09-27 01:28:11.675  INFO 36544 --- [main] com.netflix.discovery.DiscoveryClient    : Disable delta property : false
2018-09-27 01:28:11.675  INFO 36544 --- [main] com.netflix.discovery.DiscoveryClient    : Single vip registry refresh property : null
2018-09-27 01:28:11.679  INFO 36544 --- [main] com.netflix.discovery.DiscoveryClient    : Force full registry fetch : false
2018-09-27 01:28:11.680  INFO 36544 --- [main] com.netflix.discovery.DiscoveryClient    : Application is null : false
2018-09-27 01:28:11.680  INFO 36544 --- [main] com.netflix.discovery.DiscoveryClient    : Registered Applications size is zero : true
2018-09-27 01:28:11.680  INFO 36544 --- [main] com.netflix.discovery.DiscoveryClient    : Application version is -1: true
2018-09-27 01:28:11.680  INFO 36544 --- [main] com.netflix.discovery.DiscoveryClient    : Getting all instance registry info from the eureka server
2018-09-27 01:28:12.047  INFO 36544 --- [main] com.netflix.discovery.DiscoveryClient    : The response status is 200
2018-09-27 01:28:12.062  INFO 36544 --- [main] com.netflix.discovery.DiscoveryClient    : Starting heartbeat executor: renew interval is: 30
2018-09-27 01:28:12.067  INFO 36544 --- [main] c.n.discovery.InstanceInfoReplicator     : InstanceInfoReplicator onDemand update allowed rate per min is 4
2018-09-27 01:28:12.072  INFO 36544 --- [main] com.netflix.discovery.DiscoveryClient    : Discovery Client initialized at timestamp 1538004492070 with initial instances count: 2
2018-09-27 01:28:12.080  INFO 36544 --- [main] o.s.c.n.e.s.EurekaServiceRegistry        : Registering application itex-poller with eureka with status UP
2018-09-27 01:28:12.082  INFO 36544 --- [main] com.netflix.discovery.DiscoveryClient    : Saw local status change event StatusChangeEvent [timestamp=1538004492081, current=UP, previous=STARTING]
2018-09-27 01:28:12.088  INFO 36544 --- [DiscoveryClient-InstanceInfoReplicator-0] com.netflix.discovery.DiscoveryClient    : DiscoveryClient_ITEX-POLLER/gmbp.home:itex-poller:3333: registering service...
2018-09-27 01:28:12.100  INFO 36544 --- [main] o.s.i.endpoint.EventDrivenConsumer       : Adding {logging-channel-adapter:_org.springframework.integration.errorLogger} as a subscriber to the 'errorChannel' channel
2018-09-27 01:28:12.100  INFO 36544 --- [main] o.s.i.channel.PublishSubscribeChannel    : Channel 'application-1.errorChannel' has 1 subscriber(s).
2018-09-27 01:28:12.100  INFO 36544 --- [main] o.s.i.endpoint.EventDrivenConsumer       : started _org.springframework.integration.errorLogger
2018-09-27 01:28:12.104  INFO 36544 --- [main] o.s.i.e.SourcePollingChannelAdapter      : started io.pivotal.microservices.itex.poller.ItexPoller$TestProducer.sendTestData.inboundChannelAdapter
2018-09-27 01:28:12.104  INFO 36544 --- [main] o.s.c.support.DefaultLifecycleProcessor  : Starting beans in phase 2147482647
2018-09-27 01:28:12.104  INFO 36544 --- [main] o.s.c.support.DefaultLifecycleProcessor  : Starting beans in phase 2147483647
2018-09-27 01:28:12.126  INFO 36544 --- [task-scheduler-1] o.s.a.r.c.CachingConnectionFactory       : Attempting to connect to: [localhost:5672]
2018-09-27 01:28:12.133  INFO 36544 --- [task-scheduler-1] o.s.a.r.c.CachingConnectionFactory       : Created new connection: rabbitConnectionFactory.publisher#3e7a719e:0/SimpleConnection@7462ff2c [delegate=amqp://guest@127.0.0.1:5672/, localPort= 56035]
2018-09-27 01:28:12.141  INFO 36544 --- [DiscoveryClient-InstanceInfoReplicator-0] com.netflix.discovery.DiscoveryClient    : DiscoveryClient_ITEX-POLLER/gmbp.home:itex-poller:3333 - registration status: 204
2018-09-27 01:28:12.187  INFO 36544 --- [main] o.s.b.w.embedded.tomcat.TomcatWebServer  : Tomcat started on port(s): 3333 (http) with context path ''
2018-09-27 01:28:12.193  INFO 36544 --- [main] .s.c.n.e.s.EurekaAutoServiceRegistration : Updating port to 3333
2018-09-27 01:28:12.198  INFO 36544 --- [main] i.p.m.itex.poller.ItexPoller             : Started ItexPoller in 14.393 seconds (JVM running for 15.704)
2018-09-27 01:32:43.861  INFO 36544 --- [Thread-9] ConfigServletWebServerApplicationContext : Closing org.springframework.boot.web.servlet.context.AnnotationConfigServletWebServerApplicationContext@1d16f93d: startup date [Thu Sep 27 01:28:00 CEST 2018]; parent: org.springframework.context.annotation.AnnotationConfigApplicationContext@2ff4f00f
2018-09-27 01:32:43.893  INFO 36544 --- [Thread-9] o.s.c.n.e.s.EurekaServiceRegistry        : Unregistering application itex-poller with eureka with status DOWN
2018-09-27 01:32:43.894  WARN 36544 --- [Thread-9] com.netflix.discovery.DiscoveryClient    : Saw local status change event StatusChangeEvent [timestamp=1538004763894, current=DOWN, previous=UP]
2018-09-27 01:32:43.897  WARN 36544 --- [DiscoveryClient-InstanceInfoReplicator-0] com.netflix.discovery.DiscoveryClient    : Saw local status change event StatusChangeEvent [timestamp=1538004763897, current=UP, previous=DOWN]
2018-09-27 01:32:43.898  INFO 36544 --- [Thread-9] s.c.a.AnnotationConfigApplicationContext : Closing org.springframework.context.annotation.AnnotationConfigApplicationContext@3a12c404: startup date [Thu Sep 27 01:28:09 CEST 2018]; parent: org.springframework.boot.web.servlet.context.AnnotationConfigServletWebServerApplicationContext@1d16f93d
2018-09-27 01:32:43.898  INFO 36544 --- [DiscoveryClient-InstanceInfoReplicator-0] com.netflix.discovery.DiscoveryClient    : DiscoveryClient_ITEX-POLLER/gmbp.home:itex-poller:3333: registering service...
2018-09-27 01:32:43.917  INFO 36544 --- [DiscoveryClient-InstanceInfoReplicator-0] com.netflix.discovery.DiscoveryClient    : DiscoveryClient_ITEX-POLLER/gmbp.home:itex-poller:3333 - registration status: 204
2018-09-27 01:32:43.971  INFO 36544 --- [Thread-9] o.s.c.support.DefaultLifecycleProcessor  : Stopping beans in phase 2147483647
2018-09-27 01:32:43.973  INFO 36544 --- [Thread-9] o.s.c.support.DefaultLifecycleProcessor  : Stopping beans in phase 2147482647
2018-09-27 01:32:43.976  INFO 36544 --- [Thread-9] o.s.c.support.DefaultLifecycleProcessor  : Stopping beans in phase 0
2018-09-27 01:32:44.008  INFO 36544 --- [Thread-9] o.s.i.endpoint.EventDrivenConsumer       : Removing {logging-channel-adapter:_org.springframework.integration.errorLogger} as a subscriber to the 'errorChannel' channel
2018-09-27 01:32:44.009  INFO 36544 --- [Thread-9] o.s.i.channel.PublishSubscribeChannel    : Channel 'application-1.errorChannel' has 0 subscriber(s).
2018-09-27 01:32:44.010  INFO 36544 --- [Thread-9] o.s.i.endpoint.EventDrivenConsumer       : stopped _org.springframework.integration.errorLogger
2018-09-27 01:32:44.010  INFO 36544 --- [Thread-9] o.s.i.e.SourcePollingChannelAdapter      : stopped io.pivotal.microservices.itex.poller.ItexPoller$TestProducer.sendTestData.inboundChannelAdapter
2018-09-27 01:32:44.010  INFO 36544 --- [Thread-9] o.s.c.support.DefaultLifecycleProcessor  : Stopping beans in phase -2147482648
2018-09-27 01:32:44.023  INFO 36544 --- [Thread-9] o.s.i.monitor.IntegrationMBeanExporter   : Unregistering JMX-exposed beans on shutdown
2018-09-27 01:32:44.025  INFO 36544 --- [Thread-9] o.s.i.monitor.IntegrationMBeanExporter   : Unregistering JMX-exposed beans
2018-09-27 01:32:44.038  INFO 36544 --- [Thread-9] o.s.i.monitor.IntegrationMBeanExporter   : Summary on shutdown: output
2018-09-27 01:32:44.039  INFO 36544 --- [Thread-9] o.s.i.monitor.IntegrationMBeanExporter   : Summary on shutdown: nullChannel
2018-09-27 01:32:44.039  INFO 36544 --- [Thread-9] o.s.i.monitor.IntegrationMBeanExporter   : Summary on shutdown: errorChannel
2018-09-27 01:32:44.039  INFO 36544 --- [Thread-9] o.s.i.monitor.IntegrationMBeanExporter   : Summary on shutdown: _org.springframework.integration.errorLogger.handler
2018-09-27 01:32:44.041  INFO 36544 --- [Thread-9] o.s.j.e.a.AnnotationMBeanExporter        : Unregistering JMX-exposed beans on shutdown
2018-09-27 01:32:44.042  INFO 36544 --- [Thread-9] o.s.j.e.a.AnnotationMBeanExporter        : Unregistering JMX-exposed beans
2018-09-27 01:32:44.077  INFO 36544 --- [Thread-9] o.s.s.c.ThreadPoolTaskScheduler          : Shutting down ExecutorService 'taskScheduler'
2018-09-27 01:32:44.127  INFO 36544 --- [Thread-9] com.netflix.discovery.DiscoveryClient    : Shutting down DiscoveryClient ...
2018-09-27 01:32:44.137  WARN 36544 --- [Thread-9] .s.c.a.CommonAnnotationBeanPostProcessor : Invocation of destroy method failed on bean with name 'scopedTarget.eurekaClient': org.springframework.beans.factory.BeanCreationNotAllowedException: Error creating bean with name 'eurekaInstanceConfigBean': Singleton bean creation not allowed while singletons of this factory are in destruction (Do not request a bean from a BeanFactory in a destroy method implementation!)
