2018-09-27 01:27:49.914  INFO 36476 --- [main] i.p.m.itex.publisher.ItexPublisher       : The following profiles are active: ipu
2018-09-27 01:27:49.928  INFO 36476 --- [main] ConfigServletWebServerApplicationContext : Refreshing org.springframework.boot.web.servlet.context.AnnotationConfigServletWebServerApplicationContext@23e028a9: startup date [Thu Sep 27 01:27:49 CEST 2018]; parent: org.springframework.context.annotation.AnnotationConfigApplicationContext@1134affc
2018-09-27 01:27:50.630  INFO 36476 --- [main] o.s.i.config.IntegrationRegistrar        : No bean named 'integrationHeaderChannelRegistry' has been explicitly defined. Therefore, a default DefaultHeaderChannelRegistry will be created.
2018-09-27 01:27:51.768  INFO 36476 --- [main] o.s.cloud.context.scope.GenericScope     : BeanFactory id=0704090c-17d7-352a-ac45-506600da27c4
2018-09-27 01:27:51.789  INFO 36476 --- [main] faultConfiguringBeanFactoryPostProcessor : No bean named 'errorChannel' has been explicitly defined. Therefore, a default PublishSubscribeChannel will be created.
2018-09-27 01:27:51.791  INFO 36476 --- [main] faultConfiguringBeanFactoryPostProcessor : No bean named 'taskScheduler' has been explicitly defined. Therefore, a default ThreadPoolTaskScheduler will be created.
2018-09-27 01:27:51.805  INFO 36476 --- [main] f.a.AutowiredAnnotationBeanPostProcessor : JSR-330 'javax.inject.Inject' annotation found and supported for autowiring
2018-09-27 01:27:51.894  INFO 36476 --- [main] trationDelegate$BeanPostProcessorChecker : Bean 'org.springframework.amqp.rabbit.annotation.RabbitBootstrapConfiguration' of type [org.springframework.amqp.rabbit.annotation.RabbitBootstrapConfiguration$$EnhancerBySpringCGLIB$$88d84452] is not eligible for getting processed by all BeanPostProcessors (for example: not eligible for auto-proxying)
2018-09-27 01:27:52.045  INFO 36476 --- [main] trationDelegate$BeanPostProcessorChecker : Bean 'org.springframework.integration.config.IntegrationManagementConfiguration' of type [org.springframework.integration.config.IntegrationManagementConfiguration$$EnhancerBySpringCGLIB$$2d5e4153] is not eligible for getting processed by all BeanPostProcessors (for example: not eligible for auto-proxying)
2018-09-27 01:27:52.063  INFO 36476 --- [main] trationDelegate$BeanPostProcessorChecker : Bean 'org.springframework.cloud.autoconfigure.ConfigurationPropertiesRebinderAutoConfiguration' of type [org.springframework.cloud.autoconfigure.ConfigurationPropertiesRebinderAutoConfiguration$$EnhancerBySpringCGLIB$$de868921] is not eligible for getting processed by all BeanPostProcessors (for example: not eligible for auto-proxying)
2018-09-27 01:27:52.079  INFO 36476 --- [main] trationDelegate$BeanPostProcessorChecker : Bean 'org.springframework.integration.dsl.context.IntegrationFlowContext' of type [org.springframework.integration.dsl.context.IntegrationFlowContext] is not eligible for getting processed by all BeanPostProcessors (for example: not eligible for auto-proxying)
2018-09-27 01:27:52.423  INFO 36476 --- [main] o.s.b.w.embedded.tomcat.TomcatWebServer  : Tomcat initialized with port(s): 2222 (http)
2018-09-27 01:27:52.454  INFO 36476 --- [main] o.apache.catalina.core.StandardService   : Starting service [Tomcat]
2018-09-27 01:27:52.455  INFO 36476 --- [main] org.apache.catalina.core.StandardEngine  : Starting Servlet Engine: Apache Tomcat/8.5.31
2018-09-27 01:27:52.468  INFO 36476 --- [localhost-startStop-1] o.a.catalina.core.AprLifecycleListener   : The APR based Apache Tomcat Native library which allows optimal performance in production environments was not found on the java.library.path: [/Users/guytou/Library/Java/Extensions:/Library/Java/Extensions:/Network/Library/Java/Extensions:/System/Library/Java/Extensions:/usr/lib/java:.]
2018-09-27 01:27:52.551  INFO 36476 --- [localhost-startStop-1] o.a.c.c.C.[Tomcat].[localhost].[/]       : Initializing Spring embedded WebApplicationContext
2018-09-27 01:27:52.552  INFO 36476 --- [localhost-startStop-1] o.s.web.context.ContextLoader            : Root WebApplicationContext: initialization completed in 2624 ms
2018-09-27 01:27:52.862  WARN 36476 --- [localhost-startStop-1] c.n.c.sources.URLConfigurationSource     : No URLs will be polled as dynamic configuration sources.
2018-09-27 01:27:52.862  INFO 36476 --- [localhost-startStop-1] c.n.c.sources.URLConfigurationSource     : To enable URLs as dynamic configuration sources, define System property archaius.configurationSource.additionalUrls or make config.properties available on classpath.
2018-09-27 01:27:52.881  INFO 36476 --- [localhost-startStop-1] c.netflix.config.DynamicPropertyFactory  : DynamicPropertyFactory is initialized with configuration sources: com.netflix.config.ConcurrentCompositeConfiguration@3c65c062
2018-09-27 01:27:54.175  INFO 36476 --- [localhost-startStop-1] o.s.s.c.ThreadPoolTaskScheduler          : Initializing ExecutorService  'taskScheduler'
2018-09-27 01:27:54.556  INFO 36476 --- [localhost-startStop-1] o.s.b.w.servlet.ServletRegistrationBean  : Servlet dispatcherServlet mapped to [/]
2018-09-27 01:27:54.561  INFO 36476 --- [localhost-startStop-1] o.s.b.w.servlet.FilterRegistrationBean   : Mapping filter: 'characterEncodingFilter' to: [/*]
2018-09-27 01:27:54.561  INFO 36476 --- [localhost-startStop-1] o.s.b.w.servlet.FilterRegistrationBean   : Mapping filter: 'hiddenHttpMethodFilter' to: [/*]
2018-09-27 01:27:54.561  INFO 36476 --- [localhost-startStop-1] o.s.b.w.servlet.FilterRegistrationBean   : Mapping filter: 'httpPutFormContentFilter' to: [/*]
2018-09-27 01:27:54.561  INFO 36476 --- [localhost-startStop-1] o.s.b.w.servlet.FilterRegistrationBean   : Mapping filter: 'requestContextFilter' to: [/*]
2018-09-27 01:27:54.562  INFO 36476 --- [localhost-startStop-1] o.s.b.w.servlet.FilterRegistrationBean   : Mapping filter: 'httpTraceFilter' to: [/*]
2018-09-27 01:27:54.562  INFO 36476 --- [localhost-startStop-1] o.s.b.w.servlet.FilterRegistrationBean   : Mapping filter: 'webMvcMetricsFilter' to: [/*]
2018-09-27 01:27:54.794  WARN 36476 --- [main] c.n.c.sources.URLConfigurationSource     : No URLs will be polled as dynamic configuration sources.
2018-09-27 01:27:54.794  INFO 36476 --- [main] c.n.c.sources.URLConfigurationSource     : To enable URLs as dynamic configuration sources, define System property archaius.configurationSource.additionalUrls or make config.properties available on classpath.
2018-09-27 01:27:54.913  INFO 36476 --- [main] o.s.w.s.handler.SimpleUrlHandlerMapping  : Mapped URL path [/**/favicon.ico] onto handler of type [class org.springframework.web.servlet.resource.ResourceHttpRequestHandler]
2018-09-27 01:27:55.091  INFO 36476 --- [main] s.w.s.m.m.a.RequestMappingHandlerAdapter : Looking for @ControllerAdvice: org.springframework.boot.web.servlet.context.AnnotationConfigServletWebServerApplicationContext@23e028a9: startup date [Thu Sep 27 01:27:49 CEST 2018]; parent: org.springframework.context.annotation.AnnotationConfigApplicationContext@1134affc
2018-09-27 01:27:55.184  INFO 36476 --- [main] s.w.s.m.m.a.RequestMappingHandlerMapping : Mapped "{[/error]}" onto public org.springframework.http.ResponseEntity<java.util.Map<java.lang.String, java.lang.Object>> org.springframework.boot.autoconfigure.web.servlet.error.BasicErrorController.error(javax.servlet.http.HttpServletRequest)
2018-09-27 01:27:55.185  INFO 36476 --- [main] s.w.s.m.m.a.RequestMappingHandlerMapping : Mapped "{[/error],produces=[text/html]}" onto public org.springframework.web.servlet.ModelAndView org.springframework.boot.autoconfigure.web.servlet.error.BasicErrorController.errorHtml(javax.servlet.http.HttpServletRequest,javax.servlet.http.HttpServletResponse)
2018-09-27 01:27:55.221  INFO 36476 --- [main] o.s.w.s.handler.SimpleUrlHandlerMapping  : Mapped URL path [/webjars/**] onto handler of type [class org.springframework.web.servlet.resource.ResourceHttpRequestHandler]
2018-09-27 01:27:55.221  INFO 36476 --- [main] o.s.w.s.handler.SimpleUrlHandlerMapping  : Mapped URL path [/**] onto handler of type [class org.springframework.web.servlet.resource.ResourceHttpRequestHandler]
2018-09-27 01:27:55.836  INFO 36476 --- [main] o.s.ui.freemarker.SpringTemplateLoader   : SpringTemplateLoader for FreeMarker: using resource loader [org.springframework.boot.web.servlet.context.AnnotationConfigServletWebServerApplicationContext@23e028a9: startup date [Thu Sep 27 01:27:49 CEST 2018]; parent: org.springframework.context.annotation.AnnotationConfigApplicationContext@1134affc] and template loader path [classpath:/templates/]
2018-09-27 01:27:55.839  INFO 36476 --- [main] o.s.w.s.v.f.FreeMarkerConfigurer         : ClassTemplateLoader for Spring macros added to FreeMarker configuration
2018-09-27 01:27:56.320  INFO 36476 --- [main] o.s.b.a.e.web.EndpointLinksResolver      : Exposing 2 endpoint(s) beneath base path '/actuator'
2018-09-27 01:27:56.348  INFO 36476 --- [main] s.b.a.e.w.s.WebMvcEndpointHandlerMapping : Mapped "{[/actuator/health],methods=[GET],produces=[application/vnd.spring-boot.actuator.v2+json || application/json]}" onto public java.lang.Object org.springframework.boot.actuate.endpoint.web.servlet.AbstractWebMvcEndpointHandlerMapping$OperationHandler.handle(javax.servlet.http.HttpServletRequest,java.util.Map<java.lang.String, java.lang.String>)
2018-09-27 01:27:56.349  INFO 36476 --- [main] s.b.a.e.w.s.WebMvcEndpointHandlerMapping : Mapped "{[/actuator/info],methods=[GET],produces=[application/vnd.spring-boot.actuator.v2+json || application/json]}" onto public java.lang.Object org.springframework.boot.actuate.endpoint.web.servlet.AbstractWebMvcEndpointHandlerMapping$OperationHandler.handle(javax.servlet.http.HttpServletRequest,java.util.Map<java.lang.String, java.lang.String>)
2018-09-27 01:27:56.350  INFO 36476 --- [main] s.b.a.e.w.s.WebMvcEndpointHandlerMapping : Mapped "{[/actuator],methods=[GET],produces=[application/vnd.spring-boot.actuator.v2+json || application/json]}" onto protected java.util.Map<java.lang.String, java.util.Map<java.lang.String, org.springframework.boot.actuate.endpoint.web.Link>> org.springframework.boot.actuate.endpoint.web.servlet.WebMvcEndpointHandlerMapping.links(javax.servlet.http.HttpServletRequest,javax.servlet.http.HttpServletResponse)
2018-09-27 01:27:56.596  INFO 36476 --- [main] o.s.integration.channel.DirectChannel    : Channel 'application-1.input' has 1 subscriber(s).
2018-09-27 01:27:56.600  INFO 36476 --- [main] o.s.j.e.a.AnnotationMBeanExporter        : Registering beans for JMX exposure on startup
2018-09-27 01:27:56.610  INFO 36476 --- [main] o.s.j.e.a.AnnotationMBeanExporter        : Bean with name 'rabbitConnectionFactory' has been autodetected for JMX exposure
2018-09-27 01:27:56.612  INFO 36476 --- [main] o.s.j.e.a.AnnotationMBeanExporter        : Bean with name 'environmentManager' has been autodetected for JMX exposure
2018-09-27 01:27:56.613  INFO 36476 --- [main] o.s.j.e.a.AnnotationMBeanExporter        : Bean with name 'integrationMbeanExporter' has been autodetected for JMX exposure
2018-09-27 01:27:56.614  INFO 36476 --- [main] o.s.j.e.a.AnnotationMBeanExporter        : Bean with name 'refreshScope' has been autodetected for JMX exposure
2018-09-27 01:27:56.615  INFO 36476 --- [main] o.s.j.e.a.AnnotationMBeanExporter        : Bean with name 'configurationPropertiesRebinder' has been autodetected for JMX exposure
2018-09-27 01:27:56.620  INFO 36476 --- [main] o.s.j.e.a.AnnotationMBeanExporter        : Located managed bean 'environmentManager': registering with JMX server as MBean [org.springframework.cloud.context.environment:name=environmentManager,type=EnvironmentManager]
2018-09-27 01:27:56.636  INFO 36476 --- [main] o.s.j.e.a.AnnotationMBeanExporter        : Located managed bean 'refreshScope': registering with JMX server as MBean [org.springframework.cloud.context.scope.refresh:name=refreshScope,type=RefreshScope]
2018-09-27 01:27:56.655  INFO 36476 --- [main] o.s.j.e.a.AnnotationMBeanExporter        : Located managed bean 'integrationMbeanExporter': registering with JMX server as MBean [org.springframework.integration.monitor:name=integrationMbeanExporter,type=IntegrationMBeanExporter]
2018-09-27 01:27:56.712  INFO 36476 --- [main] o.s.j.e.a.AnnotationMBeanExporter        : Located managed bean 'configurationPropertiesRebinder': registering with JMX server as MBean [org.springframework.cloud.context.properties:name=configurationPropertiesRebinder,context=23e028a9,type=ConfigurationPropertiesRebinder]
2018-09-27 01:27:56.724  INFO 36476 --- [main] o.s.j.e.a.AnnotationMBeanExporter        : Located managed bean 'rabbitConnectionFactory': registering with JMX server as MBean [org.springframework.amqp.rabbit.connection:name=rabbitConnectionFactory,type=CachingConnectionFactory]
2018-09-27 01:27:56.754  INFO 36476 --- [main] o.s.i.monitor.IntegrationMBeanExporter   : Registering beans for JMX exposure on startup
2018-09-27 01:27:56.755  INFO 36476 --- [main] o.s.i.monitor.IntegrationMBeanExporter   : Registering MessageChannel nullChannel
2018-09-27 01:27:56.758  INFO 36476 --- [main] o.s.i.monitor.IntegrationMBeanExporter   : Located managed bean 'org.springframework.integration:type=MessageChannel,name=nullChannel': registering with JMX server as MBean [org.springframework.integration:type=MessageChannel,name=nullChannel]
2018-09-27 01:27:56.770  INFO 36476 --- [main] o.s.i.monitor.IntegrationMBeanExporter   : Registering MessageChannel input
2018-09-27 01:27:56.772  INFO 36476 --- [main] o.s.i.monitor.IntegrationMBeanExporter   : Located managed bean 'org.springframework.integration:type=MessageChannel,name=input': registering with JMX server as MBean [org.springframework.integration:type=MessageChannel,name=input]
2018-09-27 01:27:56.820  INFO 36476 --- [main] o.s.i.monitor.IntegrationMBeanExporter   : Registering MessageChannel errorChannel
2018-09-27 01:27:56.822  INFO 36476 --- [main] o.s.i.monitor.IntegrationMBeanExporter   : Located managed bean 'org.springframework.integration:type=MessageChannel,name=errorChannel': registering with JMX server as MBean [org.springframework.integration:type=MessageChannel,name=errorChannel]
2018-09-27 01:27:56.852  INFO 36476 --- [main] o.s.i.monitor.IntegrationMBeanExporter   : Registering MessageHandler org.springframework.cloud.stream.binding.StreamListenerMessageHandler@65a15628
2018-09-27 01:27:56.854  INFO 36476 --- [main] o.s.i.monitor.IntegrationMBeanExporter   : Located managed bean 'org.springframework.integration:type=MessageHandler,name=org.springframework.cloud.stream.binding.StreamListenerMessageHandler@65a15628,bean=handler': registering with JMX server as MBean [org.springframework.integration:type=MessageHandler,name=org.springframework.cloud.stream.binding.StreamListenerMessageHandler@65a15628,bean=handler]
2018-09-27 01:27:56.877  INFO 36476 --- [main] o.s.i.monitor.IntegrationMBeanExporter   : Registering MessageHandler errorLogger
2018-09-27 01:27:56.880  INFO 36476 --- [main] o.s.i.monitor.IntegrationMBeanExporter   : Located managed bean 'org.springframework.integration:type=MessageHandler,name=errorLogger,bean=internal': registering with JMX server as MBean [org.springframework.integration:type=MessageHandler,name=errorLogger,bean=internal]
2018-09-27 01:27:56.897  INFO 36476 --- [main] o.s.c.support.DefaultLifecycleProcessor  : Starting beans in phase -2147482648
2018-09-27 01:27:56.897  INFO 36476 --- [main] o.s.c.support.DefaultLifecycleProcessor  : Starting beans in phase 0
2018-09-27 01:27:56.920  INFO 36476 --- [main] o.s.c.n.eureka.InstanceInfoFactory       : Setting initial instance status as: STARTING
2018-09-27 01:27:57.029  INFO 36476 --- [main] com.netflix.discovery.DiscoveryClient    : Initializing Eureka in region us-east-1
2018-09-27 01:27:57.552  INFO 36476 --- [main] c.n.d.provider.DiscoveryJerseyProvider   : Using JSON encoding codec LegacyJacksonJson
2018-09-27 01:27:57.553  INFO 36476 --- [main] c.n.d.provider.DiscoveryJerseyProvider   : Using JSON decoding codec LegacyJacksonJson
2018-09-27 01:27:57.943  INFO 36476 --- [main] c.n.d.provider.DiscoveryJerseyProvider   : Using XML encoding codec XStreamXml
2018-09-27 01:27:57.945  INFO 36476 --- [main] c.n.d.provider.DiscoveryJerseyProvider   : Using XML decoding codec XStreamXml
2018-09-27 01:27:58.388  INFO 36476 --- [main] c.n.d.s.r.aws.ConfigClusterResolver      : Resolving eureka endpoints via configuration
2018-09-27 01:27:58.443  INFO 36476 --- [main] com.netflix.discovery.DiscoveryClient    : Disable delta property : false
2018-09-27 01:27:58.443  INFO 36476 --- [main] com.netflix.discovery.DiscoveryClient    : Single vip registry refresh property : null
2018-09-27 01:27:58.443  INFO 36476 --- [main] com.netflix.discovery.DiscoveryClient    : Force full registry fetch : false
2018-09-27 01:27:58.443  INFO 36476 --- [main] com.netflix.discovery.DiscoveryClient    : Application is null : false
2018-09-27 01:27:58.444  INFO 36476 --- [main] com.netflix.discovery.DiscoveryClient    : Registered Applications size is zero : true
2018-09-27 01:27:58.444  INFO 36476 --- [main] com.netflix.discovery.DiscoveryClient    : Application version is -1: true
2018-09-27 01:27:58.444  INFO 36476 --- [main] com.netflix.discovery.DiscoveryClient    : Getting all instance registry info from the eureka server
2018-09-27 01:27:59.013  INFO 36476 --- [main] com.netflix.discovery.DiscoveryClient    : The response status is 200
2018-09-27 01:27:59.016  INFO 36476 --- [main] com.netflix.discovery.DiscoveryClient    : Starting heartbeat executor: renew interval is: 30
2018-09-27 01:27:59.020  INFO 36476 --- [main] c.n.discovery.InstanceInfoReplicator     : InstanceInfoReplicator onDemand update allowed rate per min is 4
2018-09-27 01:27:59.025  INFO 36476 --- [main] com.netflix.discovery.DiscoveryClient    : Discovery Client initialized at timestamp 1538004479023 with initial instances count: 0
2018-09-27 01:27:59.035  INFO 36476 --- [main] o.s.c.n.e.s.EurekaServiceRegistry        : Registering application itex-publisher with eureka with status UP
2018-09-27 01:27:59.037  INFO 36476 --- [main] com.netflix.discovery.DiscoveryClient    : Saw local status change event StatusChangeEvent [timestamp=1538004479037, current=UP, previous=STARTING]
2018-09-27 01:27:59.039  INFO 36476 --- [DiscoveryClient-InstanceInfoReplicator-0] com.netflix.discovery.DiscoveryClient    : DiscoveryClient_ITEX-PUBLISHER/gmbp.home:itex-publisher:2222: registering service...
2018-09-27 01:27:59.043  INFO 36476 --- [main] o.s.i.endpoint.EventDrivenConsumer       : Adding {logging-channel-adapter:_org.springframework.integration.errorLogger} as a subscriber to the 'errorChannel' channel
2018-09-27 01:27:59.044  INFO 36476 --- [main] o.s.i.channel.PublishSubscribeChannel    : Channel 'application-1.errorChannel' has 1 subscriber(s).
2018-09-27 01:27:59.044  INFO 36476 --- [main] o.s.i.endpoint.EventDrivenConsumer       : started _org.springframework.integration.errorLogger
2018-09-27 01:27:59.044  INFO 36476 --- [main] o.s.c.support.DefaultLifecycleProcessor  : Starting beans in phase 2147482647
2018-09-27 01:27:59.140  INFO 36476 --- [DiscoveryClient-InstanceInfoReplicator-0] com.netflix.discovery.DiscoveryClient    : DiscoveryClient_ITEX-PUBLISHER/gmbp.home:itex-publisher:2222 - registration status: 204
2018-09-27 01:27:59.143  INFO 36476 --- [DiscoveryClient-InstanceInfoReplicator-0] o.s.a.r.c.CachingConnectionFactory       : Attempting to connect to: [localhost:5672]
2018-09-27 01:27:59.165  INFO 36476 --- [main] s.c.a.AnnotationConfigApplicationContext : Refreshing org.springframework.context.annotation.AnnotationConfigApplicationContext@69637b10: startup date [Thu Sep 27 01:27:59 CEST 2018]; parent: org.springframework.boot.web.servlet.context.AnnotationConfigServletWebServerApplicationContext@23e028a9
2018-09-27 01:27:59.240  INFO 36476 --- [main] f.a.AutowiredAnnotationBeanPostProcessor : JSR-330 'javax.inject.Inject' annotation found and supported for autowiring
2018-09-27 01:27:59.247  INFO 36476 --- [DiscoveryClient-InstanceInfoReplicator-0] o.s.a.r.c.CachingConnectionFactory       : Created new connection: rabbitConnectionFactory#28f1802c:0/SimpleConnection@7e1351b4 [delegate=amqp://guest@127.0.0.1:5672/, localPort= 56030]
2018-09-27 01:27:59.345  INFO 36476 --- [main] o.s.c.support.GenericApplicationContext  : Refreshing org.springframework.context.support.GenericApplicationContext@482d776b: startup date [Thu Sep 27 01:27:59 CEST 2018]; root of context hierarchy
2018-09-27 01:27:59.673  INFO 36476 --- [main] c.s.b.r.p.RabbitExchangeQueueProvisioner : declaring queue for inbound: itex.pusher, bound to: itex
2018-09-27 01:27:59.762  INFO 36476 --- [main] o.s.c.stream.binder.BinderErrorChannel   : Channel 'application-1.itex.pusher.errors' has 1 subscriber(s).
2018-09-27 01:27:59.773  INFO 36476 --- [main] o.s.c.stream.binder.BinderErrorChannel   : Channel 'application-1.itex.pusher.errors' has 2 subscriber(s).
2018-09-27 01:27:59.808  INFO 36476 --- [main] o.s.i.a.i.AmqpInboundChannelAdapter      : started inbound.itex.pusher
2018-09-27 01:27:59.810  INFO 36476 --- [main] o.s.c.support.DefaultLifecycleProcessor  : Starting beans in phase 2147483647
2018-09-27 01:27:59.843  INFO 36476 --- [itex.pusher-1] i.p.m.i.p.ItexPublisher$TestConsumer     : Data received...bar
2018-09-27 01:27:59.886  INFO 36476 --- [main] o.s.b.w.embedded.tomcat.TomcatWebServer  : Tomcat started on port(s): 2222 (http) with context path ''
2018-09-27 01:27:59.888  INFO 36476 --- [main] .s.c.n.e.s.EurekaAutoServiceRegistration : Updating port to 2222
2018-09-27 01:27:59.891  INFO 36476 --- [main] i.p.m.itex.publisher.ItexPublisher       : Started ItexPublisher in 12.04 seconds (JVM running for 12.741)
2018-09-27 01:28:00.816  INFO 36476 --- [itex.pusher-1] i.p.m.i.p.ItexPublisher$TestConsumer     : Data received...foo
2018-09-27 01:28:01.819  INFO 36476 --- [itex.pusher-1] i.p.m.i.p.ItexPublisher$TestConsumer     : Data received...bar
2018-09-27 01:28:02.821  INFO 36476 --- [itex.pusher-1] i.p.m.i.p.ItexPublisher$TestConsumer     : Data received...foo
2018-09-27 01:28:03.824  INFO 36476 --- [itex.pusher-1] i.p.m.i.p.ItexPublisher$TestConsumer     : Data received...bar
2018-09-27 01:28:04.823  INFO 36476 --- [itex.pusher-1] i.p.m.i.p.ItexPublisher$TestConsumer     : Data received...foo
2018-09-27 01:28:05.828  INFO 36476 --- [itex.pusher-1] i.p.m.i.p.ItexPublisher$TestConsumer     : Data received...bar
2018-09-27 01:28:06.832  INFO 36476 --- [itex.pusher-1] i.p.m.i.p.ItexPublisher$TestConsumer     : Data received...foo
2018-09-27 01:28:07.834  INFO 36476 --- [itex.pusher-1] i.p.m.i.p.ItexPublisher$TestConsumer     : Data received...bar
2018-09-27 01:28:08.841  INFO 36476 --- [itex.pusher-1] i.p.m.i.p.ItexPublisher$TestConsumer     : Data received...foo
2018-09-27 01:28:09.841  INFO 36476 --- [itex.pusher-1] i.p.m.i.p.ItexPublisher$TestConsumer     : Data received...bar
2018-09-27 01:28:10.842  INFO 36476 --- [itex.pusher-1] i.p.m.i.p.ItexPublisher$TestConsumer     : Data received...foo
2018-09-27 01:28:11.845  INFO 36476 --- [itex.pusher-1] i.p.m.i.p.ItexPublisher$TestConsumer     : Data received...bar
2018-09-27 01:28:12.850  INFO 36476 --- [itex.pusher-1] i.p.m.i.p.ItexPublisher$TestConsumer     : Data received...foo
2018-09-27 01:28:13.855  INFO 36476 --- [itex.pusher-1] i.p.m.i.p.ItexPublisher$TestConsumer     : Data received...bar
2018-09-27 01:28:14.859  INFO 36476 --- [itex.pusher-1] i.p.m.i.p.ItexPublisher$TestConsumer     : Data received...foo
2018-09-27 01:28:15.863  INFO 36476 --- [itex.pusher-1] i.p.m.i.p.ItexPublisher$TestConsumer     : Data received...bar
2018-09-27 01:28:16.862  INFO 36476 --- [itex.pusher-1] i.p.m.i.p.ItexPublisher$TestConsumer     : Data received...foo
2018-09-27 01:28:17.864  INFO 36476 --- [itex.pusher-1] i.p.m.i.p.ItexPublisher$TestConsumer     : Data received...bar
2018-09-27 01:28:18.869  INFO 36476 --- [itex.pusher-1] i.p.m.i.p.ItexPublisher$TestConsumer     : Data received...foo
2018-09-27 01:28:19.872  INFO 36476 --- [itex.pusher-1] i.p.m.i.p.ItexPublisher$TestConsumer     : Data received...bar
2018-09-27 01:28:20.876  INFO 36476 --- [itex.pusher-1] i.p.m.i.p.ItexPublisher$TestConsumer     : Data received...foo
2018-09-27 01:28:21.884  INFO 36476 --- [itex.pusher-1] i.p.m.i.p.ItexPublisher$TestConsumer     : Data received...bar
2018-09-27 01:28:22.887  INFO 36476 --- [itex.pusher-1] i.p.m.i.p.ItexPublisher$TestConsumer     : Data received...foo
2018-09-27 01:28:23.889  INFO 36476 --- [itex.pusher-1] i.p.m.i.p.ItexPublisher$TestConsumer     : Data received...bar
2018-09-27 01:28:24.891  INFO 36476 --- [itex.pusher-1] i.p.m.i.p.ItexPublisher$TestConsumer     : Data received...foo
2018-09-27 01:28:25.896  INFO 36476 --- [itex.pusher-1] i.p.m.i.p.ItexPublisher$TestConsumer     : Data received...bar
2018-09-27 01:28:26.898  INFO 36476 --- [itex.pusher-1] i.p.m.i.p.ItexPublisher$TestConsumer     : Data received...foo
2018-09-27 01:28:27.900  INFO 36476 --- [itex.pusher-1] i.p.m.i.p.ItexPublisher$TestConsumer     : Data received...bar
2018-09-27 01:28:28.905  INFO 36476 --- [itex.pusher-1] i.p.m.i.p.ItexPublisher$TestConsumer     : Data received...foo
2018-09-27 01:28:29.018  INFO 36476 --- [DiscoveryClient-CacheRefreshExecutor-0] com.netflix.discovery.DiscoveryClient    : Disable delta property : false
2018-09-27 01:28:29.019  INFO 36476 --- [DiscoveryClient-CacheRefreshExecutor-0] com.netflix.discovery.DiscoveryClient    : Single vip registry refresh property : null
2018-09-27 01:28:29.019  INFO 36476 --- [DiscoveryClient-CacheRefreshExecutor-0] com.netflix.discovery.DiscoveryClient    : Force full registry fetch : false
2018-09-27 01:28:29.019  INFO 36476 --- [DiscoveryClient-CacheRefreshExecutor-0] com.netflix.discovery.DiscoveryClient    : Application is null : false
2018-09-27 01:28:29.019  INFO 36476 --- [DiscoveryClient-CacheRefreshExecutor-0] com.netflix.discovery.DiscoveryClient    : Registered Applications size is zero : true
2018-09-27 01:28:29.019  INFO 36476 --- [DiscoveryClient-CacheRefreshExecutor-0] com.netflix.discovery.DiscoveryClient    : Application version is -1: false
2018-09-27 01:28:29.019  INFO 36476 --- [DiscoveryClient-CacheRefreshExecutor-0] com.netflix.discovery.DiscoveryClient    : Getting all instance registry info from the eureka server
2018-09-27 01:28:29.181  INFO 36476 --- [DiscoveryClient-CacheRefreshExecutor-0] com.netflix.discovery.DiscoveryClient    : The response status is 200
2018-09-27 01:28:29.910  INFO 36476 --- [itex.pusher-1] i.p.m.i.p.ItexPublisher$TestConsumer     : Data received...bar
2018-09-27 01:28:30.914  INFO 36476 --- [itex.pusher-1] i.p.m.i.p.ItexPublisher$TestConsumer     : Data received...foo
2018-09-27 01:28:31.915  INFO 36476 --- [itex.pusher-1] i.p.m.i.p.ItexPublisher$TestConsumer     : Data received...bar
2018-09-27 01:28:32.920  INFO 36476 --- [itex.pusher-1] i.p.m.i.p.ItexPublisher$TestConsumer     : Data received...foo
2018-09-27 01:28:33.922  INFO 36476 --- [itex.pusher-1] i.p.m.i.p.ItexPublisher$TestConsumer     : Data received...bar
2018-09-27 01:28:34.923  INFO 36476 --- [itex.pusher-1] i.p.m.i.p.ItexPublisher$TestConsumer     : Data received...foo
2018-09-27 01:28:35.924  INFO 36476 --- [itex.pusher-1] i.p.m.i.p.ItexPublisher$TestConsumer     : Data received...bar
2018-09-27 01:28:36.930  INFO 36476 --- [itex.pusher-1] i.p.m.i.p.ItexPublisher$TestConsumer     : Data received...foo
2018-09-27 01:28:37.935  INFO 36476 --- [itex.pusher-1] i.p.m.i.p.ItexPublisher$TestConsumer     : Data received...bar
2018-09-27 01:28:38.936  INFO 36476 --- [itex.pusher-1] i.p.m.i.p.ItexPublisher$TestConsumer     : Data received...foo
2018-09-27 01:28:39.942  INFO 36476 --- [itex.pusher-1] i.p.m.i.p.ItexPublisher$TestConsumer     : Data received...bar
2018-09-27 01:28:40.974  INFO 36476 --- [itex.pusher-1] i.p.m.i.p.ItexPublisher$TestConsumer     : Data received...foo
2018-09-27 01:28:42.063  INFO 36476 --- [itex.pusher-1] i.p.m.i.p.ItexPublisher$TestConsumer     : Data received...bar
2018-09-27 01:28:42.959  INFO 36476 --- [itex.pusher-1] i.p.m.i.p.ItexPublisher$TestConsumer     : Data received...foo
2018-09-27 01:28:43.960  INFO 36476 --- [itex.pusher-1] i.p.m.i.p.ItexPublisher$TestConsumer     : Data received...bar
2018-09-27 01:28:44.964  INFO 36476 --- [itex.pusher-1] i.p.m.i.p.ItexPublisher$TestConsumer     : Data received...foo
2018-09-27 01:28:45.969  INFO 36476 --- [itex.pusher-1] i.p.m.i.p.ItexPublisher$TestConsumer     : Data received...bar
2018-09-27 01:28:46.973  INFO 36476 --- [itex.pusher-1] i.p.m.i.p.ItexPublisher$TestConsumer     : Data received...foo
2018-09-27 01:28:47.974  INFO 36476 --- [itex.pusher-1] i.p.m.i.p.ItexPublisher$TestConsumer     : Data received...bar
2018-09-27 01:28:48.975  INFO 36476 --- [itex.pusher-1] i.p.m.i.p.ItexPublisher$TestConsumer     : Data received...foo
2018-09-27 01:28:49.976  INFO 36476 --- [itex.pusher-1] i.p.m.i.p.ItexPublisher$TestConsumer     : Data received...bar
2018-09-27 01:28:50.980  INFO 36476 --- [itex.pusher-1] i.p.m.i.p.ItexPublisher$TestConsumer     : Data received...foo
2018-09-27 01:28:51.987  INFO 36476 --- [itex.pusher-1] i.p.m.i.p.ItexPublisher$TestConsumer     : Data received...bar
2018-09-27 01:28:52.991  INFO 36476 --- [itex.pusher-1] i.p.m.i.p.ItexPublisher$TestConsumer     : Data received...foo
2018-09-27 01:28:53.991  INFO 36476 --- [itex.pusher-1] i.p.m.i.p.ItexPublisher$TestConsumer     : Data received...bar
2018-09-27 01:28:54.996  INFO 36476 --- [itex.pusher-1] i.p.m.i.p.ItexPublisher$TestConsumer     : Data received...foo
2018-09-27 01:28:56.000  INFO 36476 --- [itex.pusher-1] i.p.m.i.p.ItexPublisher$TestConsumer     : Data received...bar
2018-09-27 01:28:57.000  INFO 36476 --- [itex.pusher-1] i.p.m.i.p.ItexPublisher$TestConsumer     : Data received...foo
2018-09-27 01:28:58.003  INFO 36476 --- [itex.pusher-1] i.p.m.i.p.ItexPublisher$TestConsumer     : Data received...bar
2018-09-27 01:28:59.008  INFO 36476 --- [itex.pusher-1] i.p.m.i.p.ItexPublisher$TestConsumer     : Data received...foo
2018-09-27 01:29:00.009  INFO 36476 --- [itex.pusher-1] i.p.m.i.p.ItexPublisher$TestConsumer     : Data received...bar
2018-09-27 01:29:01.014  INFO 36476 --- [itex.pusher-1] i.p.m.i.p.ItexPublisher$TestConsumer     : Data received...foo
2018-09-27 01:29:02.016  INFO 36476 --- [itex.pusher-1] i.p.m.i.p.ItexPublisher$TestConsumer     : Data received...bar
2018-09-27 01:29:03.018  INFO 36476 --- [itex.pusher-1] i.p.m.i.p.ItexPublisher$TestConsumer     : Data received...foo
2018-09-27 01:29:04.021  INFO 36476 --- [itex.pusher-1] i.p.m.i.p.ItexPublisher$TestConsumer     : Data received...bar
2018-09-27 01:29:05.026  INFO 36476 --- [itex.pusher-1] i.p.m.i.p.ItexPublisher$TestConsumer     : Data received...foo
2018-09-27 01:29:06.028  INFO 36476 --- [itex.pusher-1] i.p.m.i.p.ItexPublisher$TestConsumer     : Data received...bar
2018-09-27 01:29:07.034  INFO 36476 --- [itex.pusher-1] i.p.m.i.p.ItexPublisher$TestConsumer     : Data received...foo
2018-09-27 01:29:08.038  INFO 36476 --- [itex.pusher-1] i.p.m.i.p.ItexPublisher$TestConsumer     : Data received...bar
2018-09-27 01:29:09.042  INFO 36476 --- [itex.pusher-1] i.p.m.i.p.ItexPublisher$TestConsumer     : Data received...foo
2018-09-27 01:29:10.043  INFO 36476 --- [itex.pusher-1] i.p.m.i.p.ItexPublisher$TestConsumer     : Data received...bar
2018-09-27 01:29:11.047  INFO 36476 --- [itex.pusher-1] i.p.m.i.p.ItexPublisher$TestConsumer     : Data received...foo
2018-09-27 01:29:12.052  INFO 36476 --- [itex.pusher-1] i.p.m.i.p.ItexPublisher$TestConsumer     : Data received...bar
2018-09-27 01:29:13.054  INFO 36476 --- [itex.pusher-1] i.p.m.i.p.ItexPublisher$TestConsumer     : Data received...foo
2018-09-27 01:29:14.057  INFO 36476 --- [itex.pusher-1] i.p.m.i.p.ItexPublisher$TestConsumer     : Data received...bar
2018-09-27 01:29:15.063  INFO 36476 --- [itex.pusher-1] i.p.m.i.p.ItexPublisher$TestConsumer     : Data received...foo
2018-09-27 01:29:16.067  INFO 36476 --- [itex.pusher-1] i.p.m.i.p.ItexPublisher$TestConsumer     : Data received...bar
2018-09-27 01:29:17.071  INFO 36476 --- [itex.pusher-1] i.p.m.i.p.ItexPublisher$TestConsumer     : Data received...foo
2018-09-27 01:29:18.076  INFO 36476 --- [itex.pusher-1] i.p.m.i.p.ItexPublisher$TestConsumer     : Data received...bar
2018-09-27 01:29:19.079  INFO 36476 --- [itex.pusher-1] i.p.m.i.p.ItexPublisher$TestConsumer     : Data received...foo
2018-09-27 01:29:20.085  INFO 36476 --- [itex.pusher-1] i.p.m.i.p.ItexPublisher$TestConsumer     : Data received...bar
2018-09-27 01:29:21.086  INFO 36476 --- [itex.pusher-1] i.p.m.i.p.ItexPublisher$TestConsumer     : Data received...foo
2018-09-27 01:29:22.090  INFO 36476 --- [itex.pusher-1] i.p.m.i.p.ItexPublisher$TestConsumer     : Data received...bar
2018-09-27 01:29:23.094  INFO 36476 --- [itex.pusher-1] i.p.m.i.p.ItexPublisher$TestConsumer     : Data received...foo
2018-09-27 01:29:24.096  INFO 36476 --- [itex.pusher-1] i.p.m.i.p.ItexPublisher$TestConsumer     : Data received...bar
2018-09-27 01:29:25.096  INFO 36476 --- [itex.pusher-1] i.p.m.i.p.ItexPublisher$TestConsumer     : Data received...foo
2018-09-27 01:29:26.102  INFO 36476 --- [itex.pusher-1] i.p.m.i.p.ItexPublisher$TestConsumer     : Data received...bar
2018-09-27 01:29:27.104  INFO 36476 --- [itex.pusher-1] i.p.m.i.p.ItexPublisher$TestConsumer     : Data received...foo
2018-09-27 01:29:28.108  INFO 36476 --- [itex.pusher-1] i.p.m.i.p.ItexPublisher$TestConsumer     : Data received...bar
2018-09-27 01:29:29.112  INFO 36476 --- [itex.pusher-1] i.p.m.i.p.ItexPublisher$TestConsumer     : Data received...foo
2018-09-27 01:29:30.118  INFO 36476 --- [itex.pusher-1] i.p.m.i.p.ItexPublisher$TestConsumer     : Data received...bar
2018-09-27 01:29:31.124  INFO 36476 --- [itex.pusher-1] i.p.m.i.p.ItexPublisher$TestConsumer     : Data received...foo
2018-09-27 01:29:32.129  INFO 36476 --- [itex.pusher-1] i.p.m.i.p.ItexPublisher$TestConsumer     : Data received...bar
2018-09-27 01:29:33.132  INFO 36476 --- [itex.pusher-1] i.p.m.i.p.ItexPublisher$TestConsumer     : Data received...foo
2018-09-27 01:29:34.137  INFO 36476 --- [itex.pusher-1] i.p.m.i.p.ItexPublisher$TestConsumer     : Data received...bar
2018-09-27 01:29:35.138  INFO 36476 --- [itex.pusher-1] i.p.m.i.p.ItexPublisher$TestConsumer     : Data received...foo
2018-09-27 01:29:36.140  INFO 36476 --- [itex.pusher-1] i.p.m.i.p.ItexPublisher$TestConsumer     : Data received...bar
2018-09-27 01:29:37.143  INFO 36476 --- [itex.pusher-1] i.p.m.i.p.ItexPublisher$TestConsumer     : Data received...foo
2018-09-27 01:29:38.152  INFO 36476 --- [itex.pusher-1] i.p.m.i.p.ItexPublisher$TestConsumer     : Data received...bar
2018-09-27 01:29:39.156  INFO 36476 --- [itex.pusher-1] i.p.m.i.p.ItexPublisher$TestConsumer     : Data received...foo
2018-09-27 01:29:40.160  INFO 36476 --- [itex.pusher-1] i.p.m.i.p.ItexPublisher$TestConsumer     : Data received...bar
2018-09-27 01:29:41.164  INFO 36476 --- [itex.pusher-1] i.p.m.i.p.ItexPublisher$TestConsumer     : Data received...foo
2018-09-27 01:29:42.169  INFO 36476 --- [itex.pusher-1] i.p.m.i.p.ItexPublisher$TestConsumer     : Data received...bar
2018-09-27 01:29:43.171  INFO 36476 --- [itex.pusher-1] i.p.m.i.p.ItexPublisher$TestConsumer     : Data received...foo
2018-09-27 01:29:44.175  INFO 36476 --- [itex.pusher-1] i.p.m.i.p.ItexPublisher$TestConsumer     : Data received...bar
2018-09-27 01:29:45.182  INFO 36476 --- [itex.pusher-1] i.p.m.i.p.ItexPublisher$TestConsumer     : Data received...foo
2018-09-27 01:29:46.185  INFO 36476 --- [itex.pusher-1] i.p.m.i.p.ItexPublisher$TestConsumer     : Data received...bar
2018-09-27 01:29:47.187  INFO 36476 --- [itex.pusher-1] i.p.m.i.p.ItexPublisher$TestConsumer     : Data received...foo
2018-09-27 01:29:48.189  INFO 36476 --- [itex.pusher-1] i.p.m.i.p.ItexPublisher$TestConsumer     : Data received...bar
2018-09-27 01:29:49.190  INFO 36476 --- [itex.pusher-1] i.p.m.i.p.ItexPublisher$TestConsumer     : Data received...foo
2018-09-27 01:29:50.194  INFO 36476 --- [itex.pusher-1] i.p.m.i.p.ItexPublisher$TestConsumer     : Data received...bar
2018-09-27 01:29:51.198  INFO 36476 --- [itex.pusher-1] i.p.m.i.p.ItexPublisher$TestConsumer     : Data received...foo
2018-09-27 01:29:52.201  INFO 36476 --- [itex.pusher-1] i.p.m.i.p.ItexPublisher$TestConsumer     : Data received...bar
2018-09-27 01:29:53.203  INFO 36476 --- [itex.pusher-1] i.p.m.i.p.ItexPublisher$TestConsumer     : Data received...foo
2018-09-27 01:29:54.203  INFO 36476 --- [itex.pusher-1] i.p.m.i.p.ItexPublisher$TestConsumer     : Data received...bar
2018-09-27 01:29:55.204  INFO 36476 --- [itex.pusher-1] i.p.m.i.p.ItexPublisher$TestConsumer     : Data received...foo
2018-09-27 01:29:56.204  INFO 36476 --- [itex.pusher-1] i.p.m.i.p.ItexPublisher$TestConsumer     : Data received...bar
2018-09-27 01:29:57.205  INFO 36476 --- [itex.pusher-1] i.p.m.i.p.ItexPublisher$TestConsumer     : Data received...foo
2018-09-27 01:29:58.209  INFO 36476 --- [itex.pusher-1] i.p.m.i.p.ItexPublisher$TestConsumer     : Data received...bar
2018-09-27 01:29:59.212  INFO 36476 --- [itex.pusher-1] i.p.m.i.p.ItexPublisher$TestConsumer     : Data received...foo
2018-09-27 01:30:00.218  INFO 36476 --- [itex.pusher-1] i.p.m.i.p.ItexPublisher$TestConsumer     : Data received...bar
2018-09-27 01:30:01.222  INFO 36476 --- [itex.pusher-1] i.p.m.i.p.ItexPublisher$TestConsumer     : Data received...foo
2018-09-27 01:30:02.227  INFO 36476 --- [itex.pusher-1] i.p.m.i.p.ItexPublisher$TestConsumer     : Data received...bar
2018-09-27 01:30:03.229  INFO 36476 --- [itex.pusher-1] i.p.m.i.p.ItexPublisher$TestConsumer     : Data received...foo
2018-09-27 01:30:04.232  INFO 36476 --- [itex.pusher-1] i.p.m.i.p.ItexPublisher$TestConsumer     : Data received...bar
2018-09-27 01:30:05.234  INFO 36476 --- [itex.pusher-1] i.p.m.i.p.ItexPublisher$TestConsumer     : Data received...foo
2018-09-27 01:30:06.240  INFO 36476 --- [itex.pusher-1] i.p.m.i.p.ItexPublisher$TestConsumer     : Data received...bar
2018-09-27 01:30:07.243  INFO 36476 --- [itex.pusher-1] i.p.m.i.p.ItexPublisher$TestConsumer     : Data received...foo
2018-09-27 01:30:08.244  INFO 36476 --- [itex.pusher-1] i.p.m.i.p.ItexPublisher$TestConsumer     : Data received...bar
2018-09-27 01:30:09.250  INFO 36476 --- [itex.pusher-1] i.p.m.i.p.ItexPublisher$TestConsumer     : Data received...foo
2018-09-27 01:30:10.256  INFO 36476 --- [itex.pusher-1] i.p.m.i.p.ItexPublisher$TestConsumer     : Data received...bar
2018-09-27 01:30:11.256  INFO 36476 --- [itex.pusher-1] i.p.m.i.p.ItexPublisher$TestConsumer     : Data received...foo
2018-09-27 01:30:12.262  INFO 36476 --- [itex.pusher-1] i.p.m.i.p.ItexPublisher$TestConsumer     : Data received...bar
2018-09-27 01:30:13.268  INFO 36476 --- [itex.pusher-1] i.p.m.i.p.ItexPublisher$TestConsumer     : Data received...foo
2018-09-27 01:30:14.272  INFO 36476 --- [itex.pusher-1] i.p.m.i.p.ItexPublisher$TestConsumer     : Data received...bar
2018-09-27 01:30:15.276  INFO 36476 --- [itex.pusher-1] i.p.m.i.p.ItexPublisher$TestConsumer     : Data received...foo
2018-09-27 01:30:16.279  INFO 36476 --- [itex.pusher-1] i.p.m.i.p.ItexPublisher$TestConsumer     : Data received...bar
2018-09-27 01:30:17.287  INFO 36476 --- [itex.pusher-1] i.p.m.i.p.ItexPublisher$TestConsumer     : Data received...foo
2018-09-27 01:30:18.291  INFO 36476 --- [itex.pusher-1] i.p.m.i.p.ItexPublisher$TestConsumer     : Data received...bar
2018-09-27 01:30:19.295  INFO 36476 --- [itex.pusher-1] i.p.m.i.p.ItexPublisher$TestConsumer     : Data received...foo
2018-09-27 01:30:20.298  INFO 36476 --- [itex.pusher-1] i.p.m.i.p.ItexPublisher$TestConsumer     : Data received...bar
2018-09-27 01:30:21.304  INFO 36476 --- [itex.pusher-1] i.p.m.i.p.ItexPublisher$TestConsumer     : Data received...foo
2018-09-27 01:30:22.308  INFO 36476 --- [itex.pusher-1] i.p.m.i.p.ItexPublisher$TestConsumer     : Data received...bar
2018-09-27 01:30:23.310  INFO 36476 --- [itex.pusher-1] i.p.m.i.p.ItexPublisher$TestConsumer     : Data received...foo
2018-09-27 01:30:24.314  INFO 36476 --- [itex.pusher-1] i.p.m.i.p.ItexPublisher$TestConsumer     : Data received...bar
2018-09-27 01:30:25.317  INFO 36476 --- [itex.pusher-1] i.p.m.i.p.ItexPublisher$TestConsumer     : Data received...foo
2018-09-27 01:30:26.320  INFO 36476 --- [itex.pusher-1] i.p.m.i.p.ItexPublisher$TestConsumer     : Data received...bar
2018-09-27 01:30:27.325  INFO 36476 --- [itex.pusher-1] i.p.m.i.p.ItexPublisher$TestConsumer     : Data received...foo
2018-09-27 01:30:28.329  INFO 36476 --- [itex.pusher-1] i.p.m.i.p.ItexPublisher$TestConsumer     : Data received...bar
2018-09-27 01:30:29.334  INFO 36476 --- [itex.pusher-1] i.p.m.i.p.ItexPublisher$TestConsumer     : Data received...foo
2018-09-27 01:30:30.338  INFO 36476 --- [itex.pusher-1] i.p.m.i.p.ItexPublisher$TestConsumer     : Data received...bar
2018-09-27 01:30:31.341  INFO 36476 --- [itex.pusher-1] i.p.m.i.p.ItexPublisher$TestConsumer     : Data received...foo
2018-09-27 01:30:32.345  INFO 36476 --- [itex.pusher-1] i.p.m.i.p.ItexPublisher$TestConsumer     : Data received...bar
2018-09-27 01:30:33.349  INFO 36476 --- [itex.pusher-1] i.p.m.i.p.ItexPublisher$TestConsumer     : Data received...foo
2018-09-27 01:30:34.352  INFO 36476 --- [itex.pusher-1] i.p.m.i.p.ItexPublisher$TestConsumer     : Data received...bar
2018-09-27 01:30:35.355  INFO 36476 --- [itex.pusher-1] i.p.m.i.p.ItexPublisher$TestConsumer     : Data received...foo
2018-09-27 01:30:36.359  INFO 36476 --- [itex.pusher-1] i.p.m.i.p.ItexPublisher$TestConsumer     : Data received...bar
2018-09-27 01:30:37.361  INFO 36476 --- [itex.pusher-1] i.p.m.i.p.ItexPublisher$TestConsumer     : Data received...foo
2018-09-27 01:30:38.366  INFO 36476 --- [itex.pusher-1] i.p.m.i.p.ItexPublisher$TestConsumer     : Data received...bar
2018-09-27 01:30:39.368  INFO 36476 --- [itex.pusher-1] i.p.m.i.p.ItexPublisher$TestConsumer     : Data received...foo
2018-09-27 01:30:40.370  INFO 36476 --- [itex.pusher-1] i.p.m.i.p.ItexPublisher$TestConsumer     : Data received...bar
2018-09-27 01:30:41.373  INFO 36476 --- [itex.pusher-1] i.p.m.i.p.ItexPublisher$TestConsumer     : Data received...foo
2018-09-27 01:30:42.376  INFO 36476 --- [itex.pusher-1] i.p.m.i.p.ItexPublisher$TestConsumer     : Data received...bar
2018-09-27 01:30:43.379  INFO 36476 --- [itex.pusher-1] i.p.m.i.p.ItexPublisher$TestConsumer     : Data received...foo
2018-09-27 01:30:44.385  INFO 36476 --- [itex.pusher-1] i.p.m.i.p.ItexPublisher$TestConsumer     : Data received...bar
2018-09-27 01:30:45.390  INFO 36476 --- [itex.pusher-1] i.p.m.i.p.ItexPublisher$TestConsumer     : Data received...foo
2018-09-27 01:30:46.392  INFO 36476 --- [itex.pusher-1] i.p.m.i.p.ItexPublisher$TestConsumer     : Data received...bar
2018-09-27 01:30:47.394  INFO 36476 --- [itex.pusher-1] i.p.m.i.p.ItexPublisher$TestConsumer     : Data received...foo
2018-09-27 01:30:48.398  INFO 36476 --- [itex.pusher-1] i.p.m.i.p.ItexPublisher$TestConsumer     : Data received...bar
2018-09-27 01:30:49.399  INFO 36476 --- [itex.pusher-1] i.p.m.i.p.ItexPublisher$TestConsumer     : Data received...foo
2018-09-27 01:30:50.402  INFO 36476 --- [itex.pusher-1] i.p.m.i.p.ItexPublisher$TestConsumer     : Data received...bar
2018-09-27 01:30:51.405  INFO 36476 --- [itex.pusher-1] i.p.m.i.p.ItexPublisher$TestConsumer     : Data received...foo
2018-09-27 01:30:52.410  INFO 36476 --- [itex.pusher-1] i.p.m.i.p.ItexPublisher$TestConsumer     : Data received...bar
2018-09-27 01:30:53.418  INFO 36476 --- [itex.pusher-1] i.p.m.i.p.ItexPublisher$TestConsumer     : Data received...foo
2018-09-27 01:30:54.421  INFO 36476 --- [itex.pusher-1] i.p.m.i.p.ItexPublisher$TestConsumer     : Data received...bar
2018-09-27 01:30:55.423  INFO 36476 --- [itex.pusher-1] i.p.m.i.p.ItexPublisher$TestConsumer     : Data received...foo
2018-09-27 01:30:56.427  INFO 36476 --- [itex.pusher-1] i.p.m.i.p.ItexPublisher$TestConsumer     : Data received...bar
2018-09-27 01:30:57.431  INFO 36476 --- [itex.pusher-1] i.p.m.i.p.ItexPublisher$TestConsumer     : Data received...foo
2018-09-27 01:30:58.435  INFO 36476 --- [itex.pusher-1] i.p.m.i.p.ItexPublisher$TestConsumer     : Data received...bar
2018-09-27 01:30:59.440  INFO 36476 --- [itex.pusher-1] i.p.m.i.p.ItexPublisher$TestConsumer     : Data received...foo
2018-09-27 01:31:00.443  INFO 36476 --- [itex.pusher-1] i.p.m.i.p.ItexPublisher$TestConsumer     : Data received...bar
2018-09-27 01:31:01.446  INFO 36476 --- [itex.pusher-1] i.p.m.i.p.ItexPublisher$TestConsumer     : Data received...foo
2018-09-27 01:31:02.452  INFO 36476 --- [itex.pusher-1] i.p.m.i.p.ItexPublisher$TestConsumer     : Data received...bar
2018-09-27 01:31:03.455  INFO 36476 --- [itex.pusher-1] i.p.m.i.p.ItexPublisher$TestConsumer     : Data received...foo
2018-09-27 01:31:04.461  INFO 36476 --- [itex.pusher-1] i.p.m.i.p.ItexPublisher$TestConsumer     : Data received...bar
2018-09-27 01:31:05.465  INFO 36476 --- [itex.pusher-1] i.p.m.i.p.ItexPublisher$TestConsumer     : Data received...foo
2018-09-27 01:31:06.470  INFO 36476 --- [itex.pusher-1] i.p.m.i.p.ItexPublisher$TestConsumer     : Data received...bar
2018-09-27 01:31:07.473  INFO 36476 --- [itex.pusher-1] i.p.m.i.p.ItexPublisher$TestConsumer     : Data received...foo
2018-09-27 01:31:08.496  INFO 36476 --- [itex.pusher-1] i.p.m.i.p.ItexPublisher$TestConsumer     : Data received...bar
2018-09-27 01:31:09.492  INFO 36476 --- [itex.pusher-1] i.p.m.i.p.ItexPublisher$TestConsumer     : Data received...foo
2018-09-27 01:31:10.495  INFO 36476 --- [itex.pusher-1] i.p.m.i.p.ItexPublisher$TestConsumer     : Data received...bar
2018-09-27 01:31:11.495  INFO 36476 --- [itex.pusher-1] i.p.m.i.p.ItexPublisher$TestConsumer     : Data received...foo
2018-09-27 01:31:12.498  INFO 36476 --- [itex.pusher-1] i.p.m.i.p.ItexPublisher$TestConsumer     : Data received...bar
2018-09-27 01:31:13.502  INFO 36476 --- [itex.pusher-1] i.p.m.i.p.ItexPublisher$TestConsumer     : Data received...foo
2018-09-27 01:31:14.505  INFO 36476 --- [itex.pusher-1] i.p.m.i.p.ItexPublisher$TestConsumer     : Data received...bar
2018-09-27 01:31:15.508  INFO 36476 --- [itex.pusher-1] i.p.m.i.p.ItexPublisher$TestConsumer     : Data received...foo
2018-09-27 01:31:16.511  INFO 36476 --- [itex.pusher-1] i.p.m.i.p.ItexPublisher$TestConsumer     : Data received...bar
2018-09-27 01:31:17.512  INFO 36476 --- [itex.pusher-1] i.p.m.i.p.ItexPublisher$TestConsumer     : Data received...foo
2018-09-27 01:31:18.514  INFO 36476 --- [itex.pusher-1] i.p.m.i.p.ItexPublisher$TestConsumer     : Data received...bar
2018-09-27 01:31:19.516  INFO 36476 --- [itex.pusher-1] i.p.m.i.p.ItexPublisher$TestConsumer     : Data received...foo
2018-09-27 01:31:20.520  INFO 36476 --- [itex.pusher-1] i.p.m.i.p.ItexPublisher$TestConsumer     : Data received...bar
2018-09-27 01:31:21.526  INFO 36476 --- [itex.pusher-1] i.p.m.i.p.ItexPublisher$TestConsumer     : Data received...foo
2018-09-27 01:31:22.528  INFO 36476 --- [itex.pusher-1] i.p.m.i.p.ItexPublisher$TestConsumer     : Data received...bar
2018-09-27 01:31:23.532  INFO 36476 --- [itex.pusher-1] i.p.m.i.p.ItexPublisher$TestConsumer     : Data received...foo
2018-09-27 01:31:24.536  INFO 36476 --- [itex.pusher-1] i.p.m.i.p.ItexPublisher$TestConsumer     : Data received...bar
2018-09-27 01:31:25.539  INFO 36476 --- [itex.pusher-1] i.p.m.i.p.ItexPublisher$TestConsumer     : Data received...foo
2018-09-27 01:31:26.542  INFO 36476 --- [itex.pusher-1] i.p.m.i.p.ItexPublisher$TestConsumer     : Data received...bar
2018-09-27 01:31:27.545  INFO 36476 --- [itex.pusher-1] i.p.m.i.p.ItexPublisher$TestConsumer     : Data received...foo
2018-09-27 01:31:28.548  INFO 36476 --- [itex.pusher-1] i.p.m.i.p.ItexPublisher$TestConsumer     : Data received...bar
2018-09-27 01:31:29.553  INFO 36476 --- [itex.pusher-1] i.p.m.i.p.ItexPublisher$TestConsumer     : Data received...foo
2018-09-27 01:31:30.555  INFO 36476 --- [itex.pusher-1] i.p.m.i.p.ItexPublisher$TestConsumer     : Data received...bar
2018-09-27 01:31:31.558  INFO 36476 --- [itex.pusher-1] i.p.m.i.p.ItexPublisher$TestConsumer     : Data received...foo
2018-09-27 01:31:32.560  INFO 36476 --- [itex.pusher-1] i.p.m.i.p.ItexPublisher$TestConsumer     : Data received...bar
2018-09-27 01:31:33.565  INFO 36476 --- [itex.pusher-1] i.p.m.i.p.ItexPublisher$TestConsumer     : Data received...foo
2018-09-27 01:31:34.565  INFO 36476 --- [itex.pusher-1] i.p.m.i.p.ItexPublisher$TestConsumer     : Data received...bar
2018-09-27 01:31:35.566  INFO 36476 --- [itex.pusher-1] i.p.m.i.p.ItexPublisher$TestConsumer     : Data received...foo
2018-09-27 01:31:36.573  INFO 36476 --- [itex.pusher-1] i.p.m.i.p.ItexPublisher$TestConsumer     : Data received...bar
2018-09-27 01:31:37.577  INFO 36476 --- [itex.pusher-1] i.p.m.i.p.ItexPublisher$TestConsumer     : Data received...foo
2018-09-27 01:31:38.579  INFO 36476 --- [itex.pusher-1] i.p.m.i.p.ItexPublisher$TestConsumer     : Data received...bar
2018-09-27 01:31:39.583  INFO 36476 --- [itex.pusher-1] i.p.m.i.p.ItexPublisher$TestConsumer     : Data received...foo
2018-09-27 01:31:40.586  INFO 36476 --- [itex.pusher-1] i.p.m.i.p.ItexPublisher$TestConsumer     : Data received...bar
2018-09-27 01:31:41.591  INFO 36476 --- [itex.pusher-1] i.p.m.i.p.ItexPublisher$TestConsumer     : Data received...foo
2018-09-27 01:31:42.595  INFO 36476 --- [itex.pusher-1] i.p.m.i.p.ItexPublisher$TestConsumer     : Data received...bar
2018-09-27 01:31:43.599  INFO 36476 --- [itex.pusher-1] i.p.m.i.p.ItexPublisher$TestConsumer     : Data received...foo
2018-09-27 01:31:44.601  INFO 36476 --- [itex.pusher-1] i.p.m.i.p.ItexPublisher$TestConsumer     : Data received...bar
2018-09-27 01:31:45.607  INFO 36476 --- [itex.pusher-1] i.p.m.i.p.ItexPublisher$TestConsumer     : Data received...foo
2018-09-27 01:31:46.615  INFO 36476 --- [itex.pusher-1] i.p.m.i.p.ItexPublisher$TestConsumer     : Data received...bar
2018-09-27 01:31:47.618  INFO 36476 --- [itex.pusher-1] i.p.m.i.p.ItexPublisher$TestConsumer     : Data received...foo
2018-09-27 01:31:48.622  INFO 36476 --- [itex.pusher-1] i.p.m.i.p.ItexPublisher$TestConsumer     : Data received...bar
2018-09-27 01:31:49.625  INFO 36476 --- [itex.pusher-1] i.p.m.i.p.ItexPublisher$TestConsumer     : Data received...foo
2018-09-27 01:31:50.627  INFO 36476 --- [itex.pusher-1] i.p.m.i.p.ItexPublisher$TestConsumer     : Data received...bar
2018-09-27 01:31:51.630  INFO 36476 --- [itex.pusher-1] i.p.m.i.p.ItexPublisher$TestConsumer     : Data received...foo
2018-09-27 01:31:52.635  INFO 36476 --- [itex.pusher-1] i.p.m.i.p.ItexPublisher$TestConsumer     : Data received...bar
2018-09-27 01:31:53.642  INFO 36476 --- [itex.pusher-1] i.p.m.i.p.ItexPublisher$TestConsumer     : Data received...foo
2018-09-27 01:31:54.644  INFO 36476 --- [itex.pusher-1] i.p.m.i.p.ItexPublisher$TestConsumer     : Data received...bar
2018-09-27 01:31:55.649  INFO 36476 --- [itex.pusher-1] i.p.m.i.p.ItexPublisher$TestConsumer     : Data received...foo
2018-09-27 01:31:56.653  INFO 36476 --- [itex.pusher-1] i.p.m.i.p.ItexPublisher$TestConsumer     : Data received...bar
2018-09-27 01:31:57.656  INFO 36476 --- [itex.pusher-1] i.p.m.i.p.ItexPublisher$TestConsumer     : Data received...foo
2018-09-27 01:31:58.659  INFO 36476 --- [itex.pusher-1] i.p.m.i.p.ItexPublisher$TestConsumer     : Data received...bar
2018-09-27 01:31:59.661  INFO 36476 --- [itex.pusher-1] i.p.m.i.p.ItexPublisher$TestConsumer     : Data received...foo
2018-09-27 01:32:00.664  INFO 36476 --- [itex.pusher-1] i.p.m.i.p.ItexPublisher$TestConsumer     : Data received...bar
2018-09-27 01:32:01.667  INFO 36476 --- [itex.pusher-1] i.p.m.i.p.ItexPublisher$TestConsumer     : Data received...foo
2018-09-27 01:32:02.514  INFO 37482 --- [main] i.p.m.itex.publisher.ItexPublisher       : The following profiles are active: ipu
2018-09-27 01:32:02.524  INFO 37482 --- [main] ConfigServletWebServerApplicationContext : Refreshing org.springframework.boot.web.servlet.context.AnnotationConfigServletWebServerApplicationContext@7fac631b: startup date [Thu Sep 27 01:32:02 CEST 2018]; parent: org.springframework.context.annotation.AnnotationConfigApplicationContext@35bbe5e8
2018-09-27 01:32:02.673  INFO 36476 --- [itex.pusher-1] i.p.m.i.p.ItexPublisher$TestConsumer     : Data received...bar
2018-09-27 01:32:03.132  INFO 37482 --- [main] o.s.i.config.IntegrationRegistrar        : No bean named 'integrationHeaderChannelRegistry' has been explicitly defined. Therefore, a default DefaultHeaderChannelRegistry will be created.
2018-09-27 01:32:03.678  INFO 36476 --- [itex.pusher-1] i.p.m.i.p.ItexPublisher$TestConsumer     : Data received...foo
2018-09-27 01:32:04.113  INFO 37482 --- [main] o.s.cloud.context.scope.GenericScope     : BeanFactory id=0704090c-17d7-352a-ac45-506600da27c4
2018-09-27 01:32:04.134  INFO 37482 --- [main] faultConfiguringBeanFactoryPostProcessor : No bean named 'errorChannel' has been explicitly defined. Therefore, a default PublishSubscribeChannel will be created.
2018-09-27 01:32:04.136  INFO 37482 --- [main] faultConfiguringBeanFactoryPostProcessor : No bean named 'taskScheduler' has been explicitly defined. Therefore, a default ThreadPoolTaskScheduler will be created.
2018-09-27 01:32:04.148  INFO 37482 --- [main] f.a.AutowiredAnnotationBeanPostProcessor : JSR-330 'javax.inject.Inject' annotation found and supported for autowiring
2018-09-27 01:32:04.249  INFO 37482 --- [main] trationDelegate$BeanPostProcessorChecker : Bean 'org.springframework.amqp.rabbit.annotation.RabbitBootstrapConfiguration' of type [org.springframework.amqp.rabbit.annotation.RabbitBootstrapConfiguration$$EnhancerBySpringCGLIB$$dd7ab75d] is not eligible for getting processed by all BeanPostProcessors (for example: not eligible for auto-proxying)
2018-09-27 01:32:04.424  INFO 37482 --- [main] trationDelegate$BeanPostProcessorChecker : Bean 'org.springframework.integration.config.IntegrationManagementConfiguration' of type [org.springframework.integration.config.IntegrationManagementConfiguration$$EnhancerBySpringCGLIB$$8200b45e] is not eligible for getting processed by all BeanPostProcessors (for example: not eligible for auto-proxying)
2018-09-27 01:32:04.441  INFO 37482 --- [main] trationDelegate$BeanPostProcessorChecker : Bean 'org.springframework.cloud.autoconfigure.ConfigurationPropertiesRebinderAutoConfiguration' of type [org.springframework.cloud.autoconfigure.ConfigurationPropertiesRebinderAutoConfiguration$$EnhancerBySpringCGLIB$$3328fc2c] is not eligible for getting processed by all BeanPostProcessors (for example: not eligible for auto-proxying)
2018-09-27 01:32:04.459  INFO 37482 --- [main] trationDelegate$BeanPostProcessorChecker : Bean 'org.springframework.integration.dsl.context.IntegrationFlowContext' of type [org.springframework.integration.dsl.context.IntegrationFlowContext] is not eligible for getting processed by all BeanPostProcessors (for example: not eligible for auto-proxying)
2018-09-27 01:32:04.681  INFO 36476 --- [itex.pusher-1] i.p.m.i.p.ItexPublisher$TestConsumer     : Data received...bar
2018-09-27 01:32:04.823  INFO 37482 --- [main] o.s.b.w.embedded.tomcat.TomcatWebServer  : Tomcat initialized with port(s): 6666 (http)
2018-09-27 01:32:04.890  INFO 37482 --- [main] o.apache.catalina.core.StandardService   : Starting service [Tomcat]
2018-09-27 01:32:04.900  INFO 37482 --- [main] org.apache.catalina.core.StandardEngine  : Starting Servlet Engine: Apache Tomcat/8.5.31
2018-09-27 01:32:04.917  INFO 37482 --- [localhost-startStop-1] o.a.catalina.core.AprLifecycleListener   : The APR based Apache Tomcat Native library which allows optimal performance in production environments was not found on the java.library.path: [/Users/guytou/Library/Java/Extensions:/Library/Java/Extensions:/Network/Library/Java/Extensions:/System/Library/Java/Extensions:/usr/lib/java:.]
2018-09-27 01:32:05.066  INFO 37482 --- [localhost-startStop-1] o.a.c.c.C.[Tomcat].[localhost].[/]       : Initializing Spring embedded WebApplicationContext
2018-09-27 01:32:05.066  INFO 37482 --- [localhost-startStop-1] o.s.web.context.ContextLoader            : Root WebApplicationContext: initialization completed in 2543 ms
2018-09-27 01:32:05.462  WARN 37482 --- [localhost-startStop-1] c.n.c.sources.URLConfigurationSource     : No URLs will be polled as dynamic configuration sources.
2018-09-27 01:32:05.462  INFO 37482 --- [localhost-startStop-1] c.n.c.sources.URLConfigurationSource     : To enable URLs as dynamic configuration sources, define System property archaius.configurationSource.additionalUrls or make config.properties available on classpath.
2018-09-27 01:32:05.484  INFO 37482 --- [localhost-startStop-1] c.netflix.config.DynamicPropertyFactory  : DynamicPropertyFactory is initialized with configuration sources: com.netflix.config.ConcurrentCompositeConfiguration@557e39be
2018-09-27 01:32:05.686  INFO 36476 --- [itex.pusher-1] i.p.m.i.p.ItexPublisher$TestConsumer     : Data received...foo
2018-09-27 01:32:06.687  INFO 36476 --- [itex.pusher-1] i.p.m.i.p.ItexPublisher$TestConsumer     : Data received...bar
2018-09-27 01:32:06.828  INFO 37482 --- [localhost-startStop-1] o.s.s.c.ThreadPoolTaskScheduler          : Initializing ExecutorService  'taskScheduler'
2018-09-27 01:32:07.371  INFO 37482 --- [localhost-startStop-1] o.s.b.w.servlet.ServletRegistrationBean  : Servlet dispatcherServlet mapped to [/]
2018-09-27 01:32:07.379  INFO 37482 --- [localhost-startStop-1] o.s.b.w.servlet.FilterRegistrationBean   : Mapping filter: 'characterEncodingFilter' to: [/*]
2018-09-27 01:32:07.380  INFO 37482 --- [localhost-startStop-1] o.s.b.w.servlet.FilterRegistrationBean   : Mapping filter: 'hiddenHttpMethodFilter' to: [/*]
2018-09-27 01:32:07.380  INFO 37482 --- [localhost-startStop-1] o.s.b.w.servlet.FilterRegistrationBean   : Mapping filter: 'httpPutFormContentFilter' to: [/*]
2018-09-27 01:32:07.380  INFO 37482 --- [localhost-startStop-1] o.s.b.w.servlet.FilterRegistrationBean   : Mapping filter: 'requestContextFilter' to: [/*]
2018-09-27 01:32:07.380  INFO 37482 --- [localhost-startStop-1] o.s.b.w.servlet.FilterRegistrationBean   : Mapping filter: 'httpTraceFilter' to: [/*]
2018-09-27 01:32:07.381  INFO 37482 --- [localhost-startStop-1] o.s.b.w.servlet.FilterRegistrationBean   : Mapping filter: 'webMvcMetricsFilter' to: [/*]
2018-09-27 01:32:07.681  WARN 37482 --- [main] c.n.c.sources.URLConfigurationSource     : No URLs will be polled as dynamic configuration sources.
2018-09-27 01:32:07.681  INFO 37482 --- [main] c.n.c.sources.URLConfigurationSource     : To enable URLs as dynamic configuration sources, define System property archaius.configurationSource.additionalUrls or make config.properties available on classpath.
2018-09-27 01:32:07.687  INFO 36476 --- [itex.pusher-1] i.p.m.i.p.ItexPublisher$TestConsumer     : Data received...foo
2018-09-27 01:32:07.867  INFO 37482 --- [main] o.s.w.s.handler.SimpleUrlHandlerMapping  : Mapped URL path [/**/favicon.ico] onto handler of type [class org.springframework.web.servlet.resource.ResourceHttpRequestHandler]
2018-09-27 01:32:08.114  INFO 37482 --- [main] s.w.s.m.m.a.RequestMappingHandlerAdapter : Looking for @ControllerAdvice: org.springframework.boot.web.servlet.context.AnnotationConfigServletWebServerApplicationContext@7fac631b: startup date [Thu Sep 27 01:32:02 CEST 2018]; parent: org.springframework.context.annotation.AnnotationConfigApplicationContext@35bbe5e8
2018-09-27 01:32:08.269  INFO 37482 --- [main] s.w.s.m.m.a.RequestMappingHandlerMapping : Mapped "{[/error]}" onto public org.springframework.http.ResponseEntity<java.util.Map<java.lang.String, java.lang.Object>> org.springframework.boot.autoconfigure.web.servlet.error.BasicErrorController.error(javax.servlet.http.HttpServletRequest)
2018-09-27 01:32:08.271  INFO 37482 --- [main] s.w.s.m.m.a.RequestMappingHandlerMapping : Mapped "{[/error],produces=[text/html]}" onto public org.springframework.web.servlet.ModelAndView org.springframework.boot.autoconfigure.web.servlet.error.BasicErrorController.errorHtml(javax.servlet.http.HttpServletRequest,javax.servlet.http.HttpServletResponse)
2018-09-27 01:32:08.364  INFO 37482 --- [main] o.s.w.s.handler.SimpleUrlHandlerMapping  : Mapped URL path [/webjars/**] onto handler of type [class org.springframework.web.servlet.resource.ResourceHttpRequestHandler]
2018-09-27 01:32:08.364  INFO 37482 --- [main] o.s.w.s.handler.SimpleUrlHandlerMapping  : Mapped URL path [/**] onto handler of type [class org.springframework.web.servlet.resource.ResourceHttpRequestHandler]
2018-09-27 01:32:08.688  INFO 36476 --- [itex.pusher-1] i.p.m.i.p.ItexPublisher$TestConsumer     : Data received...bar
2018-09-27 01:32:09.174  INFO 37482 --- [main] o.s.ui.freemarker.SpringTemplateLoader   : SpringTemplateLoader for FreeMarker: using resource loader [org.springframework.boot.web.servlet.context.AnnotationConfigServletWebServerApplicationContext@7fac631b: startup date [Thu Sep 27 01:32:02 CEST 2018]; parent: org.springframework.context.annotation.AnnotationConfigApplicationContext@35bbe5e8] and template loader path [classpath:/templates/]
2018-09-27 01:32:09.176  INFO 37482 --- [main] o.s.w.s.v.f.FreeMarkerConfigurer         : ClassTemplateLoader for Spring macros added to FreeMarker configuration
2018-09-27 01:32:09.700  INFO 36476 --- [itex.pusher-1] i.p.m.i.p.ItexPublisher$TestConsumer     : Data received...foo
2018-09-27 01:32:09.822  INFO 37482 --- [main] o.s.b.a.e.web.EndpointLinksResolver      : Exposing 2 endpoint(s) beneath base path '/actuator'
2018-09-27 01:32:09.856  INFO 37482 --- [main] s.b.a.e.w.s.WebMvcEndpointHandlerMapping : Mapped "{[/actuator/health],methods=[GET],produces=[application/vnd.spring-boot.actuator.v2+json || application/json]}" onto public java.lang.Object org.springframework.boot.actuate.endpoint.web.servlet.AbstractWebMvcEndpointHandlerMapping$OperationHandler.handle(javax.servlet.http.HttpServletRequest,java.util.Map<java.lang.String, java.lang.String>)
2018-09-27 01:32:09.858  INFO 37482 --- [main] s.b.a.e.w.s.WebMvcEndpointHandlerMapping : Mapped "{[/actuator/info],methods=[GET],produces=[application/vnd.spring-boot.actuator.v2+json || application/json]}" onto public java.lang.Object org.springframework.boot.actuate.endpoint.web.servlet.AbstractWebMvcEndpointHandlerMapping$OperationHandler.handle(javax.servlet.http.HttpServletRequest,java.util.Map<java.lang.String, java.lang.String>)
2018-09-27 01:32:09.859  INFO 37482 --- [main] s.b.a.e.w.s.WebMvcEndpointHandlerMapping : Mapped "{[/actuator],methods=[GET],produces=[application/vnd.spring-boot.actuator.v2+json || application/json]}" onto protected java.util.Map<java.lang.String, java.util.Map<java.lang.String, org.springframework.boot.actuate.endpoint.web.Link>> org.springframework.boot.actuate.endpoint.web.servlet.WebMvcEndpointHandlerMapping.links(javax.servlet.http.HttpServletRequest,javax.servlet.http.HttpServletResponse)
2018-09-27 01:32:10.066  INFO 37482 --- [main] o.s.integration.channel.DirectChannel    : Channel 'application-1.input' has 1 subscriber(s).
2018-09-27 01:32:10.069  INFO 37482 --- [main] o.s.j.e.a.AnnotationMBeanExporter        : Registering beans for JMX exposure on startup
2018-09-27 01:32:10.081  INFO 37482 --- [main] o.s.j.e.a.AnnotationMBeanExporter        : Bean with name 'rabbitConnectionFactory' has been autodetected for JMX exposure
2018-09-27 01:32:10.082  INFO 37482 --- [main] o.s.j.e.a.AnnotationMBeanExporter        : Bean with name 'environmentManager' has been autodetected for JMX exposure
2018-09-27 01:32:10.084  INFO 37482 --- [main] o.s.j.e.a.AnnotationMBeanExporter        : Bean with name 'integrationMbeanExporter' has been autodetected for JMX exposure
2018-09-27 01:32:10.085  INFO 37482 --- [main] o.s.j.e.a.AnnotationMBeanExporter        : Bean with name 'refreshScope' has been autodetected for JMX exposure
2018-09-27 01:32:10.086  INFO 37482 --- [main] o.s.j.e.a.AnnotationMBeanExporter        : Bean with name 'configurationPropertiesRebinder' has been autodetected for JMX exposure
2018-09-27 01:32:10.090  INFO 37482 --- [main] o.s.j.e.a.AnnotationMBeanExporter        : Located managed bean 'environmentManager': registering with JMX server as MBean [org.springframework.cloud.context.environment:name=environmentManager,type=EnvironmentManager]
2018-09-27 01:32:10.099  INFO 37482 --- [main] o.s.j.e.a.AnnotationMBeanExporter        : Located managed bean 'refreshScope': registering with JMX server as MBean [org.springframework.cloud.context.scope.refresh:name=refreshScope,type=RefreshScope]
2018-09-27 01:32:10.111  INFO 37482 --- [main] o.s.j.e.a.AnnotationMBeanExporter        : Located managed bean 'integrationMbeanExporter': registering with JMX server as MBean [org.springframework.integration.monitor:name=integrationMbeanExporter,type=IntegrationMBeanExporter]
2018-09-27 01:32:10.139  INFO 37482 --- [main] o.s.j.e.a.AnnotationMBeanExporter        : Located managed bean 'configurationPropertiesRebinder': registering with JMX server as MBean [org.springframework.cloud.context.properties:name=configurationPropertiesRebinder,context=7fac631b,type=ConfigurationPropertiesRebinder]
2018-09-27 01:32:10.148  INFO 37482 --- [main] o.s.j.e.a.AnnotationMBeanExporter        : Located managed bean 'rabbitConnectionFactory': registering with JMX server as MBean [org.springframework.amqp.rabbit.connection:name=rabbitConnectionFactory,type=CachingConnectionFactory]
2018-09-27 01:32:10.173  INFO 37482 --- [main] o.s.i.monitor.IntegrationMBeanExporter   : Registering beans for JMX exposure on startup
2018-09-27 01:32:10.174  INFO 37482 --- [main] o.s.i.monitor.IntegrationMBeanExporter   : Registering MessageChannel nullChannel
2018-09-27 01:32:10.177  INFO 37482 --- [main] o.s.i.monitor.IntegrationMBeanExporter   : Located managed bean 'org.springframework.integration:type=MessageChannel,name=nullChannel': registering with JMX server as MBean [org.springframework.integration:type=MessageChannel,name=nullChannel]
2018-09-27 01:32:10.184  INFO 37482 --- [main] o.s.i.monitor.IntegrationMBeanExporter   : Registering MessageChannel errorChannel
2018-09-27 01:32:10.185  INFO 37482 --- [main] o.s.i.monitor.IntegrationMBeanExporter   : Located managed bean 'org.springframework.integration:type=MessageChannel,name=errorChannel': registering with JMX server as MBean [org.springframework.integration:type=MessageChannel,name=errorChannel]
2018-09-27 01:32:10.233  INFO 37482 --- [main] o.s.i.monitor.IntegrationMBeanExporter   : Registering MessageChannel input
2018-09-27 01:32:10.235  INFO 37482 --- [main] o.s.i.monitor.IntegrationMBeanExporter   : Located managed bean 'org.springframework.integration:type=MessageChannel,name=input': registering with JMX server as MBean [org.springframework.integration:type=MessageChannel,name=input]
2018-09-27 01:32:10.246  INFO 37482 --- [main] o.s.i.monitor.IntegrationMBeanExporter   : Registering MessageHandler errorLogger
2018-09-27 01:32:10.248  INFO 37482 --- [main] o.s.i.monitor.IntegrationMBeanExporter   : Located managed bean 'org.springframework.integration:type=MessageHandler,name=errorLogger,bean=internal': registering with JMX server as MBean [org.springframework.integration:type=MessageHandler,name=errorLogger,bean=internal]
2018-09-27 01:32:10.261  INFO 37482 --- [main] o.s.i.monitor.IntegrationMBeanExporter   : Registering MessageHandler org.springframework.cloud.stream.binding.StreamListenerMessageHandler@53941c2f
2018-09-27 01:32:10.263  INFO 37482 --- [main] o.s.i.monitor.IntegrationMBeanExporter   : Located managed bean 'org.springframework.integration:type=MessageHandler,name=org.springframework.cloud.stream.binding.StreamListenerMessageHandler@53941c2f,bean=handler': registering with JMX server as MBean [org.springframework.integration:type=MessageHandler,name=org.springframework.cloud.stream.binding.StreamListenerMessageHandler@53941c2f,bean=handler]
2018-09-27 01:32:10.278  INFO 37482 --- [main] o.s.c.support.DefaultLifecycleProcessor  : Starting beans in phase -2147482648
2018-09-27 01:32:10.279  INFO 37482 --- [main] o.s.c.support.DefaultLifecycleProcessor  : Starting beans in phase 0
2018-09-27 01:32:10.299  INFO 37482 --- [main] o.s.c.n.eureka.InstanceInfoFactory       : Setting initial instance status as: STARTING
2018-09-27 01:32:10.360  INFO 37482 --- [main] com.netflix.discovery.DiscoveryClient    : Initializing Eureka in region us-east-1
2018-09-27 01:32:10.697  INFO 36476 --- [itex.pusher-1] i.p.m.i.p.ItexPublisher$TestConsumer     : Data received...bar
2018-09-27 01:32:10.719  INFO 37482 --- [main] c.n.d.provider.DiscoveryJerseyProvider   : Using JSON encoding codec LegacyJacksonJson
2018-09-27 01:32:10.719  INFO 37482 --- [main] c.n.d.provider.DiscoveryJerseyProvider   : Using JSON decoding codec LegacyJacksonJson
2018-09-27 01:32:10.940  INFO 37482 --- [main] c.n.d.provider.DiscoveryJerseyProvider   : Using XML encoding codec XStreamXml
2018-09-27 01:32:10.942  INFO 37482 --- [main] c.n.d.provider.DiscoveryJerseyProvider   : Using XML decoding codec XStreamXml
2018-09-27 01:32:11.202  INFO 37482 --- [main] c.n.d.s.r.aws.ConfigClusterResolver      : Resolving eureka endpoints via configuration
2018-09-27 01:32:11.243  INFO 37482 --- [main] com.netflix.discovery.DiscoveryClient    : Disable delta property : false
2018-09-27 01:32:11.243  INFO 37482 --- [main] com.netflix.discovery.DiscoveryClient    : Single vip registry refresh property : null
2018-09-27 01:32:11.243  INFO 37482 --- [main] com.netflix.discovery.DiscoveryClient    : Force full registry fetch : false
2018-09-27 01:32:11.243  INFO 37482 --- [main] com.netflix.discovery.DiscoveryClient    : Application is null : false
2018-09-27 01:32:11.244  INFO 37482 --- [main] com.netflix.discovery.DiscoveryClient    : Registered Applications size is zero : true
2018-09-27 01:32:11.244  INFO 37482 --- [main] com.netflix.discovery.DiscoveryClient    : Application version is -1: true
2018-09-27 01:32:11.244  INFO 37482 --- [main] com.netflix.discovery.DiscoveryClient    : Getting all instance registry info from the eureka server
2018-09-27 01:32:11.701  INFO 36476 --- [itex.pusher-1] i.p.m.i.p.ItexPublisher$TestConsumer     : Data received...foo
2018-09-27 01:32:11.784  INFO 37482 --- [main] com.netflix.discovery.DiscoveryClient    : The response status is 200
2018-09-27 01:32:11.787  INFO 37482 --- [main] com.netflix.discovery.DiscoveryClient    : Starting heartbeat executor: renew interval is: 30
2018-09-27 01:32:11.789  INFO 37482 --- [main] c.n.discovery.InstanceInfoReplicator     : InstanceInfoReplicator onDemand update allowed rate per min is 4
2018-09-27 01:32:11.793  INFO 37482 --- [main] com.netflix.discovery.DiscoveryClient    : Discovery Client initialized at timestamp 1538004731792 with initial instances count: 5
2018-09-27 01:32:11.800  INFO 37482 --- [main] o.s.c.n.e.s.EurekaServiceRegistry        : Registering application itex-publisher with eureka with status UP
2018-09-27 01:32:11.800  INFO 37482 --- [main] com.netflix.discovery.DiscoveryClient    : Saw local status change event StatusChangeEvent [timestamp=1538004731800, current=UP, previous=STARTING]
2018-09-27 01:32:11.802  INFO 37482 --- [DiscoveryClient-InstanceInfoReplicator-0] com.netflix.discovery.DiscoveryClient    : DiscoveryClient_ITEX-PUBLISHER/gmbp.home:itex-publisher:6666: registering service...
2018-09-27 01:32:11.806  INFO 37482 --- [main] o.s.i.endpoint.EventDrivenConsumer       : Adding {logging-channel-adapter:_org.springframework.integration.errorLogger} as a subscriber to the 'errorChannel' channel
2018-09-27 01:32:11.807  INFO 37482 --- [main] o.s.i.channel.PublishSubscribeChannel    : Channel 'application-1.errorChannel' has 1 subscriber(s).
2018-09-27 01:32:11.807  INFO 37482 --- [main] o.s.i.endpoint.EventDrivenConsumer       : started _org.springframework.integration.errorLogger
2018-09-27 01:32:11.807  INFO 37482 --- [main] o.s.c.support.DefaultLifecycleProcessor  : Starting beans in phase 2147482647
2018-09-27 01:32:11.907  INFO 37482 --- [main] s.c.a.AnnotationConfigApplicationContext : Refreshing org.springframework.context.annotation.AnnotationConfigApplicationContext@73c60324: startup date [Thu Sep 27 01:32:11 CEST 2018]; parent: org.springframework.boot.web.servlet.context.AnnotationConfigServletWebServerApplicationContext@7fac631b
2018-09-27 01:32:11.923  INFO 37482 --- [DiscoveryClient-InstanceInfoReplicator-0] o.s.a.r.c.CachingConnectionFactory       : Created new connection: rabbitConnectionFactory#7bffeff1:0/SimpleConnection@22c58a0b [delegate=amqp://guest@127.0.0.1:5672/, localPort= 56140]
2018-09-27 01:32:11.964  INFO 37482 --- [main] f.a.AutowiredAnnotationBeanPostProcessor : JSR-330 'javax.inject.Inject' annotation found and supported for autowiring
2018-09-27 01:32:12.028  INFO 37482 --- [main] o.s.c.support.GenericApplicationContext  : Refreshing org.springframework.context.support.GenericApplicationContext@7e985ce9: startup date [Thu Sep 27 01:32:12 CEST 2018]; root of context hierarchy
2018-09-27 01:32:12.194  INFO 37482 --- [main] c.s.b.r.p.RabbitExchangeQueueProvisioner : declaring queue for inbound: itex.pusher, bound to: itex
2018-09-27 01:32:12.246  INFO 37482 --- [main] o.s.c.stream.binder.BinderErrorChannel   : Channel 'application-1.itex.pusher.errors' has 1 subscriber(s).
2018-09-27 01:32:12.248  INFO 37482 --- [main] o.s.c.stream.binder.BinderErrorChannel   : Channel 'application-1.itex.pusher.errors' has 2 subscriber(s).
2018-09-27 01:32:12.272  INFO 37482 --- [main] o.s.i.a.i.AmqpInboundChannelAdapter      : started inbound.itex.pusher
2018-09-27 01:32:12.275  INFO 37482 --- [main] o.s.c.support.DefaultLifecycleProcessor  : Starting beans in phase 2147483647
2018-09-27 01:32:12.349  INFO 37482 --- [main] o.s.b.w.embedded.tomcat.TomcatWebServer  : Tomcat started on port(s): 6666 (http) with context path ''
2018-09-27 01:32:12.351  INFO 37482 --- [main] .s.c.n.e.s.EurekaAutoServiceRegistration : Updating port to 6666
2018-09-27 01:32:12.354  INFO 37482 --- [main] i.p.m.itex.publisher.ItexPublisher       : Started ItexPublisher in 11.681 seconds (JVM running for 12.4)
2018-09-27 01:32:12.703  INFO 36476 --- [itex.pusher-1] i.p.m.i.p.ItexPublisher$TestConsumer     : Data received...bar
2018-09-27 01:32:13.724  INFO 37482 --- [itex.pusher-1] i.p.m.i.p.ItexPublisher$TestConsumer     : Data received...foo
2018-09-27 01:32:14.709  INFO 36476 --- [itex.pusher-1] i.p.m.i.p.ItexPublisher$TestConsumer     : Data received...bar
2018-09-27 01:32:15.714  INFO 37482 --- [itex.pusher-1] i.p.m.i.p.ItexPublisher$TestConsumer     : Data received...foo
2018-09-27 01:32:16.717  INFO 36476 --- [itex.pusher-1] i.p.m.i.p.ItexPublisher$TestConsumer     : Data received...bar
2018-09-27 01:32:17.722  INFO 37482 --- [itex.pusher-1] i.p.m.i.p.ItexPublisher$TestConsumer     : Data received...foo
2018-09-27 01:32:18.727  INFO 36476 --- [itex.pusher-1] i.p.m.i.p.ItexPublisher$TestConsumer     : Data received...bar
2018-09-27 01:32:19.731  INFO 37482 --- [itex.pusher-1] i.p.m.i.p.ItexPublisher$TestConsumer     : Data received...foo
2018-09-27 01:32:20.731  INFO 36476 --- [itex.pusher-1] i.p.m.i.p.ItexPublisher$TestConsumer     : Data received...bar
2018-09-27 01:32:21.736  INFO 37482 --- [itex.pusher-1] i.p.m.i.p.ItexPublisher$TestConsumer     : Data received...foo
2018-09-27 01:32:22.741  INFO 36476 --- [itex.pusher-1] i.p.m.i.p.ItexPublisher$TestConsumer     : Data received...bar
2018-09-27 01:32:23.746  INFO 37482 --- [itex.pusher-1] i.p.m.i.p.ItexPublisher$TestConsumer     : Data received...foo
2018-09-27 01:32:24.750  INFO 36476 --- [itex.pusher-1] i.p.m.i.p.ItexPublisher$TestConsumer     : Data received...bar
2018-09-27 01:32:25.755  INFO 37482 --- [itex.pusher-1] i.p.m.i.p.ItexPublisher$TestConsumer     : Data received...foo
2018-09-27 01:32:26.759  INFO 36476 --- [itex.pusher-1] i.p.m.i.p.ItexPublisher$TestConsumer     : Data received...bar
2018-09-27 01:32:27.765  INFO 37482 --- [itex.pusher-1] i.p.m.i.p.ItexPublisher$TestConsumer     : Data received...foo
2018-09-27 01:32:28.772  INFO 36476 --- [itex.pusher-1] i.p.m.i.p.ItexPublisher$TestConsumer     : Data received...bar
2018-09-27 01:32:29.773  INFO 37482 --- [itex.pusher-1] i.p.m.i.p.ItexPublisher$TestConsumer     : Data received...foo
2018-09-27 01:32:30.779  INFO 36476 --- [itex.pusher-1] i.p.m.i.p.ItexPublisher$TestConsumer     : Data received...bar
2018-09-27 01:32:31.782  INFO 37482 --- [itex.pusher-1] i.p.m.i.p.ItexPublisher$TestConsumer     : Data received...foo
2018-09-27 01:32:32.782  INFO 36476 --- [itex.pusher-1] i.p.m.i.p.ItexPublisher$TestConsumer     : Data received...bar
2018-09-27 01:32:33.788  INFO 37482 --- [itex.pusher-1] i.p.m.i.p.ItexPublisher$TestConsumer     : Data received...foo
2018-09-27 01:32:33.936  INFO 37482 --- [Thread-9] ConfigServletWebServerApplicationContext : Closing org.springframework.boot.web.servlet.context.AnnotationConfigServletWebServerApplicationContext@7fac631b: startup date [Thu Sep 27 01:32:02 CEST 2018]; parent: org.springframework.context.annotation.AnnotationConfigApplicationContext@35bbe5e8
2018-09-27 01:32:33.938  INFO 37482 --- [Thread-9] o.s.c.n.e.s.EurekaServiceRegistry        : Unregistering application itex-publisher with eureka with status DOWN
2018-09-27 01:32:33.938  WARN 37482 --- [Thread-9] com.netflix.discovery.DiscoveryClient    : Saw local status change event StatusChangeEvent [timestamp=1538004753938, current=DOWN, previous=UP]
2018-09-27 01:32:33.939  INFO 37482 --- [Thread-9] s.c.a.AnnotationConfigApplicationContext : Closing org.springframework.context.annotation.AnnotationConfigApplicationContext@73c60324: startup date [Thu Sep 27 01:32:11 CEST 2018]; parent: org.springframework.boot.web.servlet.context.AnnotationConfigServletWebServerApplicationContext@7fac631b
2018-09-27 01:32:33.942  WARN 37482 --- [DiscoveryClient-InstanceInfoReplicator-0] com.netflix.discovery.DiscoveryClient    : Saw local status change event StatusChangeEvent [timestamp=1538004753942, current=UP, previous=DOWN]
2018-09-27 01:32:33.943  WARN 37482 --- [DiscoveryClient-InstanceInfoReplicator-0] c.n.discovery.InstanceInfoReplicator     : Ignoring onDemand update due to rate limiter
2018-09-27 01:32:33.943  INFO 37482 --- [DiscoveryClient-InstanceInfoReplicator-0] com.netflix.discovery.DiscoveryClient    : DiscoveryClient_ITEX-PUBLISHER/gmbp.home:itex-publisher:6666: registering service...
2018-09-27 01:32:33.944  INFO 37482 --- [Thread-9] o.s.c.support.DefaultLifecycleProcessor  : Stopping beans in phase 2147483647
2018-09-27 01:32:33.944  INFO 37482 --- [Thread-9] o.s.c.support.DefaultLifecycleProcessor  : Stopping beans in phase 2147482647
2018-09-27 01:32:33.949  INFO 37482 --- [Thread-9] o.s.a.r.l.SimpleMessageListenerContainer : Waiting for workers to finish.
2018-09-27 01:32:33.950  INFO 37482 --- [DiscoveryClient-InstanceInfoReplicator-0] com.netflix.discovery.DiscoveryClient    : DiscoveryClient_ITEX-PUBLISHER/gmbp.home:itex-publisher:6666 - registration status: 204
2018-09-27 01:32:34.791  INFO 36476 --- [itex.pusher-1] i.p.m.i.p.ItexPublisher$TestConsumer     : Data received...bar
2018-09-27 01:32:34.794  INFO 37482 --- [Thread-9] o.s.a.r.l.SimpleMessageListenerContainer : Successfully waited for workers to finish.
2018-09-27 01:32:34.795  INFO 37482 --- [Thread-9] o.s.i.a.i.AmqpInboundChannelAdapter      : stopped inbound.itex.pusher
2018-09-27 01:32:34.796  INFO 37482 --- [Thread-9] o.s.c.stream.binder.BinderErrorChannel   : Channel 'application-1.itex.pusher.errors' has 1 subscriber(s).
2018-09-27 01:32:34.796  INFO 37482 --- [Thread-9] o.s.c.stream.binder.BinderErrorChannel   : Channel 'application-1.itex.pusher.errors' has 0 subscriber(s).
2018-09-27 01:32:34.797  INFO 37482 --- [Thread-9] o.s.c.support.DefaultLifecycleProcessor  : Stopping beans in phase 0
2018-09-27 01:32:34.799  INFO 37482 --- [Thread-9] o.s.i.endpoint.EventDrivenConsumer       : Removing {logging-channel-adapter:_org.springframework.integration.errorLogger} as a subscriber to the 'errorChannel' channel
2018-09-27 01:32:34.800  INFO 37482 --- [Thread-9] o.s.i.channel.PublishSubscribeChannel    : Channel 'application-1.errorChannel' has 0 subscriber(s).
2018-09-27 01:32:34.800  INFO 37482 --- [Thread-9] o.s.i.endpoint.EventDrivenConsumer       : stopped _org.springframework.integration.errorLogger
2018-09-27 01:32:34.800  INFO 37482 --- [Thread-9] o.s.c.support.DefaultLifecycleProcessor  : Stopping beans in phase -2147482648
2018-09-27 01:32:34.801  INFO 37482 --- [Thread-9] o.s.i.monitor.IntegrationMBeanExporter   : Unregistering JMX-exposed beans on shutdown
2018-09-27 01:32:34.801  INFO 37482 --- [Thread-9] o.s.i.monitor.IntegrationMBeanExporter   : Unregistering JMX-exposed beans
2018-09-27 01:32:34.802  INFO 37482 --- [Thread-9] o.s.i.monitor.IntegrationMBeanExporter   : Summary on shutdown: nullChannel
2018-09-27 01:32:34.802  INFO 37482 --- [Thread-9] o.s.i.monitor.IntegrationMBeanExporter   : Summary on shutdown: errorChannel
2018-09-27 01:32:34.802  INFO 37482 --- [Thread-9] o.s.i.monitor.IntegrationMBeanExporter   : Summary on shutdown: input
2018-09-27 01:32:34.802  INFO 37482 --- [Thread-9] o.s.i.monitor.IntegrationMBeanExporter   : Summary on shutdown: _org.springframework.integration.errorLogger.handler
2018-09-27 01:32:34.802  INFO 37482 --- [Thread-9] o.s.i.monitor.IntegrationMBeanExporter   : Summary on shutdown: org.springframework.cloud.stream.binding.StreamListenerMessageHandler@53941c2f
2018-09-27 01:32:34.803  INFO 37482 --- [Thread-9] o.s.j.e.a.AnnotationMBeanExporter        : Unregistering JMX-exposed beans on shutdown
2018-09-27 01:32:34.803  INFO 37482 --- [Thread-9] o.s.j.e.a.AnnotationMBeanExporter        : Unregistering JMX-exposed beans
2018-09-27 01:32:34.806  INFO 37482 --- [Thread-9] o.s.s.c.ThreadPoolTaskScheduler          : Shutting down ExecutorService 'taskScheduler'
2018-09-27 01:32:34.815  INFO 37482 --- [Thread-9] com.netflix.discovery.DiscoveryClient    : Shutting down DiscoveryClient ...
2018-09-27 01:32:34.818  WARN 37482 --- [Thread-9] .s.c.a.CommonAnnotationBeanPostProcessor : Invocation of destroy method failed on bean with name 'scopedTarget.eurekaClient': org.springframework.beans.factory.BeanCreationNotAllowedException: Error creating bean with name 'eurekaInstanceConfigBean': Singleton bean creation not allowed while singletons of this factory are in destruction (Do not request a bean from a BeanFactory in a destroy method implementation!)
2018-09-27 01:32:35.797  INFO 36476 --- [itex.pusher-1] i.p.m.i.p.ItexPublisher$TestConsumer     : Data received...foo
2018-09-27 01:32:36.801  INFO 36476 --- [itex.pusher-1] i.p.m.i.p.ItexPublisher$TestConsumer     : Data received...bar
2018-09-27 01:32:37.806  INFO 36476 --- [itex.pusher-1] i.p.m.i.p.ItexPublisher$TestConsumer     : Data received...foo
2018-09-27 01:32:38.811  INFO 36476 --- [itex.pusher-1] i.p.m.i.p.ItexPublisher$TestConsumer     : Data received...bar
2018-09-27 01:32:39.815  INFO 36476 --- [itex.pusher-1] i.p.m.i.p.ItexPublisher$TestConsumer     : Data received...foo
2018-09-27 01:32:40.818  INFO 36476 --- [itex.pusher-1] i.p.m.i.p.ItexPublisher$TestConsumer     : Data received...bar
2018-09-27 01:32:41.822  INFO 36476 --- [itex.pusher-1] i.p.m.i.p.ItexPublisher$TestConsumer     : Data received...foo
2018-09-27 01:32:42.823  INFO 36476 --- [itex.pusher-1] i.p.m.i.p.ItexPublisher$TestConsumer     : Data received...bar
2018-09-27 01:32:43.824  INFO 36476 --- [itex.pusher-1] i.p.m.i.p.ItexPublisher$TestConsumer     : Data received...foo
2018-09-27 01:32:44.829  INFO 36476 --- [itex.pusher-1] i.p.m.i.p.ItexPublisher$TestConsumer     : Data received...bar
2018-09-27 01:32:45.833  INFO 36476 --- [itex.pusher-1] i.p.m.i.p.ItexPublisher$TestConsumer     : Data received...foo
2018-09-27 01:32:46.555  INFO 36476 --- [Thread-9] ConfigServletWebServerApplicationContext : Closing org.springframework.boot.web.servlet.context.AnnotationConfigServletWebServerApplicationContext@23e028a9: startup date [Thu Sep 27 01:27:49 CEST 2018]; parent: org.springframework.context.annotation.AnnotationConfigApplicationContext@1134affc
2018-09-27 01:32:46.571  INFO 36476 --- [Thread-9] o.s.c.n.e.s.EurekaServiceRegistry        : Unregistering application itex-publisher with eureka with status DOWN
2018-09-27 01:32:46.571  WARN 36476 --- [Thread-9] com.netflix.discovery.DiscoveryClient    : Saw local status change event StatusChangeEvent [timestamp=1538004766571, current=DOWN, previous=UP]
2018-09-27 01:32:46.573  WARN 36476 --- [DiscoveryClient-InstanceInfoReplicator-0] com.netflix.discovery.DiscoveryClient    : Saw local status change event StatusChangeEvent [timestamp=1538004766573, current=UP, previous=DOWN]
2018-09-27 01:32:46.576  INFO 36476 --- [DiscoveryClient-InstanceInfoReplicator-0] com.netflix.discovery.DiscoveryClient    : DiscoveryClient_ITEX-PUBLISHER/gmbp.home:itex-publisher:2222: registering service...
2018-09-27 01:32:46.576  INFO 36476 --- [Thread-9] s.c.a.AnnotationConfigApplicationContext : Closing org.springframework.context.annotation.AnnotationConfigApplicationContext@69637b10: startup date [Thu Sep 27 01:27:59 CEST 2018]; parent: org.springframework.boot.web.servlet.context.AnnotationConfigServletWebServerApplicationContext@23e028a9
2018-09-27 01:32:46.611  INFO 36476 --- [DiscoveryClient-InstanceInfoReplicator-0] com.netflix.discovery.DiscoveryClient    : DiscoveryClient_ITEX-PUBLISHER/gmbp.home:itex-publisher:2222 - registration status: 204
2018-09-27 01:32:46.658  INFO 36476 --- [Thread-9] o.s.c.support.DefaultLifecycleProcessor  : Stopping beans in phase 2147483647
2018-09-27 01:32:46.659  INFO 36476 --- [Thread-9] o.s.c.support.DefaultLifecycleProcessor  : Stopping beans in phase 2147482647
2018-09-27 01:32:46.676  INFO 36476 --- [Thread-9] o.s.a.r.l.SimpleMessageListenerContainer : Waiting for workers to finish.
2018-09-27 01:32:46.846  INFO 36476 --- [Thread-9] o.s.a.r.l.SimpleMessageListenerContainer : Successfully waited for workers to finish.
2018-09-27 01:32:46.847  INFO 36476 --- [Thread-9] o.s.i.a.i.AmqpInboundChannelAdapter      : stopped inbound.itex.pusher
2018-09-27 01:32:46.858  INFO 36476 --- [Thread-9] o.s.c.stream.binder.BinderErrorChannel   : Channel 'application-1.itex.pusher.errors' has 1 subscriber(s).
2018-09-27 01:32:46.859  INFO 36476 --- [Thread-9] o.s.c.stream.binder.BinderErrorChannel   : Channel 'application-1.itex.pusher.errors' has 0 subscriber(s).
2018-09-27 01:32:46.860  INFO 36476 --- [Thread-9] o.s.c.support.DefaultLifecycleProcessor  : Stopping beans in phase 0
2018-09-27 01:32:46.870  INFO 36476 --- [Thread-9] o.s.i.endpoint.EventDrivenConsumer       : Removing {logging-channel-adapter:_org.springframework.integration.errorLogger} as a subscriber to the 'errorChannel' channel
2018-09-27 01:32:46.871  INFO 36476 --- [Thread-9] o.s.i.channel.PublishSubscribeChannel    : Channel 'application-1.errorChannel' has 0 subscriber(s).
2018-09-27 01:32:46.872  INFO 36476 --- [Thread-9] o.s.i.endpoint.EventDrivenConsumer       : stopped _org.springframework.integration.errorLogger
2018-09-27 01:32:46.872  INFO 36476 --- [Thread-9] o.s.c.support.DefaultLifecycleProcessor  : Stopping beans in phase -2147482648
2018-09-27 01:32:46.881  INFO 36476 --- [Thread-9] o.s.i.monitor.IntegrationMBeanExporter   : Unregistering JMX-exposed beans on shutdown
2018-09-27 01:32:46.887  INFO 36476 --- [Thread-9] o.s.i.monitor.IntegrationMBeanExporter   : Unregistering JMX-exposed beans
2018-09-27 01:32:46.892  INFO 36476 --- [Thread-9] o.s.i.monitor.IntegrationMBeanExporter   : Summary on shutdown: nullChannel
2018-09-27 01:32:46.892  INFO 36476 --- [Thread-9] o.s.i.monitor.IntegrationMBeanExporter   : Summary on shutdown: input
2018-09-27 01:32:46.892  INFO 36476 --- [Thread-9] o.s.i.monitor.IntegrationMBeanExporter   : Summary on shutdown: errorChannel
2018-09-27 01:32:46.893  INFO 36476 --- [Thread-9] o.s.i.monitor.IntegrationMBeanExporter   : Summary on shutdown: org.springframework.cloud.stream.binding.StreamListenerMessageHandler@65a15628
2018-09-27 01:32:46.893  INFO 36476 --- [Thread-9] o.s.i.monitor.IntegrationMBeanExporter   : Summary on shutdown: _org.springframework.integration.errorLogger.handler
2018-09-27 01:32:46.897  INFO 36476 --- [Thread-9] o.s.j.e.a.AnnotationMBeanExporter        : Unregistering JMX-exposed beans on shutdown
2018-09-27 01:32:46.897  INFO 36476 --- [Thread-9] o.s.j.e.a.AnnotationMBeanExporter        : Unregistering JMX-exposed beans
2018-09-27 01:32:46.919  INFO 36476 --- [Thread-9] o.s.s.c.ThreadPoolTaskScheduler          : Shutting down ExecutorService 'taskScheduler'
2018-09-27 01:32:46.949  INFO 36476 --- [Thread-9] com.netflix.discovery.DiscoveryClient    : Shutting down DiscoveryClient ...
2018-09-27 01:32:46.966  WARN 36476 --- [Thread-9] .s.c.a.CommonAnnotationBeanPostProcessor : Invocation of destroy method failed on bean with name 'scopedTarget.eurekaClient': org.springframework.beans.factory.BeanCreationNotAllowedException: Error creating bean with name 'eurekaInstanceConfigBean': Singleton bean creation not allowed while singletons of this factory are in destruction (Do not request a bean from a BeanFactory in a destroy method implementation!)
