2018-09-27 01:25:23.357  INFO 35892 --- [main] i.p.m.registration.RegistrationServer    : The following profiles are active: reg
2018-09-27 01:25:23.372  INFO 35892 --- [main] ConfigServletWebServerApplicationContext : Refreshing org.springframework.boot.web.servlet.context.AnnotationConfigServletWebServerApplicationContext@2b9627bc: startup date [Thu Sep 27 01:25:23 CEST 2018]; parent: org.springframework.context.annotation.AnnotationConfigApplicationContext@1b0375b3
2018-09-27 01:25:24.315  INFO 35892 --- [main] o.s.i.config.IntegrationRegistrar        : No bean named 'integrationHeaderChannelRegistry' has been explicitly defined. Therefore, a default DefaultHeaderChannelRegistry will be created.
2018-09-27 01:25:25.015  INFO 35892 --- [main] o.s.cloud.context.scope.GenericScope     : BeanFactory id=8668d8a0-7b8e-34c8-8ad0-a8143884a966
2018-09-27 01:25:25.035  INFO 35892 --- [main] faultConfiguringBeanFactoryPostProcessor : No bean named 'errorChannel' has been explicitly defined. Therefore, a default PublishSubscribeChannel will be created.
2018-09-27 01:25:25.043  INFO 35892 --- [main] faultConfiguringBeanFactoryPostProcessor : No bean named 'taskScheduler' has been explicitly defined. Therefore, a default ThreadPoolTaskScheduler will be created.
2018-09-27 01:25:25.057  INFO 35892 --- [main] f.a.AutowiredAnnotationBeanPostProcessor : JSR-330 'javax.inject.Inject' annotation found and supported for autowiring
2018-09-27 01:25:25.112  INFO 35892 --- [main] trationDelegate$BeanPostProcessorChecker : Bean 'org.springframework.amqp.rabbit.annotation.RabbitBootstrapConfiguration' of type [org.springframework.amqp.rabbit.annotation.RabbitBootstrapConfiguration$$EnhancerBySpringCGLIB$$d28756fc] is not eligible for getting processed by all BeanPostProcessors (for example: not eligible for auto-proxying)
2018-09-27 01:25:25.270  INFO 35892 --- [main] trationDelegate$BeanPostProcessorChecker : Bean 'org.springframework.integration.config.IntegrationManagementConfiguration' of type [org.springframework.integration.config.IntegrationManagementConfiguration$$EnhancerBySpringCGLIB$$770d53fd] is not eligible for getting processed by all BeanPostProcessors (for example: not eligible for auto-proxying)
2018-09-27 01:25:25.316  INFO 35892 --- [main] trationDelegate$BeanPostProcessorChecker : Bean 'org.springframework.cloud.autoconfigure.ConfigurationPropertiesRebinderAutoConfiguration' of type [org.springframework.cloud.autoconfigure.ConfigurationPropertiesRebinderAutoConfiguration$$EnhancerBySpringCGLIB$$28359bcb] is not eligible for getting processed by all BeanPostProcessors (for example: not eligible for auto-proxying)
2018-09-27 01:25:25.335  INFO 35892 --- [main] trationDelegate$BeanPostProcessorChecker : Bean 'org.springframework.integration.dsl.context.IntegrationFlowContext' of type [org.springframework.integration.dsl.context.IntegrationFlowContext] is not eligible for getting processed by all BeanPostProcessors (for example: not eligible for auto-proxying)
2018-09-27 01:25:25.675  INFO 35892 --- [main] o.s.b.w.embedded.tomcat.TomcatWebServer  : Tomcat initialized with port(s): 1000 (http)
2018-09-27 01:25:25.713  INFO 35892 --- [main] o.apache.catalina.core.StandardService   : Starting service [Tomcat]
2018-09-27 01:25:25.713  INFO 35892 --- [main] org.apache.catalina.core.StandardEngine  : Starting Servlet Engine: Apache Tomcat/8.5.31
2018-09-27 01:25:25.729  INFO 35892 --- [localhost-startStop-1] o.a.catalina.core.AprLifecycleListener   : The APR based Apache Tomcat Native library which allows optimal performance in production environments was not found on the java.library.path: [/Users/guytou/Library/Java/Extensions:/Library/Java/Extensions:/Network/Library/Java/Extensions:/System/Library/Java/Extensions:/usr/lib/java:.]
2018-09-27 01:25:25.830  INFO 35892 --- [localhost-startStop-1] o.a.c.c.C.[Tomcat].[localhost].[/]       : Initializing Spring embedded WebApplicationContext
2018-09-27 01:25:25.831  INFO 35892 --- [localhost-startStop-1] o.s.web.context.ContextLoader            : Root WebApplicationContext: initialization completed in 2459 ms
2018-09-27 01:25:26.165  WARN 35892 --- [localhost-startStop-1] c.n.c.sources.URLConfigurationSource     : No URLs will be polled as dynamic configuration sources.
2018-09-27 01:25:26.165  INFO 35892 --- [localhost-startStop-1] c.n.c.sources.URLConfigurationSource     : To enable URLs as dynamic configuration sources, define System property archaius.configurationSource.additionalUrls or make config.properties available on classpath.
2018-09-27 01:25:26.189  INFO 35892 --- [localhost-startStop-1] c.netflix.config.DynamicPropertyFactory  : DynamicPropertyFactory is initialized with configuration sources: com.netflix.config.ConcurrentCompositeConfiguration@74a08155
2018-09-27 01:25:27.513  INFO 35892 --- [localhost-startStop-1] o.s.b.w.servlet.FilterRegistrationBean   : Mapping filter: 'characterEncodingFilter' to: [/*]
2018-09-27 01:25:27.514  INFO 35892 --- [localhost-startStop-1] o.s.b.w.servlet.FilterRegistrationBean   : Mapping filter: 'hiddenHttpMethodFilter' to: [/*]
2018-09-27 01:25:27.515  INFO 35892 --- [localhost-startStop-1] o.s.b.w.servlet.FilterRegistrationBean   : Mapping filter: 'httpPutFormContentFilter' to: [/*]
2018-09-27 01:25:27.515  INFO 35892 --- [localhost-startStop-1] o.s.b.w.servlet.FilterRegistrationBean   : Mapping filter: 'requestContextFilter' to: [/*]
2018-09-27 01:25:27.515  INFO 35892 --- [localhost-startStop-1] o.s.b.w.servlet.FilterRegistrationBean   : Mapping filter: 'httpTraceFilter' to: [/*]
2018-09-27 01:25:27.515  INFO 35892 --- [localhost-startStop-1] o.s.b.w.servlet.FilterRegistrationBean   : Mapping filter: 'webMvcMetricsFilter' to: [/*]
2018-09-27 01:25:27.515  INFO 35892 --- [localhost-startStop-1] o.s.b.w.servlet.FilterRegistrationBean   : Mapping filter: 'servletContainer' to urls: [/eureka/*]
2018-09-27 01:25:27.516  INFO 35892 --- [localhost-startStop-1] o.s.b.w.servlet.ServletRegistrationBean  : Servlet dispatcherServlet mapped to [/]
2018-09-27 01:25:27.673  INFO 35892 --- [localhost-startStop-1] c.s.j.s.i.a.WebApplicationImpl           : Initiating Jersey application, version 'Jersey: 1.19.1 03/11/2016 02:08 PM'
2018-09-27 01:25:27.788  INFO 35892 --- [localhost-startStop-1] c.n.d.provider.DiscoveryJerseyProvider   : Using JSON encoding codec LegacyJacksonJson
2018-09-27 01:25:27.790  INFO 35892 --- [localhost-startStop-1] c.n.d.provider.DiscoveryJerseyProvider   : Using JSON decoding codec LegacyJacksonJson
2018-09-27 01:25:28.011  INFO 35892 --- [localhost-startStop-1] c.n.d.provider.DiscoveryJerseyProvider   : Using XML encoding codec XStreamXml
2018-09-27 01:25:28.011  INFO 35892 --- [localhost-startStop-1] c.n.d.provider.DiscoveryJerseyProvider   : Using XML decoding codec XStreamXml
2018-09-27 01:25:28.439  WARN 35892 --- [main] c.n.c.sources.URLConfigurationSource     : No URLs will be polled as dynamic configuration sources.
2018-09-27 01:25:28.439  INFO 35892 --- [main] c.n.c.sources.URLConfigurationSource     : To enable URLs as dynamic configuration sources, define System property archaius.configurationSource.additionalUrls or make config.properties available on classpath.
2018-09-27 01:25:28.659  INFO 35892 --- [main] o.s.w.s.handler.SimpleUrlHandlerMapping  : Mapped URL path [/**/favicon.ico] onto handler of type [class org.springframework.web.servlet.resource.ResourceHttpRequestHandler]
2018-09-27 01:25:28.844  INFO 35892 --- [main] s.w.s.m.m.a.RequestMappingHandlerAdapter : Looking for @ControllerAdvice: org.springframework.boot.web.servlet.context.AnnotationConfigServletWebServerApplicationContext@2b9627bc: startup date [Thu Sep 27 01:25:23 CEST 2018]; parent: org.springframework.context.annotation.AnnotationConfigApplicationContext@1b0375b3
2018-09-27 01:25:28.942  INFO 35892 --- [main] s.w.s.m.m.a.RequestMappingHandlerMapping : Mapped "{[/error]}" onto public org.springframework.http.ResponseEntity<java.util.Map<java.lang.String, java.lang.Object>> org.springframework.boot.autoconfigure.web.servlet.error.BasicErrorController.error(javax.servlet.http.HttpServletRequest)
2018-09-27 01:25:28.944  INFO 35892 --- [main] s.w.s.m.m.a.RequestMappingHandlerMapping : Mapped "{[/error],produces=[text/html]}" onto public org.springframework.web.servlet.ModelAndView org.springframework.boot.autoconfigure.web.servlet.error.BasicErrorController.errorHtml(javax.servlet.http.HttpServletRequest,javax.servlet.http.HttpServletResponse)
2018-09-27 01:25:28.949  INFO 35892 --- [main] s.w.s.m.m.a.RequestMappingHandlerMapping : Mapped "{[/],methods=[GET]}" onto public java.lang.String org.springframework.cloud.netflix.eureka.server.EurekaController.status(javax.servlet.http.HttpServletRequest,java.util.Map<java.lang.String, java.lang.Object>)
2018-09-27 01:25:28.949  INFO 35892 --- [main] s.w.s.m.m.a.RequestMappingHandlerMapping : Mapped "{[/lastn],methods=[GET]}" onto public java.lang.String org.springframework.cloud.netflix.eureka.server.EurekaController.lastn(javax.servlet.http.HttpServletRequest,java.util.Map<java.lang.String, java.lang.Object>)
2018-09-27 01:25:28.985  INFO 35892 --- [main] o.s.w.s.handler.SimpleUrlHandlerMapping  : Mapped URL path [/webjars/**] onto handler of type [class org.springframework.web.servlet.resource.ResourceHttpRequestHandler]
2018-09-27 01:25:28.985  INFO 35892 --- [main] o.s.w.s.handler.SimpleUrlHandlerMapping  : Mapped URL path [/**] onto handler of type [class org.springframework.web.servlet.resource.ResourceHttpRequestHandler]
2018-09-27 01:25:29.628  INFO 35892 --- [main] o.s.ui.freemarker.SpringTemplateLoader   : SpringTemplateLoader for FreeMarker: using resource loader [org.springframework.boot.web.servlet.context.AnnotationConfigServletWebServerApplicationContext@2b9627bc: startup date [Thu Sep 27 01:25:23 CEST 2018]; parent: org.springframework.context.annotation.AnnotationConfigApplicationContext@1b0375b3] and template loader path [classpath:/templates/]
2018-09-27 01:25:29.630  INFO 35892 --- [main] o.s.w.s.v.f.FreeMarkerConfigurer         : ClassTemplateLoader for Spring macros added to FreeMarker configuration
2018-09-27 01:25:29.799  INFO 35892 --- [main] o.s.s.c.ThreadPoolTaskScheduler          : Initializing ExecutorService  'taskScheduler'
2018-09-27 01:25:30.285  INFO 35892 --- [main] o.s.c.n.eureka.InstanceInfoFactory       : Setting initial instance status as: STARTING
2018-09-27 01:25:30.339  INFO 35892 --- [main] com.netflix.discovery.DiscoveryClient    : Initializing Eureka in region us-east-1
2018-09-27 01:25:30.339  INFO 35892 --- [main] com.netflix.discovery.DiscoveryClient    : Client configured to neither register nor query for data.
2018-09-27 01:25:30.357  INFO 35892 --- [main] com.netflix.discovery.DiscoveryClient    : Discovery Client initialized at timestamp 1538004330356 with initial instances count: 0
2018-09-27 01:25:30.436  INFO 35892 --- [main] c.n.eureka.DefaultEurekaServerContext    : Initializing ...
2018-09-27 01:25:30.438  INFO 35892 --- [main] c.n.eureka.cluster.PeerEurekaNodes       : Adding new peer nodes [http://localhost:1000/eureka/]
2018-09-27 01:25:30.976  INFO 35892 --- [main] c.n.d.provider.DiscoveryJerseyProvider   : Using JSON encoding codec LegacyJacksonJson
2018-09-27 01:25:30.977  INFO 35892 --- [main] c.n.d.provider.DiscoveryJerseyProvider   : Using JSON decoding codec LegacyJacksonJson
2018-09-27 01:25:30.977  INFO 35892 --- [main] c.n.d.provider.DiscoveryJerseyProvider   : Using XML encoding codec XStreamXml
2018-09-27 01:25:30.977  INFO 35892 --- [main] c.n.d.provider.DiscoveryJerseyProvider   : Using XML decoding codec XStreamXml
2018-09-27 01:25:31.104  INFO 35892 --- [main] c.n.eureka.cluster.PeerEurekaNodes       : Replica node URL:  http://localhost:1000/eureka/
2018-09-27 01:25:31.113  INFO 35892 --- [main] c.n.e.registry.AbstractInstanceRegistry  : Finished initializing remote region registries. All known remote regions: []
2018-09-27 01:25:31.113  INFO 35892 --- [main] c.n.eureka.DefaultEurekaServerContext    : Initialized
2018-09-27 01:25:31.139  INFO 35892 --- [main] o.s.b.a.e.web.EndpointLinksResolver      : Exposing 2 endpoint(s) beneath base path '/actuator'
2018-09-27 01:25:31.157  INFO 35892 --- [main] s.b.a.e.w.s.WebMvcEndpointHandlerMapping : Mapped "{[/actuator/health],methods=[GET],produces=[application/vnd.spring-boot.actuator.v2+json || application/json]}" onto public java.lang.Object org.springframework.boot.actuate.endpoint.web.servlet.AbstractWebMvcEndpointHandlerMapping$OperationHandler.handle(javax.servlet.http.HttpServletRequest,java.util.Map<java.lang.String, java.lang.String>)
2018-09-27 01:25:31.158  INFO 35892 --- [main] s.b.a.e.w.s.WebMvcEndpointHandlerMapping : Mapped "{[/actuator/info],methods=[GET],produces=[application/vnd.spring-boot.actuator.v2+json || application/json]}" onto public java.lang.Object org.springframework.boot.actuate.endpoint.web.servlet.AbstractWebMvcEndpointHandlerMapping$OperationHandler.handle(javax.servlet.http.HttpServletRequest,java.util.Map<java.lang.String, java.lang.String>)
2018-09-27 01:25:31.158  INFO 35892 --- [main] s.b.a.e.w.s.WebMvcEndpointHandlerMapping : Mapped "{[/actuator],methods=[GET],produces=[application/vnd.spring-boot.actuator.v2+json || application/json]}" onto protected java.util.Map<java.lang.String, java.util.Map<java.lang.String, org.springframework.boot.actuate.endpoint.web.Link>> org.springframework.boot.actuate.endpoint.web.servlet.WebMvcEndpointHandlerMapping.links(javax.servlet.http.HttpServletRequest,javax.servlet.http.HttpServletResponse)
2018-09-27 01:25:31.289  INFO 35892 --- [main] o.s.j.e.a.AnnotationMBeanExporter        : Registering beans for JMX exposure on startup
2018-09-27 01:25:31.298  INFO 35892 --- [main] o.s.j.e.a.AnnotationMBeanExporter        : Bean with name 'rabbitConnectionFactory' has been autodetected for JMX exposure
2018-09-27 01:25:31.299  INFO 35892 --- [main] o.s.j.e.a.AnnotationMBeanExporter        : Bean with name 'environmentManager' has been autodetected for JMX exposure
2018-09-27 01:25:31.300  INFO 35892 --- [main] o.s.j.e.a.AnnotationMBeanExporter        : Bean with name 'integrationMbeanExporter' has been autodetected for JMX exposure
2018-09-27 01:25:31.300  INFO 35892 --- [main] o.s.j.e.a.AnnotationMBeanExporter        : Bean with name 'refreshScope' has been autodetected for JMX exposure
2018-09-27 01:25:31.301  INFO 35892 --- [main] o.s.j.e.a.AnnotationMBeanExporter        : Bean with name 'configurationPropertiesRebinder' has been autodetected for JMX exposure
2018-09-27 01:25:31.304  INFO 35892 --- [main] o.s.j.e.a.AnnotationMBeanExporter        : Located managed bean 'environmentManager': registering with JMX server as MBean [org.springframework.cloud.context.environment:name=environmentManager,type=EnvironmentManager]
2018-09-27 01:25:31.313  INFO 35892 --- [main] o.s.j.e.a.AnnotationMBeanExporter        : Located managed bean 'refreshScope': registering with JMX server as MBean [org.springframework.cloud.context.scope.refresh:name=refreshScope,type=RefreshScope]
2018-09-27 01:25:31.325  INFO 35892 --- [main] o.s.j.e.a.AnnotationMBeanExporter        : Located managed bean 'integrationMbeanExporter': registering with JMX server as MBean [org.springframework.integration.monitor:name=integrationMbeanExporter,type=IntegrationMBeanExporter]
2018-09-27 01:25:31.357  INFO 35892 --- [main] o.s.j.e.a.AnnotationMBeanExporter        : Located managed bean 'configurationPropertiesRebinder': registering with JMX server as MBean [org.springframework.cloud.context.properties:name=configurationPropertiesRebinder,context=2b9627bc,type=ConfigurationPropertiesRebinder]
2018-09-27 01:25:31.365  INFO 35892 --- [main] o.s.j.e.a.AnnotationMBeanExporter        : Located managed bean 'rabbitConnectionFactory': registering with JMX server as MBean [org.springframework.amqp.rabbit.connection:name=rabbitConnectionFactory,type=CachingConnectionFactory]
2018-09-27 01:25:31.388  INFO 35892 --- [main] o.s.i.monitor.IntegrationMBeanExporter   : Registering beans for JMX exposure on startup
2018-09-27 01:25:31.389  INFO 35892 --- [main] o.s.i.monitor.IntegrationMBeanExporter   : Registering MessageChannel nullChannel
2018-09-27 01:25:31.392  INFO 35892 --- [main] o.s.i.monitor.IntegrationMBeanExporter   : Located managed bean 'org.springframework.integration:type=MessageChannel,name=nullChannel': registering with JMX server as MBean [org.springframework.integration:type=MessageChannel,name=nullChannel]
2018-09-27 01:25:31.399  INFO 35892 --- [main] o.s.i.monitor.IntegrationMBeanExporter   : Registering MessageChannel errorChannel
2018-09-27 01:25:31.401  INFO 35892 --- [main] o.s.i.monitor.IntegrationMBeanExporter   : Located managed bean 'org.springframework.integration:type=MessageChannel,name=errorChannel': registering with JMX server as MBean [org.springframework.integration:type=MessageChannel,name=errorChannel]
2018-09-27 01:25:31.454  INFO 35892 --- [main] o.s.i.monitor.IntegrationMBeanExporter   : Registering MessageHandler errorLogger
2018-09-27 01:25:31.456  INFO 35892 --- [main] o.s.i.monitor.IntegrationMBeanExporter   : Located managed bean 'org.springframework.integration:type=MessageHandler,name=errorLogger,bean=internal': registering with JMX server as MBean [org.springframework.integration:type=MessageHandler,name=errorLogger,bean=internal]
2018-09-27 01:25:31.482  INFO 35892 --- [main] o.s.c.support.DefaultLifecycleProcessor  : Starting beans in phase 0
2018-09-27 01:25:31.489  INFO 35892 --- [main] o.s.c.n.e.s.EurekaServiceRegistry        : Registering application registry with eureka with status UP
2018-09-27 01:25:31.495  INFO 35892 --- [main] o.s.i.endpoint.EventDrivenConsumer       : Adding {logging-channel-adapter:_org.springframework.integration.errorLogger} as a subscriber to the 'errorChannel' channel
2018-09-27 01:25:31.495  INFO 35892 --- [Thread-13] o.s.c.n.e.server.EurekaServerBootstrap   : Setting the eureka configuration..
2018-09-27 01:25:31.496  INFO 35892 --- [main] o.s.i.channel.PublishSubscribeChannel    : Channel 'application-1.errorChannel' has 1 subscriber(s).
2018-09-27 01:25:31.496  INFO 35892 --- [Thread-13] o.s.c.n.e.server.EurekaServerBootstrap   : Eureka data center value eureka.datacenter is not set, defaulting to default
2018-09-27 01:25:31.496  INFO 35892 --- [main] o.s.i.endpoint.EventDrivenConsumer       : started _org.springframework.integration.errorLogger
2018-09-27 01:25:31.496  INFO 35892 --- [main] o.s.c.support.DefaultLifecycleProcessor  : Starting beans in phase 2147483647
2018-09-27 01:25:31.497  INFO 35892 --- [Thread-13] o.s.c.n.e.server.EurekaServerBootstrap   : Eureka environment value eureka.environment is not set, defaulting to test
2018-09-27 01:25:31.517  INFO 35892 --- [Thread-13] o.s.c.n.e.server.EurekaServerBootstrap   : isAws returned false
2018-09-27 01:25:31.518  INFO 35892 --- [Thread-13] o.s.c.n.e.server.EurekaServerBootstrap   : Initialized server context
2018-09-27 01:25:31.518  INFO 35892 --- [Thread-13] c.n.e.r.PeerAwareInstanceRegistryImpl    : Got 1 instances from neighboring DS node
2018-09-27 01:25:31.518  INFO 35892 --- [Thread-13] c.n.e.r.PeerAwareInstanceRegistryImpl    : Renew threshold is: 1
2018-09-27 01:25:31.519  INFO 35892 --- [Thread-13] c.n.e.r.PeerAwareInstanceRegistryImpl    : Changing status to UP
2018-09-27 01:25:31.530  INFO 35892 --- [Thread-13] e.s.EurekaServerInitializerConfiguration : Started Eureka Server
2018-09-27 01:25:31.545 ERROR 35892 --- [main] o.apache.catalina.core.StandardService   : Failed to start connector [Connector[HTTP/1.1-1000]]

org.apache.catalina.LifecycleException: Failed to start component [Connector[HTTP/1.1-1000]]
	at org.apache.catalina.util.LifecycleBase.start(LifecycleBase.java:167)
	at org.apache.catalina.core.StandardService.addConnector(StandardService.java:225)
	at org.springframework.boot.web.embedded.tomcat.TomcatWebServer.addPreviouslyRemovedConnectors(TomcatWebServer.java:256)
	at org.springframework.boot.web.embedded.tomcat.TomcatWebServer.start(TomcatWebServer.java:198)
	at org.springframework.boot.web.servlet.context.ServletWebServerApplicationContext.startWebServer(ServletWebServerApplicationContext.java:300)
	at org.springframework.boot.web.servlet.context.ServletWebServerApplicationContext.finishRefresh(ServletWebServerApplicationContext.java:162)
	at org.springframework.context.support.AbstractApplicationContext.refresh(AbstractApplicationContext.java:553)
	at org.springframework.boot.web.servlet.context.ServletWebServerApplicationContext.refresh(ServletWebServerApplicationContext.java:140)
	at org.springframework.boot.SpringApplication.refresh(SpringApplication.java:759)
	at org.springframework.boot.SpringApplication.refreshContext(SpringApplication.java:395)
	at org.springframework.boot.SpringApplication.run(SpringApplication.java:327)
	at org.springframework.boot.SpringApplication.run(SpringApplication.java:1255)
	at org.springframework.boot.SpringApplication.run(SpringApplication.java:1243)
	at io.pivotal.microservices.registration.RegistrationServer.main(RegistrationServer.java:26)
	at io.pivotal.microservices.Main.main(Main.java:41)
	at sun.reflect.NativeMethodAccessorImpl.invoke0(Native Method)
	at sun.reflect.NativeMethodAccessorImpl.invoke(NativeMethodAccessorImpl.java:62)
	at sun.reflect.DelegatingMethodAccessorImpl.invoke(DelegatingMethodAccessorImpl.java:43)
	at java.lang.reflect.Method.invoke(Method.java:498)
	at org.springframework.boot.loader.MainMethodRunner.run(MainMethodRunner.java:48)
	at org.springframework.boot.loader.Launcher.launch(Launcher.java:87)
	at org.springframework.boot.loader.Launcher.launch(Launcher.java:50)
	at org.springframework.boot.loader.JarLauncher.main(JarLauncher.java:51)
Caused by: org.apache.catalina.LifecycleException: Protocol handler start failed
	at org.apache.catalina.connector.Connector.startInternal(Connector.java:1020)
	at org.apache.catalina.util.LifecycleBase.start(LifecycleBase.java:150)
	... 22 common frames omitted
Caused by: java.net.SocketException: Permission denied
	at sun.nio.ch.Net.bind0(Native Method)
	at sun.nio.ch.Net.bind(Net.java:433)
	at sun.nio.ch.Net.bind(Net.java:425)
	at sun.nio.ch.ServerSocketChannelImpl.bind(ServerSocketChannelImpl.java:223)
	at sun.nio.ch.ServerSocketAdaptor.bind(ServerSocketAdaptor.java:74)
	at org.apache.tomcat.util.net.NioEndpoint.bind(NioEndpoint.java:210)
	at org.apache.tomcat.util.net.AbstractEndpoint.start(AbstractEndpoint.java:1150)
	at org.apache.coyote.AbstractProtocol.start(AbstractProtocol.java:591)
	at org.apache.catalina.connector.Connector.startInternal(Connector.java:1018)
	... 23 common frames omitted

2018-09-27 01:25:31.551  INFO 35892 --- [main] o.apache.catalina.core.StandardService   : Stopping service [Tomcat]
2018-09-27 01:25:31.555  WARN 35892 --- [localhost-startStop-1] o.a.c.loader.WebappClassLoaderBase       : The web application [ROOT] appears to have started a thread named [spring.cloud.inetutils] but has failed to stop it. This is very likely to create a memory leak. Stack trace of thread:
 sun.misc.Unsafe.park(Native Method)
 java.util.concurrent.locks.LockSupport.park(LockSupport.java:175)
 java.util.concurrent.locks.AbstractQueuedSynchronizer$ConditionObject.await(AbstractQueuedSynchronizer.java:2039)
 java.util.concurrent.LinkedBlockingQueue.take(LinkedBlockingQueue.java:442)
 java.util.concurrent.ThreadPoolExecutor.getTask(ThreadPoolExecutor.java:1074)
 java.util.concurrent.ThreadPoolExecutor.runWorker(ThreadPoolExecutor.java:1134)
 java.util.concurrent.ThreadPoolExecutor$Worker.run(ThreadPoolExecutor.java:624)
 java.lang.Thread.run(Thread.java:748)
2018-09-27 01:25:31.567  INFO 35892 --- [main] ConditionEvaluationReportLoggingListener : 

Error starting ApplicationContext. To display the conditions report re-run your application with 'debug' enabled.
2018-09-27 01:25:31.570 ERROR 35892 --- [main] o.s.b.d.LoggingFailureAnalysisReporter   : 

***************************
APPLICATION FAILED TO START
***************************

Description:

The Tomcat connector configured to listen on port 1000 failed to start. The port may already be in use or the connector may be misconfigured.

Action:

Verify the connector's configuration, identify and stop any process that's listening on port 1000, or configure this application to listen on another port.

2018-09-27 01:25:31.572  INFO 35892 --- [main] ConfigServletWebServerApplicationContext : Closing org.springframework.boot.web.servlet.context.AnnotationConfigServletWebServerApplicationContext@2b9627bc: startup date [Thu Sep 27 01:25:23 CEST 2018]; parent: org.springframework.context.annotation.AnnotationConfigApplicationContext@1b0375b3
2018-09-27 01:25:31.573  INFO 35892 --- [main] o.s.c.n.e.s.EurekaServiceRegistry        : Unregistering application registry with eureka with status DOWN
2018-09-27 01:25:31.574  INFO 35892 --- [main] o.s.c.support.DefaultLifecycleProcessor  : Stopping beans in phase 2147483647
2018-09-27 01:25:31.575  INFO 35892 --- [main] o.s.c.support.DefaultLifecycleProcessor  : Stopping beans in phase 0
2018-09-27 01:25:31.581  INFO 35892 --- [main] o.s.i.endpoint.EventDrivenConsumer       : Removing {logging-channel-adapter:_org.springframework.integration.errorLogger} as a subscriber to the 'errorChannel' channel
2018-09-27 01:25:31.582  INFO 35892 --- [main] o.s.i.channel.PublishSubscribeChannel    : Channel 'application-1.errorChannel' has 0 subscriber(s).
2018-09-27 01:25:31.582  INFO 35892 --- [main] o.s.i.endpoint.EventDrivenConsumer       : stopped _org.springframework.integration.errorLogger
2018-09-27 01:25:31.583  INFO 35892 --- [main] c.n.eureka.DefaultEurekaServerContext    : Shutting down ...
2018-09-27 01:25:31.585  INFO 35892 --- [main] c.n.eureka.DefaultEurekaServerContext    : Shut down
2018-09-27 01:25:31.588  INFO 35892 --- [main] o.s.s.c.ThreadPoolTaskScheduler          : Shutting down ExecutorService 'taskScheduler'
2018-09-27 01:25:31.588  INFO 35892 --- [main] o.s.i.monitor.IntegrationMBeanExporter   : Unregistering JMX-exposed beans on shutdown
2018-09-27 01:25:31.589  INFO 35892 --- [main] o.s.i.monitor.IntegrationMBeanExporter   : Unregistering JMX-exposed beans
2018-09-27 01:25:31.589  INFO 35892 --- [main] o.s.i.monitor.IntegrationMBeanExporter   : Summary on shutdown: nullChannel
2018-09-27 01:25:31.589  INFO 35892 --- [main] o.s.i.monitor.IntegrationMBeanExporter   : Summary on shutdown: errorChannel
2018-09-27 01:25:31.589  INFO 35892 --- [main] o.s.i.monitor.IntegrationMBeanExporter   : Summary on shutdown: _org.springframework.integration.errorLogger.handler
2018-09-27 01:25:31.590  INFO 35892 --- [main] o.s.j.e.a.AnnotationMBeanExporter        : Unregistering JMX-exposed beans on shutdown
2018-09-27 01:25:31.590  INFO 35892 --- [main] o.s.j.e.a.AnnotationMBeanExporter        : Unregistering JMX-exposed beans
2018-09-27 01:25:31.596  INFO 35892 --- [main] com.netflix.discovery.DiscoveryClient    : Shutting down DiscoveryClient ...
2018-09-27 01:25:31.596  INFO 35892 --- [main] com.netflix.discovery.DiscoveryClient    : Completed shut down of DiscoveryClient
2018-09-27 01:26:56.969  INFO 36252 --- [main] i.p.m.registration.RegistrationServer    : The following profiles are active: reg
2018-09-27 01:26:56.985  INFO 36252 --- [main] ConfigServletWebServerApplicationContext : Refreshing org.springframework.boot.web.servlet.context.AnnotationConfigServletWebServerApplicationContext@65e2dbf3: startup date [Thu Sep 27 01:26:56 CEST 2018]; parent: org.springframework.context.annotation.AnnotationConfigApplicationContext@2f7c7260
2018-09-27 01:26:57.863  INFO 36252 --- [main] o.s.i.config.IntegrationRegistrar        : No bean named 'integrationHeaderChannelRegistry' has been explicitly defined. Therefore, a default DefaultHeaderChannelRegistry will be created.
2018-09-27 01:26:58.508  INFO 36252 --- [main] o.s.cloud.context.scope.GenericScope     : BeanFactory id=8668d8a0-7b8e-34c8-8ad0-a8143884a966
2018-09-27 01:26:58.532  INFO 36252 --- [main] faultConfiguringBeanFactoryPostProcessor : No bean named 'errorChannel' has been explicitly defined. Therefore, a default PublishSubscribeChannel will be created.
2018-09-27 01:26:58.538  INFO 36252 --- [main] faultConfiguringBeanFactoryPostProcessor : No bean named 'taskScheduler' has been explicitly defined. Therefore, a default ThreadPoolTaskScheduler will be created.
2018-09-27 01:26:58.552  INFO 36252 --- [main] f.a.AutowiredAnnotationBeanPostProcessor : JSR-330 'javax.inject.Inject' annotation found and supported for autowiring
2018-09-27 01:26:58.607  INFO 36252 --- [main] trationDelegate$BeanPostProcessorChecker : Bean 'org.springframework.amqp.rabbit.annotation.RabbitBootstrapConfiguration' of type [org.springframework.amqp.rabbit.annotation.RabbitBootstrapConfiguration$$EnhancerBySpringCGLIB$$54d20af1] is not eligible for getting processed by all BeanPostProcessors (for example: not eligible for auto-proxying)
2018-09-27 01:26:58.764  INFO 36252 --- [main] trationDelegate$BeanPostProcessorChecker : Bean 'org.springframework.integration.config.IntegrationManagementConfiguration' of type [org.springframework.integration.config.IntegrationManagementConfiguration$$EnhancerBySpringCGLIB$$f95807f2] is not eligible for getting processed by all BeanPostProcessors (for example: not eligible for auto-proxying)
2018-09-27 01:26:58.802  INFO 36252 --- [main] trationDelegate$BeanPostProcessorChecker : Bean 'org.springframework.cloud.autoconfigure.ConfigurationPropertiesRebinderAutoConfiguration' of type [org.springframework.cloud.autoconfigure.ConfigurationPropertiesRebinderAutoConfiguration$$EnhancerBySpringCGLIB$$aa804fc0] is not eligible for getting processed by all BeanPostProcessors (for example: not eligible for auto-proxying)
2018-09-27 01:26:58.817  INFO 36252 --- [main] trationDelegate$BeanPostProcessorChecker : Bean 'org.springframework.integration.dsl.context.IntegrationFlowContext' of type [org.springframework.integration.dsl.context.IntegrationFlowContext] is not eligible for getting processed by all BeanPostProcessors (for example: not eligible for auto-proxying)
2018-09-27 01:26:59.119  INFO 36252 --- [main] o.s.b.w.embedded.tomcat.TomcatWebServer  : Tomcat initialized with port(s): 9999 (http)
2018-09-27 01:26:59.147  INFO 36252 --- [main] o.apache.catalina.core.StandardService   : Starting service [Tomcat]
2018-09-27 01:26:59.148  INFO 36252 --- [main] org.apache.catalina.core.StandardEngine  : Starting Servlet Engine: Apache Tomcat/8.5.31
2018-09-27 01:26:59.160  INFO 36252 --- [localhost-startStop-1] o.a.catalina.core.AprLifecycleListener   : The APR based Apache Tomcat Native library which allows optimal performance in production environments was not found on the java.library.path: [/Users/guytou/Library/Java/Extensions:/Library/Java/Extensions:/Network/Library/Java/Extensions:/System/Library/Java/Extensions:/usr/lib/java:.]
2018-09-27 01:26:59.264  INFO 36252 --- [localhost-startStop-1] o.a.c.c.C.[Tomcat].[localhost].[/]       : Initializing Spring embedded WebApplicationContext
2018-09-27 01:26:59.264  INFO 36252 --- [localhost-startStop-1] o.s.web.context.ContextLoader            : Root WebApplicationContext: initialization completed in 2279 ms
2018-09-27 01:26:59.576  WARN 36252 --- [localhost-startStop-1] c.n.c.sources.URLConfigurationSource     : No URLs will be polled as dynamic configuration sources.
2018-09-27 01:26:59.576  INFO 36252 --- [localhost-startStop-1] c.n.c.sources.URLConfigurationSource     : To enable URLs as dynamic configuration sources, define System property archaius.configurationSource.additionalUrls or make config.properties available on classpath.
2018-09-27 01:26:59.595  INFO 36252 --- [localhost-startStop-1] c.netflix.config.DynamicPropertyFactory  : DynamicPropertyFactory is initialized with configuration sources: com.netflix.config.ConcurrentCompositeConfiguration@7faf4123
2018-09-27 01:27:00.902  INFO 36252 --- [localhost-startStop-1] o.s.b.w.servlet.FilterRegistrationBean   : Mapping filter: 'characterEncodingFilter' to: [/*]
2018-09-27 01:27:00.902  INFO 36252 --- [localhost-startStop-1] o.s.b.w.servlet.FilterRegistrationBean   : Mapping filter: 'hiddenHttpMethodFilter' to: [/*]
2018-09-27 01:27:00.903  INFO 36252 --- [localhost-startStop-1] o.s.b.w.servlet.FilterRegistrationBean   : Mapping filter: 'httpPutFormContentFilter' to: [/*]
2018-09-27 01:27:00.903  INFO 36252 --- [localhost-startStop-1] o.s.b.w.servlet.FilterRegistrationBean   : Mapping filter: 'requestContextFilter' to: [/*]
2018-09-27 01:27:00.903  INFO 36252 --- [localhost-startStop-1] o.s.b.w.servlet.FilterRegistrationBean   : Mapping filter: 'httpTraceFilter' to: [/*]
2018-09-27 01:27:00.903  INFO 36252 --- [localhost-startStop-1] o.s.b.w.servlet.FilterRegistrationBean   : Mapping filter: 'webMvcMetricsFilter' to: [/*]
2018-09-27 01:27:00.903  INFO 36252 --- [localhost-startStop-1] o.s.b.w.servlet.FilterRegistrationBean   : Mapping filter: 'servletContainer' to urls: [/eureka/*]
2018-09-27 01:27:00.904  INFO 36252 --- [localhost-startStop-1] o.s.b.w.servlet.ServletRegistrationBean  : Servlet dispatcherServlet mapped to [/]
2018-09-27 01:27:01.049  INFO 36252 --- [localhost-startStop-1] c.s.j.s.i.a.WebApplicationImpl           : Initiating Jersey application, version 'Jersey: 1.19.1 03/11/2016 02:08 PM'
2018-09-27 01:27:01.150  INFO 36252 --- [localhost-startStop-1] c.n.d.provider.DiscoveryJerseyProvider   : Using JSON encoding codec LegacyJacksonJson
2018-09-27 01:27:01.152  INFO 36252 --- [localhost-startStop-1] c.n.d.provider.DiscoveryJerseyProvider   : Using JSON decoding codec LegacyJacksonJson
2018-09-27 01:27:01.348  INFO 36252 --- [localhost-startStop-1] c.n.d.provider.DiscoveryJerseyProvider   : Using XML encoding codec XStreamXml
2018-09-27 01:27:01.349  INFO 36252 --- [localhost-startStop-1] c.n.d.provider.DiscoveryJerseyProvider   : Using XML decoding codec XStreamXml
2018-09-27 01:27:01.756  WARN 36252 --- [main] c.n.c.sources.URLConfigurationSource     : No URLs will be polled as dynamic configuration sources.
2018-09-27 01:27:01.756  INFO 36252 --- [main] c.n.c.sources.URLConfigurationSource     : To enable URLs as dynamic configuration sources, define System property archaius.configurationSource.additionalUrls or make config.properties available on classpath.
2018-09-27 01:27:02.003  INFO 36252 --- [main] o.s.w.s.handler.SimpleUrlHandlerMapping  : Mapped URL path [/**/favicon.ico] onto handler of type [class org.springframework.web.servlet.resource.ResourceHttpRequestHandler]
2018-09-27 01:27:02.167  INFO 36252 --- [main] s.w.s.m.m.a.RequestMappingHandlerAdapter : Looking for @ControllerAdvice: org.springframework.boot.web.servlet.context.AnnotationConfigServletWebServerApplicationContext@65e2dbf3: startup date [Thu Sep 27 01:26:56 CEST 2018]; parent: org.springframework.context.annotation.AnnotationConfigApplicationContext@2f7c7260
2018-09-27 01:27:02.269  INFO 36252 --- [main] s.w.s.m.m.a.RequestMappingHandlerMapping : Mapped "{[/error]}" onto public org.springframework.http.ResponseEntity<java.util.Map<java.lang.String, java.lang.Object>> org.springframework.boot.autoconfigure.web.servlet.error.BasicErrorController.error(javax.servlet.http.HttpServletRequest)
2018-09-27 01:27:02.271  INFO 36252 --- [main] s.w.s.m.m.a.RequestMappingHandlerMapping : Mapped "{[/error],produces=[text/html]}" onto public org.springframework.web.servlet.ModelAndView org.springframework.boot.autoconfigure.web.servlet.error.BasicErrorController.errorHtml(javax.servlet.http.HttpServletRequest,javax.servlet.http.HttpServletResponse)
2018-09-27 01:27:02.276  INFO 36252 --- [main] s.w.s.m.m.a.RequestMappingHandlerMapping : Mapped "{[/],methods=[GET]}" onto public java.lang.String org.springframework.cloud.netflix.eureka.server.EurekaController.status(javax.servlet.http.HttpServletRequest,java.util.Map<java.lang.String, java.lang.Object>)
2018-09-27 01:27:02.277  INFO 36252 --- [main] s.w.s.m.m.a.RequestMappingHandlerMapping : Mapped "{[/lastn],methods=[GET]}" onto public java.lang.String org.springframework.cloud.netflix.eureka.server.EurekaController.lastn(javax.servlet.http.HttpServletRequest,java.util.Map<java.lang.String, java.lang.Object>)
2018-09-27 01:27:02.310  INFO 36252 --- [main] o.s.w.s.handler.SimpleUrlHandlerMapping  : Mapped URL path [/webjars/**] onto handler of type [class org.springframework.web.servlet.resource.ResourceHttpRequestHandler]
2018-09-27 01:27:02.311  INFO 36252 --- [main] o.s.w.s.handler.SimpleUrlHandlerMapping  : Mapped URL path [/**] onto handler of type [class org.springframework.web.servlet.resource.ResourceHttpRequestHandler]
2018-09-27 01:27:02.953  INFO 36252 --- [main] o.s.ui.freemarker.SpringTemplateLoader   : SpringTemplateLoader for FreeMarker: using resource loader [org.springframework.boot.web.servlet.context.AnnotationConfigServletWebServerApplicationContext@65e2dbf3: startup date [Thu Sep 27 01:26:56 CEST 2018]; parent: org.springframework.context.annotation.AnnotationConfigApplicationContext@2f7c7260] and template loader path [classpath:/templates/]
2018-09-27 01:27:02.955  INFO 36252 --- [main] o.s.w.s.v.f.FreeMarkerConfigurer         : ClassTemplateLoader for Spring macros added to FreeMarker configuration
2018-09-27 01:27:03.131  INFO 36252 --- [main] o.s.s.c.ThreadPoolTaskScheduler          : Initializing ExecutorService  'taskScheduler'
2018-09-27 01:27:03.602  INFO 36252 --- [main] o.s.c.n.eureka.InstanceInfoFactory       : Setting initial instance status as: STARTING
2018-09-27 01:27:03.661  INFO 36252 --- [main] com.netflix.discovery.DiscoveryClient    : Initializing Eureka in region us-east-1
2018-09-27 01:27:03.662  INFO 36252 --- [main] com.netflix.discovery.DiscoveryClient    : Client configured to neither register nor query for data.
2018-09-27 01:27:03.681  INFO 36252 --- [main] com.netflix.discovery.DiscoveryClient    : Discovery Client initialized at timestamp 1538004423679 with initial instances count: 0
2018-09-27 01:27:03.755  INFO 36252 --- [main] c.n.eureka.DefaultEurekaServerContext    : Initializing ...
2018-09-27 01:27:03.758  INFO 36252 --- [main] c.n.eureka.cluster.PeerEurekaNodes       : Adding new peer nodes [http://localhost:9999/eureka/]
2018-09-27 01:27:04.229  INFO 36252 --- [main] c.n.d.provider.DiscoveryJerseyProvider   : Using JSON encoding codec LegacyJacksonJson
2018-09-27 01:27:04.230  INFO 36252 --- [main] c.n.d.provider.DiscoveryJerseyProvider   : Using JSON decoding codec LegacyJacksonJson
2018-09-27 01:27:04.230  INFO 36252 --- [main] c.n.d.provider.DiscoveryJerseyProvider   : Using XML encoding codec XStreamXml
2018-09-27 01:27:04.230  INFO 36252 --- [main] c.n.d.provider.DiscoveryJerseyProvider   : Using XML decoding codec XStreamXml
2018-09-27 01:27:04.355  INFO 36252 --- [main] c.n.eureka.cluster.PeerEurekaNodes       : Replica node URL:  http://localhost:9999/eureka/
2018-09-27 01:27:04.366  INFO 36252 --- [main] c.n.e.registry.AbstractInstanceRegistry  : Finished initializing remote region registries. All known remote regions: []
2018-09-27 01:27:04.367  INFO 36252 --- [main] c.n.eureka.DefaultEurekaServerContext    : Initialized
2018-09-27 01:27:04.396  INFO 36252 --- [main] o.s.b.a.e.web.EndpointLinksResolver      : Exposing 2 endpoint(s) beneath base path '/actuator'
2018-09-27 01:27:04.416  INFO 36252 --- [main] s.b.a.e.w.s.WebMvcEndpointHandlerMapping : Mapped "{[/actuator/health],methods=[GET],produces=[application/vnd.spring-boot.actuator.v2+json || application/json]}" onto public java.lang.Object org.springframework.boot.actuate.endpoint.web.servlet.AbstractWebMvcEndpointHandlerMapping$OperationHandler.handle(javax.servlet.http.HttpServletRequest,java.util.Map<java.lang.String, java.lang.String>)
2018-09-27 01:27:04.417  INFO 36252 --- [main] s.b.a.e.w.s.WebMvcEndpointHandlerMapping : Mapped "{[/actuator/info],methods=[GET],produces=[application/vnd.spring-boot.actuator.v2+json || application/json]}" onto public java.lang.Object org.springframework.boot.actuate.endpoint.web.servlet.AbstractWebMvcEndpointHandlerMapping$OperationHandler.handle(javax.servlet.http.HttpServletRequest,java.util.Map<java.lang.String, java.lang.String>)
2018-09-27 01:27:04.418  INFO 36252 --- [main] s.b.a.e.w.s.WebMvcEndpointHandlerMapping : Mapped "{[/actuator],methods=[GET],produces=[application/vnd.spring-boot.actuator.v2+json || application/json]}" onto protected java.util.Map<java.lang.String, java.util.Map<java.lang.String, org.springframework.boot.actuate.endpoint.web.Link>> org.springframework.boot.actuate.endpoint.web.servlet.WebMvcEndpointHandlerMapping.links(javax.servlet.http.HttpServletRequest,javax.servlet.http.HttpServletResponse)
2018-09-27 01:27:04.584  INFO 36252 --- [main] o.s.j.e.a.AnnotationMBeanExporter        : Registering beans for JMX exposure on startup
2018-09-27 01:27:04.594  INFO 36252 --- [main] o.s.j.e.a.AnnotationMBeanExporter        : Bean with name 'rabbitConnectionFactory' has been autodetected for JMX exposure
2018-09-27 01:27:04.595  INFO 36252 --- [main] o.s.j.e.a.AnnotationMBeanExporter        : Bean with name 'environmentManager' has been autodetected for JMX exposure
2018-09-27 01:27:04.596  INFO 36252 --- [main] o.s.j.e.a.AnnotationMBeanExporter        : Bean with name 'integrationMbeanExporter' has been autodetected for JMX exposure
2018-09-27 01:27:04.597  INFO 36252 --- [main] o.s.j.e.a.AnnotationMBeanExporter        : Bean with name 'refreshScope' has been autodetected for JMX exposure
2018-09-27 01:27:04.598  INFO 36252 --- [main] o.s.j.e.a.AnnotationMBeanExporter        : Bean with name 'configurationPropertiesRebinder' has been autodetected for JMX exposure
2018-09-27 01:27:04.602  INFO 36252 --- [main] o.s.j.e.a.AnnotationMBeanExporter        : Located managed bean 'environmentManager': registering with JMX server as MBean [org.springframework.cloud.context.environment:name=environmentManager,type=EnvironmentManager]
2018-09-27 01:27:04.612  INFO 36252 --- [main] o.s.j.e.a.AnnotationMBeanExporter        : Located managed bean 'refreshScope': registering with JMX server as MBean [org.springframework.cloud.context.scope.refresh:name=refreshScope,type=RefreshScope]
2018-09-27 01:27:04.629  INFO 36252 --- [main] o.s.j.e.a.AnnotationMBeanExporter        : Located managed bean 'integrationMbeanExporter': registering with JMX server as MBean [org.springframework.integration.monitor:name=integrationMbeanExporter,type=IntegrationMBeanExporter]
2018-09-27 01:27:04.661  INFO 36252 --- [main] o.s.j.e.a.AnnotationMBeanExporter        : Located managed bean 'configurationPropertiesRebinder': registering with JMX server as MBean [org.springframework.cloud.context.properties:name=configurationPropertiesRebinder,context=65e2dbf3,type=ConfigurationPropertiesRebinder]
2018-09-27 01:27:04.668  INFO 36252 --- [main] o.s.j.e.a.AnnotationMBeanExporter        : Located managed bean 'rabbitConnectionFactory': registering with JMX server as MBean [org.springframework.amqp.rabbit.connection:name=rabbitConnectionFactory,type=CachingConnectionFactory]
2018-09-27 01:27:04.690  INFO 36252 --- [main] o.s.i.monitor.IntegrationMBeanExporter   : Registering beans for JMX exposure on startup
2018-09-27 01:27:04.691  INFO 36252 --- [main] o.s.i.monitor.IntegrationMBeanExporter   : Registering MessageChannel nullChannel
2018-09-27 01:27:04.694  INFO 36252 --- [main] o.s.i.monitor.IntegrationMBeanExporter   : Located managed bean 'org.springframework.integration:type=MessageChannel,name=nullChannel': registering with JMX server as MBean [org.springframework.integration:type=MessageChannel,name=nullChannel]
2018-09-27 01:27:04.702  INFO 36252 --- [main] o.s.i.monitor.IntegrationMBeanExporter   : Registering MessageChannel errorChannel
2018-09-27 01:27:04.704  INFO 36252 --- [main] o.s.i.monitor.IntegrationMBeanExporter   : Located managed bean 'org.springframework.integration:type=MessageChannel,name=errorChannel': registering with JMX server as MBean [org.springframework.integration:type=MessageChannel,name=errorChannel]
2018-09-27 01:27:04.766  INFO 36252 --- [main] o.s.i.monitor.IntegrationMBeanExporter   : Registering MessageHandler errorLogger
2018-09-27 01:27:04.767  INFO 36252 --- [main] o.s.i.monitor.IntegrationMBeanExporter   : Located managed bean 'org.springframework.integration:type=MessageHandler,name=errorLogger,bean=internal': registering with JMX server as MBean [org.springframework.integration:type=MessageHandler,name=errorLogger,bean=internal]
2018-09-27 01:27:04.804  INFO 36252 --- [main] o.s.c.support.DefaultLifecycleProcessor  : Starting beans in phase 0
2018-09-27 01:27:04.812  INFO 36252 --- [main] o.s.c.n.e.s.EurekaServiceRegistry        : Registering application registry with eureka with status UP
2018-09-27 01:27:04.817  INFO 36252 --- [main] o.s.i.endpoint.EventDrivenConsumer       : Adding {logging-channel-adapter:_org.springframework.integration.errorLogger} as a subscriber to the 'errorChannel' channel
2018-09-27 01:27:04.817  INFO 36252 --- [Thread-13] o.s.c.n.e.server.EurekaServerBootstrap   : Setting the eureka configuration..
2018-09-27 01:27:04.817  INFO 36252 --- [main] o.s.i.channel.PublishSubscribeChannel    : Channel 'application-1.errorChannel' has 1 subscriber(s).
2018-09-27 01:27:04.817  INFO 36252 --- [Thread-13] o.s.c.n.e.server.EurekaServerBootstrap   : Eureka data center value eureka.datacenter is not set, defaulting to default
2018-09-27 01:27:04.817  INFO 36252 --- [main] o.s.i.endpoint.EventDrivenConsumer       : started _org.springframework.integration.errorLogger
2018-09-27 01:27:04.818  INFO 36252 --- [main] o.s.c.support.DefaultLifecycleProcessor  : Starting beans in phase 2147483647
2018-09-27 01:27:04.818  INFO 36252 --- [Thread-13] o.s.c.n.e.server.EurekaServerBootstrap   : Eureka environment value eureka.environment is not set, defaulting to test
2018-09-27 01:27:04.837  INFO 36252 --- [Thread-13] o.s.c.n.e.server.EurekaServerBootstrap   : isAws returned false
2018-09-27 01:27:04.838  INFO 36252 --- [Thread-13] o.s.c.n.e.server.EurekaServerBootstrap   : Initialized server context
2018-09-27 01:27:04.838  INFO 36252 --- [Thread-13] c.n.e.r.PeerAwareInstanceRegistryImpl    : Got 1 instances from neighboring DS node
2018-09-27 01:27:04.839  INFO 36252 --- [Thread-13] c.n.e.r.PeerAwareInstanceRegistryImpl    : Renew threshold is: 1
2018-09-27 01:27:04.839  INFO 36252 --- [Thread-13] c.n.e.r.PeerAwareInstanceRegistryImpl    : Changing status to UP
2018-09-27 01:27:04.848  INFO 36252 --- [Thread-13] e.s.EurekaServerInitializerConfiguration : Started Eureka Server
2018-09-27 01:27:04.884  INFO 36252 --- [main] o.s.b.w.embedded.tomcat.TomcatWebServer  : Tomcat started on port(s): 9999 (http) with context path ''
2018-09-27 01:27:04.885  INFO 36252 --- [main] .s.c.n.e.s.EurekaAutoServiceRegistration : Updating port to 9999
2018-09-27 01:27:04.889  INFO 36252 --- [main] i.p.m.registration.RegistrationServer    : Started RegistrationServer in 9.544 seconds (JVM running for 10.287)
2018-09-27 01:27:30.417  INFO 36252 --- [http-nio-9999-exec-1] o.a.c.c.C.[Tomcat].[localhost].[/]       : Initializing Spring FrameworkServlet 'dispatcherServlet'
2018-09-27 01:27:30.417  INFO 36252 --- [http-nio-9999-exec-1] o.s.web.servlet.DispatcherServlet        : FrameworkServlet 'dispatcherServlet': initialization started
2018-09-27 01:27:30.453  INFO 36252 --- [http-nio-9999-exec-1] o.s.web.servlet.DispatcherServlet        : FrameworkServlet 'dispatcherServlet': initialization completed in 36 ms
2018-09-27 01:27:30.844  INFO 36252 --- [http-nio-9999-exec-2] c.n.e.registry.AbstractInstanceRegistry  : Registered instance SINAPPS-POLLER/gmbp.home:sinapps-poller:1111 with status UP (replication=false)
2018-09-27 01:27:31.465  INFO 36252 --- [http-nio-9999-exec-3] c.n.e.registry.AbstractInstanceRegistry  : Registered instance SINAPPS-POLLER/gmbp.home:sinapps-poller:1111 with status UP (replication=true)
2018-09-27 01:27:59.136  INFO 36252 --- [http-nio-9999-exec-5] c.n.e.registry.AbstractInstanceRegistry  : Registered instance ITEX-PUBLISHER/gmbp.home:itex-publisher:2222 with status UP (replication=false)
2018-09-27 01:27:59.655  INFO 36252 --- [http-nio-9999-exec-6] c.n.e.registry.AbstractInstanceRegistry  : Registered instance ITEX-PUBLISHER/gmbp.home:itex-publisher:2222 with status UP (replication=true)
2018-09-27 01:28:04.842  INFO 36252 --- [Eureka-EvictionTimer] c.n.e.registry.AbstractInstanceRegistry  : Running the evict task with compensationTime 0ms
2018-09-27 01:28:12.136  INFO 36252 --- [http-nio-9999-exec-1] c.n.e.registry.AbstractInstanceRegistry  : Registered instance ITEX-POLLER/gmbp.home:itex-poller:3333 with status UP (replication=false)
2018-09-27 01:28:12.661  INFO 36252 --- [http-nio-9999-exec-2] c.n.e.registry.AbstractInstanceRegistry  : Registered instance ITEX-POLLER/gmbp.home:itex-poller:3333 with status UP (replication=true)
2018-09-27 01:28:20.514  INFO 36252 --- [http-nio-9999-exec-4] c.n.e.registry.AbstractInstanceRegistry  : Registered instance SINAPPS-PUBLISHER/gmbp.home:sinapps-publisher:4444 with status UP (replication=false)
2018-09-27 01:28:21.027  INFO 36252 --- [http-nio-9999-exec-5] c.n.e.registry.AbstractInstanceRegistry  : Registered instance SINAPPS-PUBLISHER/gmbp.home:sinapps-publisher:4444 with status UP (replication=true)
2018-09-27 01:29:04.841  INFO 36252 --- [Eureka-EvictionTimer] c.n.e.registry.AbstractInstanceRegistry  : Running the evict task with compensationTime 2ms
2018-09-27 01:30:04.842  INFO 36252 --- [Eureka-EvictionTimer] c.n.e.registry.AbstractInstanceRegistry  : Running the evict task with compensationTime 3ms
2018-09-27 01:31:04.842  INFO 36252 --- [Eureka-EvictionTimer] c.n.e.registry.AbstractInstanceRegistry  : Running the evict task with compensationTime 2ms
2018-09-27 01:31:38.142  INFO 36252 --- [http-nio-9999-exec-7] c.n.e.registry.AbstractInstanceRegistry  : Registered instance SINAPPS-PUBLISHER/gmbp.home:sinapps-publisher:5555 with status UP (replication=false)
2018-09-27 01:31:38.652  INFO 36252 --- [http-nio-9999-exec-6] c.n.e.registry.AbstractInstanceRegistry  : Registered instance SINAPPS-PUBLISHER/gmbp.home:sinapps-publisher:5555 with status UP (replication=true)
2018-09-27 01:32:04.842  INFO 36252 --- [Eureka-EvictionTimer] c.n.e.registry.AbstractInstanceRegistry  : Running the evict task with compensationTime 2ms
2018-09-27 01:32:11.843  INFO 36252 --- [http-nio-9999-exec-1] c.n.e.registry.AbstractInstanceRegistry  : Registered instance ITEX-PUBLISHER/gmbp.home:itex-publisher:6666 with status UP (replication=false)
2018-09-27 01:32:12.355  INFO 36252 --- [http-nio-9999-exec-5] c.n.e.registry.AbstractInstanceRegistry  : Registered instance ITEX-PUBLISHER/gmbp.home:itex-publisher:6666 with status UP (replication=true)
2018-09-27 01:32:33.949  INFO 36252 --- [http-nio-9999-exec-1] c.n.e.registry.AbstractInstanceRegistry  : Registered instance ITEX-PUBLISHER/gmbp.home:itex-publisher:6666 with status UP (replication=false)
2018-09-27 01:32:34.460  INFO 36252 --- [http-nio-9999-exec-3] c.n.e.registry.AbstractInstanceRegistry  : Registered instance ITEX-PUBLISHER/gmbp.home:itex-publisher:6666 with status UP (replication=true)
2018-09-27 01:32:37.930  INFO 36252 --- [http-nio-9999-exec-5] c.n.e.registry.AbstractInstanceRegistry  : Registered instance SINAPPS-PUBLISHER/gmbp.home:sinapps-publisher:5555 with status UP (replication=false)
2018-09-27 01:32:38.443  INFO 36252 --- [http-nio-9999-exec-8] c.n.e.registry.AbstractInstanceRegistry  : Registered instance SINAPPS-PUBLISHER/gmbp.home:sinapps-publisher:5555 with status UP (replication=true)
2018-09-27 01:32:41.376  INFO 36252 --- [http-nio-9999-exec-10] c.n.e.registry.AbstractInstanceRegistry  : Registered instance SINAPPS-PUBLISHER/gmbp.home:sinapps-publisher:4444 with status UP (replication=false)
2018-09-27 01:32:41.886  INFO 36252 --- [http-nio-9999-exec-1] c.n.e.registry.AbstractInstanceRegistry  : Registered instance SINAPPS-PUBLISHER/gmbp.home:sinapps-publisher:4444 with status UP (replication=true)
2018-09-27 01:32:43.913  INFO 36252 --- [http-nio-9999-exec-7] c.n.e.registry.AbstractInstanceRegistry  : Registered instance ITEX-POLLER/gmbp.home:itex-poller:3333 with status UP (replication=false)
2018-09-27 01:32:44.420  INFO 36252 --- [http-nio-9999-exec-9] c.n.e.registry.AbstractInstanceRegistry  : Registered instance ITEX-POLLER/gmbp.home:itex-poller:3333 with status UP (replication=true)
2018-09-27 01:32:46.605  INFO 36252 --- [http-nio-9999-exec-8] c.n.e.registry.AbstractInstanceRegistry  : Registered instance ITEX-PUBLISHER/gmbp.home:itex-publisher:2222 with status UP (replication=false)
2018-09-27 01:32:47.110  INFO 36252 --- [http-nio-9999-exec-10] c.n.e.registry.AbstractInstanceRegistry  : Registered instance ITEX-PUBLISHER/gmbp.home:itex-publisher:2222 with status UP (replication=true)
2018-09-27 01:32:49.437  INFO 36252 --- [http-nio-9999-exec-3] c.n.e.registry.AbstractInstanceRegistry  : Registered instance SINAPPS-POLLER/gmbp.home:sinapps-poller:1111 with status UP (replication=false)
2018-09-27 01:32:49.942  INFO 36252 --- [http-nio-9999-exec-2] c.n.e.registry.AbstractInstanceRegistry  : Registered instance SINAPPS-POLLER/gmbp.home:sinapps-poller:1111 with status UP (replication=true)
2018-09-27 01:32:52.085  INFO 36252 --- [Thread-15] ConfigServletWebServerApplicationContext : Closing org.springframework.boot.web.servlet.context.AnnotationConfigServletWebServerApplicationContext@65e2dbf3: startup date [Thu Sep 27 01:26:56 CEST 2018]; parent: org.springframework.context.annotation.AnnotationConfigApplicationContext@2f7c7260
2018-09-27 01:32:52.095  INFO 36252 --- [Thread-15] o.s.c.n.e.s.EurekaServiceRegistry        : Unregistering application registry with eureka with status DOWN
2018-09-27 01:32:52.110  INFO 36252 --- [Thread-15] o.s.c.support.DefaultLifecycleProcessor  : Stopping beans in phase 2147483647
2018-09-27 01:32:52.112  INFO 36252 --- [Thread-15] o.s.c.support.DefaultLifecycleProcessor  : Stopping beans in phase 0
2018-09-27 01:32:52.135  INFO 36252 --- [Thread-15] o.s.i.endpoint.EventDrivenConsumer       : Removing {logging-channel-adapter:_org.springframework.integration.errorLogger} as a subscriber to the 'errorChannel' channel
2018-09-27 01:32:52.138  INFO 36252 --- [Thread-15] o.s.i.channel.PublishSubscribeChannel    : Channel 'application-1.errorChannel' has 0 subscriber(s).
2018-09-27 01:32:52.139  INFO 36252 --- [Thread-15] o.s.i.endpoint.EventDrivenConsumer       : stopped _org.springframework.integration.errorLogger
2018-09-27 01:32:52.150  INFO 36252 --- [Thread-15] c.n.eureka.DefaultEurekaServerContext    : Shutting down ...
2018-09-27 01:32:52.166  INFO 36252 --- [Thread-15] c.n.eureka.DefaultEurekaServerContext    : Shut down
2018-09-27 01:32:52.171  INFO 36252 --- [Thread-15] o.s.s.c.ThreadPoolTaskScheduler          : Shutting down ExecutorService 'taskScheduler'
2018-09-27 01:32:52.173  INFO 36252 --- [Thread-15] o.s.i.monitor.IntegrationMBeanExporter   : Unregistering JMX-exposed beans on shutdown
2018-09-27 01:32:52.177  INFO 36252 --- [Thread-15] o.s.i.monitor.IntegrationMBeanExporter   : Unregistering JMX-exposed beans
2018-09-27 01:32:52.179  INFO 36252 --- [Thread-15] o.s.i.monitor.IntegrationMBeanExporter   : Summary on shutdown: nullChannel
2018-09-27 01:32:52.179  INFO 36252 --- [Thread-15] o.s.i.monitor.IntegrationMBeanExporter   : Summary on shutdown: errorChannel
2018-09-27 01:32:52.179  INFO 36252 --- [Thread-15] o.s.i.monitor.IntegrationMBeanExporter   : Summary on shutdown: _org.springframework.integration.errorLogger.handler
2018-09-27 01:32:52.182  INFO 36252 --- [Thread-15] o.s.j.e.a.AnnotationMBeanExporter        : Unregistering JMX-exposed beans on shutdown
2018-09-27 01:32:52.186  INFO 36252 --- [Thread-15] o.s.j.e.a.AnnotationMBeanExporter        : Unregistering JMX-exposed beans
2018-09-27 01:32:52.205  INFO 36252 --- [Thread-15] com.netflix.discovery.DiscoveryClient    : Shutting down DiscoveryClient ...
2018-09-27 01:32:52.205  INFO 36252 --- [Thread-15] com.netflix.discovery.DiscoveryClient    : Completed shut down of DiscoveryClient
