2018-09-27 01:27:22.556  INFO 36362 --- [main] i.p.m.sinapps.poller.SinappsPoller       : The following profiles are active: spo
2018-09-27 01:27:22.568  INFO 36362 --- [main] ConfigServletWebServerApplicationContext : Refreshing org.springframework.boot.web.servlet.context.AnnotationConfigServletWebServerApplicationContext@6e0e048a: startup date [Thu Sep 27 01:27:22 CEST 2018]; parent: org.springframework.context.annotation.AnnotationConfigApplicationContext@56cbfb61
2018-09-27 01:27:23.156  INFO 36362 --- [main] o.s.i.config.IntegrationRegistrar        : No bean named 'integrationHeaderChannelRegistry' has been explicitly defined. Therefore, a default DefaultHeaderChannelRegistry will be created.
2018-09-27 01:27:24.061  INFO 36362 --- [main] o.s.cloud.context.scope.GenericScope     : BeanFactory id=4977a911-8b83-3d38-817f-95b8c70339a5
2018-09-27 01:27:24.078  INFO 36362 --- [main] faultConfiguringBeanFactoryPostProcessor : No bean named 'errorChannel' has been explicitly defined. Therefore, a default PublishSubscribeChannel will be created.
2018-09-27 01:27:24.080  INFO 36362 --- [main] faultConfiguringBeanFactoryPostProcessor : No bean named 'taskScheduler' has been explicitly defined. Therefore, a default ThreadPoolTaskScheduler will be created.
2018-09-27 01:27:24.094  INFO 36362 --- [main] f.a.AutowiredAnnotationBeanPostProcessor : JSR-330 'javax.inject.Inject' annotation found and supported for autowiring
2018-09-27 01:27:24.175  INFO 36362 --- [main] trationDelegate$BeanPostProcessorChecker : Bean 'org.springframework.amqp.rabbit.annotation.RabbitBootstrapConfiguration' of type [org.springframework.amqp.rabbit.annotation.RabbitBootstrapConfiguration$$EnhancerBySpringCGLIB$$b15a7054] is not eligible for getting processed by all BeanPostProcessors (for example: not eligible for auto-proxying)
2018-09-27 01:27:24.315  INFO 36362 --- [main] trationDelegate$BeanPostProcessorChecker : Bean 'org.springframework.integration.config.IntegrationManagementConfiguration' of type [org.springframework.integration.config.IntegrationManagementConfiguration$$EnhancerBySpringCGLIB$$55e06d55] is not eligible for getting processed by all BeanPostProcessors (for example: not eligible for auto-proxying)
2018-09-27 01:27:24.328  INFO 36362 --- [main] trationDelegate$BeanPostProcessorChecker : Bean 'org.springframework.cloud.autoconfigure.ConfigurationPropertiesRebinderAutoConfiguration' of type [org.springframework.cloud.autoconfigure.ConfigurationPropertiesRebinderAutoConfiguration$$EnhancerBySpringCGLIB$$708b523] is not eligible for getting processed by all BeanPostProcessors (for example: not eligible for auto-proxying)
2018-09-27 01:27:24.344  INFO 36362 --- [main] trationDelegate$BeanPostProcessorChecker : Bean 'org.springframework.integration.dsl.context.IntegrationFlowContext' of type [org.springframework.integration.dsl.context.IntegrationFlowContext] is not eligible for getting processed by all BeanPostProcessors (for example: not eligible for auto-proxying)
2018-09-27 01:27:24.655  INFO 36362 --- [main] o.s.b.w.embedded.tomcat.TomcatWebServer  : Tomcat initialized with port(s): 1111 (http)
2018-09-27 01:27:24.687  INFO 36362 --- [main] o.apache.catalina.core.StandardService   : Starting service [Tomcat]
2018-09-27 01:27:24.688  INFO 36362 --- [main] org.apache.catalina.core.StandardEngine  : Starting Servlet Engine: Apache Tomcat/8.5.31
2018-09-27 01:27:24.701  INFO 36362 --- [localhost-startStop-1] o.a.catalina.core.AprLifecycleListener   : The APR based Apache Tomcat Native library which allows optimal performance in production environments was not found on the java.library.path: [/Users/guytou/Library/Java/Extensions:/Library/Java/Extensions:/Network/Library/Java/Extensions:/System/Library/Java/Extensions:/usr/lib/java:.]
2018-09-27 01:27:24.787  INFO 36362 --- [localhost-startStop-1] o.a.c.c.C.[Tomcat].[localhost].[/]       : Initializing Spring embedded WebApplicationContext
2018-09-27 01:27:24.787  INFO 36362 --- [localhost-startStop-1] o.s.web.context.ContextLoader            : Root WebApplicationContext: initialization completed in 2219 ms
2018-09-27 01:27:25.085  WARN 36362 --- [localhost-startStop-1] c.n.c.sources.URLConfigurationSource     : No URLs will be polled as dynamic configuration sources.
2018-09-27 01:27:25.085  INFO 36362 --- [localhost-startStop-1] c.n.c.sources.URLConfigurationSource     : To enable URLs as dynamic configuration sources, define System property archaius.configurationSource.additionalUrls or make config.properties available on classpath.
2018-09-27 01:27:25.105  INFO 36362 --- [localhost-startStop-1] c.netflix.config.DynamicPropertyFactory  : DynamicPropertyFactory is initialized with configuration sources: com.netflix.config.ConcurrentCompositeConfiguration@4dfe269
2018-09-27 01:27:26.207  INFO 36362 --- [localhost-startStop-1] o.s.s.c.ThreadPoolTaskScheduler          : Initializing ExecutorService  'taskScheduler'
2018-09-27 01:27:26.592  INFO 36362 --- [localhost-startStop-1] o.s.b.w.servlet.ServletRegistrationBean  : Servlet dispatcherServlet mapped to [/]
2018-09-27 01:27:26.596  INFO 36362 --- [localhost-startStop-1] o.s.b.w.servlet.FilterRegistrationBean   : Mapping filter: 'characterEncodingFilter' to: [/*]
2018-09-27 01:27:26.597  INFO 36362 --- [localhost-startStop-1] o.s.b.w.servlet.FilterRegistrationBean   : Mapping filter: 'hiddenHttpMethodFilter' to: [/*]
2018-09-27 01:27:26.597  INFO 36362 --- [localhost-startStop-1] o.s.b.w.servlet.FilterRegistrationBean   : Mapping filter: 'httpPutFormContentFilter' to: [/*]
2018-09-27 01:27:26.597  INFO 36362 --- [localhost-startStop-1] o.s.b.w.servlet.FilterRegistrationBean   : Mapping filter: 'requestContextFilter' to: [/*]
2018-09-27 01:27:26.597  INFO 36362 --- [localhost-startStop-1] o.s.b.w.servlet.FilterRegistrationBean   : Mapping filter: 'httpTraceFilter' to: [/*]
2018-09-27 01:27:26.597  INFO 36362 --- [localhost-startStop-1] o.s.b.w.servlet.FilterRegistrationBean   : Mapping filter: 'webMvcMetricsFilter' to: [/*]
2018-09-27 01:27:26.823  WARN 36362 --- [main] c.n.c.sources.URLConfigurationSource     : No URLs will be polled as dynamic configuration sources.
2018-09-27 01:27:26.823  INFO 36362 --- [main] c.n.c.sources.URLConfigurationSource     : To enable URLs as dynamic configuration sources, define System property archaius.configurationSource.additionalUrls or make config.properties available on classpath.
2018-09-27 01:27:26.937  INFO 36362 --- [main] o.s.w.s.handler.SimpleUrlHandlerMapping  : Mapped URL path [/**/favicon.ico] onto handler of type [class org.springframework.web.servlet.resource.ResourceHttpRequestHandler]
2018-09-27 01:27:27.089  INFO 36362 --- [main] s.w.s.m.m.a.RequestMappingHandlerAdapter : Looking for @ControllerAdvice: org.springframework.boot.web.servlet.context.AnnotationConfigServletWebServerApplicationContext@6e0e048a: startup date [Thu Sep 27 01:27:22 CEST 2018]; parent: org.springframework.context.annotation.AnnotationConfigApplicationContext@56cbfb61
2018-09-27 01:27:27.210  INFO 36362 --- [main] s.w.s.m.m.a.RequestMappingHandlerMapping : Mapped "{[/error]}" onto public org.springframework.http.ResponseEntity<java.util.Map<java.lang.String, java.lang.Object>> org.springframework.boot.autoconfigure.web.servlet.error.BasicErrorController.error(javax.servlet.http.HttpServletRequest)
2018-09-27 01:27:27.211  INFO 36362 --- [main] s.w.s.m.m.a.RequestMappingHandlerMapping : Mapped "{[/error],produces=[text/html]}" onto public org.springframework.web.servlet.ModelAndView org.springframework.boot.autoconfigure.web.servlet.error.BasicErrorController.errorHtml(javax.servlet.http.HttpServletRequest,javax.servlet.http.HttpServletResponse)
2018-09-27 01:27:27.256  INFO 36362 --- [main] o.s.w.s.handler.SimpleUrlHandlerMapping  : Mapped URL path [/webjars/**] onto handler of type [class org.springframework.web.servlet.resource.ResourceHttpRequestHandler]
2018-09-27 01:27:27.256  INFO 36362 --- [main] o.s.w.s.handler.SimpleUrlHandlerMapping  : Mapped URL path [/**] onto handler of type [class org.springframework.web.servlet.resource.ResourceHttpRequestHandler]
2018-09-27 01:27:27.871  INFO 36362 --- [main] o.s.ui.freemarker.SpringTemplateLoader   : SpringTemplateLoader for FreeMarker: using resource loader [org.springframework.boot.web.servlet.context.AnnotationConfigServletWebServerApplicationContext@6e0e048a: startup date [Thu Sep 27 01:27:22 CEST 2018]; parent: org.springframework.context.annotation.AnnotationConfigApplicationContext@56cbfb61] and template loader path [classpath:/templates/]
2018-09-27 01:27:27.872  INFO 36362 --- [main] o.s.w.s.v.f.FreeMarkerConfigurer         : ClassTemplateLoader for Spring macros added to FreeMarker configuration
2018-09-27 01:27:28.324  INFO 36362 --- [main] o.s.b.a.e.web.EndpointLinksResolver      : Exposing 2 endpoint(s) beneath base path '/actuator'
2018-09-27 01:27:28.357  INFO 36362 --- [main] s.b.a.e.w.s.WebMvcEndpointHandlerMapping : Mapped "{[/actuator/health],methods=[GET],produces=[application/vnd.spring-boot.actuator.v2+json || application/json]}" onto public java.lang.Object org.springframework.boot.actuate.endpoint.web.servlet.AbstractWebMvcEndpointHandlerMapping$OperationHandler.handle(javax.servlet.http.HttpServletRequest,java.util.Map<java.lang.String, java.lang.String>)
2018-09-27 01:27:28.358  INFO 36362 --- [main] s.b.a.e.w.s.WebMvcEndpointHandlerMapping : Mapped "{[/actuator/info],methods=[GET],produces=[application/vnd.spring-boot.actuator.v2+json || application/json]}" onto public java.lang.Object org.springframework.boot.actuate.endpoint.web.servlet.AbstractWebMvcEndpointHandlerMapping$OperationHandler.handle(javax.servlet.http.HttpServletRequest,java.util.Map<java.lang.String, java.lang.String>)
2018-09-27 01:27:28.360  INFO 36362 --- [main] s.b.a.e.w.s.WebMvcEndpointHandlerMapping : Mapped "{[/actuator],methods=[GET],produces=[application/vnd.spring-boot.actuator.v2+json || application/json]}" onto protected java.util.Map<java.lang.String, java.util.Map<java.lang.String, org.springframework.boot.actuate.endpoint.web.Link>> org.springframework.boot.actuate.endpoint.web.servlet.WebMvcEndpointHandlerMapping.links(javax.servlet.http.HttpServletRequest,javax.servlet.http.HttpServletResponse)
2018-09-27 01:27:28.601  INFO 36362 --- [main] o.s.j.e.a.AnnotationMBeanExporter        : Registering beans for JMX exposure on startup
2018-09-27 01:27:28.610  INFO 36362 --- [main] o.s.j.e.a.AnnotationMBeanExporter        : Bean with name 'rabbitConnectionFactory' has been autodetected for JMX exposure
2018-09-27 01:27:28.611  INFO 36362 --- [main] o.s.j.e.a.AnnotationMBeanExporter        : Bean with name 'environmentManager' has been autodetected for JMX exposure
2018-09-27 01:27:28.613  INFO 36362 --- [main] o.s.j.e.a.AnnotationMBeanExporter        : Bean with name 'integrationMbeanExporter' has been autodetected for JMX exposure
2018-09-27 01:27:28.614  INFO 36362 --- [main] o.s.j.e.a.AnnotationMBeanExporter        : Bean with name 'refreshScope' has been autodetected for JMX exposure
2018-09-27 01:27:28.614  INFO 36362 --- [main] o.s.j.e.a.AnnotationMBeanExporter        : Bean with name 'configurationPropertiesRebinder' has been autodetected for JMX exposure
2018-09-27 01:27:28.617  INFO 36362 --- [main] o.s.j.e.a.AnnotationMBeanExporter        : Located managed bean 'environmentManager': registering with JMX server as MBean [org.springframework.cloud.context.environment:name=environmentManager,type=EnvironmentManager]
2018-09-27 01:27:28.625  INFO 36362 --- [main] o.s.j.e.a.AnnotationMBeanExporter        : Located managed bean 'refreshScope': registering with JMX server as MBean [org.springframework.cloud.context.scope.refresh:name=refreshScope,type=RefreshScope]
2018-09-27 01:27:28.639  INFO 36362 --- [main] o.s.j.e.a.AnnotationMBeanExporter        : Located managed bean 'integrationMbeanExporter': registering with JMX server as MBean [org.springframework.integration.monitor:name=integrationMbeanExporter,type=IntegrationMBeanExporter]
2018-09-27 01:27:28.668  INFO 36362 --- [main] o.s.j.e.a.AnnotationMBeanExporter        : Located managed bean 'configurationPropertiesRebinder': registering with JMX server as MBean [org.springframework.cloud.context.properties:name=configurationPropertiesRebinder,context=6e0e048a,type=ConfigurationPropertiesRebinder]
2018-09-27 01:27:28.676  INFO 36362 --- [main] o.s.j.e.a.AnnotationMBeanExporter        : Located managed bean 'rabbitConnectionFactory': registering with JMX server as MBean [org.springframework.amqp.rabbit.connection:name=rabbitConnectionFactory,type=CachingConnectionFactory]
2018-09-27 01:27:28.699  INFO 36362 --- [main] o.s.i.monitor.IntegrationMBeanExporter   : Registering beans for JMX exposure on startup
2018-09-27 01:27:28.700  INFO 36362 --- [main] o.s.i.monitor.IntegrationMBeanExporter   : Registering MessageChannel errorChannel
2018-09-27 01:27:28.703  INFO 36362 --- [main] o.s.i.monitor.IntegrationMBeanExporter   : Located managed bean 'org.springframework.integration:type=MessageChannel,name=errorChannel': registering with JMX server as MBean [org.springframework.integration:type=MessageChannel,name=errorChannel]
2018-09-27 01:27:28.754  INFO 36362 --- [main] o.s.i.monitor.IntegrationMBeanExporter   : Registering MessageChannel nullChannel
2018-09-27 01:27:28.756  INFO 36362 --- [main] o.s.i.monitor.IntegrationMBeanExporter   : Located managed bean 'org.springframework.integration:type=MessageChannel,name=nullChannel': registering with JMX server as MBean [org.springframework.integration:type=MessageChannel,name=nullChannel]
2018-09-27 01:27:28.765  INFO 36362 --- [main] o.s.i.monitor.IntegrationMBeanExporter   : Registering MessageChannel output
2018-09-27 01:27:28.766  INFO 36362 --- [main] o.s.i.monitor.IntegrationMBeanExporter   : Located managed bean 'org.springframework.integration:type=MessageChannel,name=output': registering with JMX server as MBean [org.springframework.integration:type=MessageChannel,name=output]
2018-09-27 01:27:28.775  INFO 36362 --- [main] o.s.i.monitor.IntegrationMBeanExporter   : Registering MessageHandler errorLogger
2018-09-27 01:27:28.776  INFO 36362 --- [main] o.s.i.monitor.IntegrationMBeanExporter   : Located managed bean 'org.springframework.integration:type=MessageHandler,name=errorLogger,bean=internal': registering with JMX server as MBean [org.springframework.integration:type=MessageHandler,name=errorLogger,bean=internal]
2018-09-27 01:27:28.791  INFO 36362 --- [main] o.s.i.monitor.IntegrationMBeanExporter   : Located managed bean 'org.springframework.integration:type=ManagedEndpoint,name=io.pivotal.microservices.sinapps.poller.SinappsPoller$TestProducer.sendTestData.inboundChannelAdapter,bean=endpoint': registering with JMX server as MBean [org.springframework.integration:type=ManagedEndpoint,name=io.pivotal.microservices.sinapps.poller.SinappsPoller$TestProducer.sendTestData.inboundChannelAdapter,bean=endpoint]
2018-09-27 01:27:28.793  INFO 36362 --- [main] o.s.i.monitor.IntegrationMBeanExporter   : Registered endpoint without MessageSource: org.springframework.integration:type=ManagedEndpoint,name=io.pivotal.microservices.sinapps.poller.SinappsPoller$TestProducer.sendTestData.inboundChannelAdapter,bean=endpoint
2018-09-27 01:27:28.801  INFO 36362 --- [main] o.s.c.support.DefaultLifecycleProcessor  : Starting beans in phase -2147482648
2018-09-27 01:27:28.874  INFO 36362 --- [main] s.c.a.AnnotationConfigApplicationContext : Refreshing org.springframework.context.annotation.AnnotationConfigApplicationContext@e19bb76: startup date [Thu Sep 27 01:27:28 CEST 2018]; parent: org.springframework.boot.web.servlet.context.AnnotationConfigServletWebServerApplicationContext@6e0e048a
2018-09-27 01:27:28.918  INFO 36362 --- [main] f.a.AutowiredAnnotationBeanPostProcessor : JSR-330 'javax.inject.Inject' annotation found and supported for autowiring
2018-09-27 01:27:28.967  INFO 36362 --- [main] o.s.c.support.GenericApplicationContext  : Refreshing org.springframework.context.support.GenericApplicationContext@6179e425: startup date [Thu Sep 27 01:27:28 CEST 2018]; root of context hierarchy
2018-09-27 01:27:29.130  INFO 36362 --- [main] o.s.a.r.c.CachingConnectionFactory       : Attempting to connect to: [localhost:5672]
2018-09-27 01:27:29.212  INFO 36362 --- [main] o.s.a.r.c.CachingConnectionFactory       : Created new connection: rabbitConnectionFactory#308a0dc2:0/SimpleConnection@305a0c5f [delegate=amqp://guest@127.0.0.1:5672/, localPort= 56019]
2018-09-27 01:27:29.269  INFO 36362 --- [main] o.s.integration.channel.DirectChannel    : Channel 'application-1.output' has 1 subscriber(s).
2018-09-27 01:27:29.276  INFO 36362 --- [main] o.s.c.support.DefaultLifecycleProcessor  : Starting beans in phase 0
2018-09-27 01:27:29.297  INFO 36362 --- [main] o.s.c.n.eureka.InstanceInfoFactory       : Setting initial instance status as: STARTING
2018-09-27 01:27:29.366  INFO 36362 --- [main] com.netflix.discovery.DiscoveryClient    : Initializing Eureka in region us-east-1
2018-09-27 01:27:29.620  INFO 36362 --- [main] c.n.d.provider.DiscoveryJerseyProvider   : Using JSON encoding codec LegacyJacksonJson
2018-09-27 01:27:29.620  INFO 36362 --- [main] c.n.d.provider.DiscoveryJerseyProvider   : Using JSON decoding codec LegacyJacksonJson
2018-09-27 01:27:30.005  INFO 36362 --- [main] c.n.d.provider.DiscoveryJerseyProvider   : Using XML encoding codec XStreamXml
2018-09-27 01:27:30.006  INFO 36362 --- [main] c.n.d.provider.DiscoveryJerseyProvider   : Using XML decoding codec XStreamXml
2018-09-27 01:27:30.216  INFO 36362 --- [main] c.n.d.s.r.aws.ConfigClusterResolver      : Resolving eureka endpoints via configuration
2018-09-27 01:27:30.243  INFO 36362 --- [main] com.netflix.discovery.DiscoveryClient    : Disable delta property : false
2018-09-27 01:27:30.243  INFO 36362 --- [main] com.netflix.discovery.DiscoveryClient    : Single vip registry refresh property : null
2018-09-27 01:27:30.243  INFO 36362 --- [main] com.netflix.discovery.DiscoveryClient    : Force full registry fetch : false
2018-09-27 01:27:30.243  INFO 36362 --- [main] com.netflix.discovery.DiscoveryClient    : Application is null : false
2018-09-27 01:27:30.243  INFO 36362 --- [main] com.netflix.discovery.DiscoveryClient    : Registered Applications size is zero : true
2018-09-27 01:27:30.243  INFO 36362 --- [main] com.netflix.discovery.DiscoveryClient    : Application version is -1: true
2018-09-27 01:27:30.243  INFO 36362 --- [main] com.netflix.discovery.DiscoveryClient    : Getting all instance registry info from the eureka server
2018-09-27 01:27:30.627  INFO 36362 --- [main] com.netflix.discovery.DiscoveryClient    : The response status is 200
2018-09-27 01:27:30.629  INFO 36362 --- [main] com.netflix.discovery.DiscoveryClient    : Starting heartbeat executor: renew interval is: 30
2018-09-27 01:27:30.632  INFO 36362 --- [main] c.n.discovery.InstanceInfoReplicator     : InstanceInfoReplicator onDemand update allowed rate per min is 4
2018-09-27 01:27:30.638  INFO 36362 --- [main] com.netflix.discovery.DiscoveryClient    : Discovery Client initialized at timestamp 1538004450636 with initial instances count: 0
2018-09-27 01:27:30.644  INFO 36362 --- [main] o.s.c.n.e.s.EurekaServiceRegistry        : Registering application sinapps-poller with eureka with status UP
2018-09-27 01:27:30.645  INFO 36362 --- [main] com.netflix.discovery.DiscoveryClient    : Saw local status change event StatusChangeEvent [timestamp=1538004450645, current=UP, previous=STARTING]
2018-09-27 01:27:30.646  INFO 36362 --- [DiscoveryClient-InstanceInfoReplicator-0] com.netflix.discovery.DiscoveryClient    : DiscoveryClient_SINAPPS-POLLER/gmbp.home:sinapps-poller:1111: registering service...
2018-09-27 01:27:30.653  INFO 36362 --- [main] o.s.i.endpoint.EventDrivenConsumer       : Adding {logging-channel-adapter:_org.springframework.integration.errorLogger} as a subscriber to the 'errorChannel' channel
2018-09-27 01:27:30.653  INFO 36362 --- [main] o.s.i.channel.PublishSubscribeChannel    : Channel 'application-1.errorChannel' has 1 subscriber(s).
2018-09-27 01:27:30.653  INFO 36362 --- [main] o.s.i.endpoint.EventDrivenConsumer       : started _org.springframework.integration.errorLogger
2018-09-27 01:27:30.657  INFO 36362 --- [main] o.s.i.e.SourcePollingChannelAdapter      : started io.pivotal.microservices.sinapps.poller.SinappsPoller$TestProducer.sendTestData.inboundChannelAdapter
2018-09-27 01:27:30.657  INFO 36362 --- [main] o.s.c.support.DefaultLifecycleProcessor  : Starting beans in phase 2147482647
2018-09-27 01:27:30.658  INFO 36362 --- [main] o.s.c.support.DefaultLifecycleProcessor  : Starting beans in phase 2147483647
2018-09-27 01:27:30.681  INFO 36362 --- [task-scheduler-1] o.s.a.r.c.CachingConnectionFactory       : Attempting to connect to: [localhost:5672]
2018-09-27 01:27:30.688  INFO 36362 --- [task-scheduler-1] o.s.a.r.c.CachingConnectionFactory       : Created new connection: rabbitConnectionFactory.publisher#26f8e62d:0/SimpleConnection@5a4fbbc6 [delegate=amqp://guest@127.0.0.1:5672/, localPort= 56021]
2018-09-27 01:27:30.777  INFO 36362 --- [main] o.s.b.w.embedded.tomcat.TomcatWebServer  : Tomcat started on port(s): 1111 (http) with context path ''
2018-09-27 01:27:30.779  INFO 36362 --- [main] .s.c.n.e.s.EurekaAutoServiceRegistration : Updating port to 1111
2018-09-27 01:27:30.784  INFO 36362 --- [main] i.p.m.sinapps.poller.SinappsPoller       : Started SinappsPoller in 10.004 seconds (JVM running for 10.688)
2018-09-27 01:27:30.853  INFO 36362 --- [DiscoveryClient-InstanceInfoReplicator-0] com.netflix.discovery.DiscoveryClient    : DiscoveryClient_SINAPPS-POLLER/gmbp.home:sinapps-poller:1111 - registration status: 204
2018-09-27 01:28:00.632  INFO 36362 --- [DiscoveryClient-CacheRefreshExecutor-0] com.netflix.discovery.DiscoveryClient    : Disable delta property : false
2018-09-27 01:28:00.634  INFO 36362 --- [DiscoveryClient-CacheRefreshExecutor-0] com.netflix.discovery.DiscoveryClient    : Single vip registry refresh property : null
2018-09-27 01:28:00.634  INFO 36362 --- [DiscoveryClient-CacheRefreshExecutor-0] com.netflix.discovery.DiscoveryClient    : Force full registry fetch : false
2018-09-27 01:28:00.634  INFO 36362 --- [DiscoveryClient-CacheRefreshExecutor-0] com.netflix.discovery.DiscoveryClient    : Application is null : false
2018-09-27 01:28:00.635  INFO 36362 --- [DiscoveryClient-CacheRefreshExecutor-0] com.netflix.discovery.DiscoveryClient    : Registered Applications size is zero : true
2018-09-27 01:28:00.635  INFO 36362 --- [DiscoveryClient-CacheRefreshExecutor-0] com.netflix.discovery.DiscoveryClient    : Application version is -1: false
2018-09-27 01:28:00.635  INFO 36362 --- [DiscoveryClient-CacheRefreshExecutor-0] com.netflix.discovery.DiscoveryClient    : Getting all instance registry info from the eureka server
2018-09-27 01:28:00.731  INFO 36362 --- [DiscoveryClient-CacheRefreshExecutor-0] com.netflix.discovery.DiscoveryClient    : The response status is 200
2018-09-27 01:32:30.256  INFO 36362 --- [AsyncResolver-bootstrap-executor-0] c.n.d.s.r.aws.ConfigClusterResolver      : Resolving eureka endpoints via configuration
2018-09-27 01:32:49.267  INFO 36362 --- [Thread-9] ConfigServletWebServerApplicationContext : Closing org.springframework.boot.web.servlet.context.AnnotationConfigServletWebServerApplicationContext@6e0e048a: startup date [Thu Sep 27 01:27:22 CEST 2018]; parent: org.springframework.context.annotation.AnnotationConfigApplicationContext@56cbfb61
2018-09-27 01:32:49.362  INFO 36362 --- [Thread-9] o.s.c.n.e.s.EurekaServiceRegistry        : Unregistering application sinapps-poller with eureka with status DOWN
2018-09-27 01:32:49.362  WARN 36362 --- [Thread-9] com.netflix.discovery.DiscoveryClient    : Saw local status change event StatusChangeEvent [timestamp=1538004769362, current=DOWN, previous=UP]
2018-09-27 01:32:49.378  WARN 36362 --- [DiscoveryClient-InstanceInfoReplicator-0] com.netflix.discovery.DiscoveryClient    : Saw local status change event StatusChangeEvent [timestamp=1538004769378, current=UP, previous=DOWN]
2018-09-27 01:32:49.379  INFO 36362 --- [DiscoveryClient-InstanceInfoReplicator-0] com.netflix.discovery.DiscoveryClient    : DiscoveryClient_SINAPPS-POLLER/gmbp.home:sinapps-poller:1111: registering service...
2018-09-27 01:32:49.384  INFO 36362 --- [Thread-9] s.c.a.AnnotationConfigApplicationContext : Closing org.springframework.context.annotation.AnnotationConfigApplicationContext@e19bb76: startup date [Thu Sep 27 01:27:28 CEST 2018]; parent: org.springframework.boot.web.servlet.context.AnnotationConfigServletWebServerApplicationContext@6e0e048a
2018-09-27 01:32:49.439  INFO 36362 --- [DiscoveryClient-InstanceInfoReplicator-0] com.netflix.discovery.DiscoveryClient    : DiscoveryClient_SINAPPS-POLLER/gmbp.home:sinapps-poller:1111 - registration status: 204
2018-09-27 01:32:49.627  INFO 36362 --- [Thread-9] o.s.c.support.DefaultLifecycleProcessor  : Stopping beans in phase 2147483647
2018-09-27 01:32:49.629  INFO 36362 --- [Thread-9] o.s.c.support.DefaultLifecycleProcessor  : Stopping beans in phase 2147482647
2018-09-27 01:32:49.636  INFO 36362 --- [Thread-9] o.s.c.support.DefaultLifecycleProcessor  : Stopping beans in phase 0
2018-09-27 01:32:49.745  INFO 36362 --- [Thread-9] o.s.i.endpoint.EventDrivenConsumer       : Removing {logging-channel-adapter:_org.springframework.integration.errorLogger} as a subscriber to the 'errorChannel' channel
2018-09-27 01:32:49.749  INFO 36362 --- [Thread-9] o.s.i.channel.PublishSubscribeChannel    : Channel 'application-1.errorChannel' has 0 subscriber(s).
2018-09-27 01:32:49.750  INFO 36362 --- [Thread-9] o.s.i.endpoint.EventDrivenConsumer       : stopped _org.springframework.integration.errorLogger
2018-09-27 01:32:49.750  INFO 36362 --- [Thread-9] o.s.i.e.SourcePollingChannelAdapter      : stopped io.pivotal.microservices.sinapps.poller.SinappsPoller$TestProducer.sendTestData.inboundChannelAdapter
2018-09-27 01:32:49.750  INFO 36362 --- [Thread-9] o.s.c.support.DefaultLifecycleProcessor  : Stopping beans in phase -2147482648
2018-09-27 01:32:49.780  INFO 36362 --- [Thread-9] o.s.i.monitor.IntegrationMBeanExporter   : Unregistering JMX-exposed beans on shutdown
2018-09-27 01:32:49.789  INFO 36362 --- [Thread-9] o.s.i.monitor.IntegrationMBeanExporter   : Unregistering JMX-exposed beans
2018-09-27 01:32:49.793  INFO 36362 --- [Thread-9] o.s.i.monitor.IntegrationMBeanExporter   : Summary on shutdown: errorChannel
2018-09-27 01:32:49.794  INFO 36362 --- [Thread-9] o.s.i.monitor.IntegrationMBeanExporter   : Summary on shutdown: nullChannel
2018-09-27 01:32:49.794  INFO 36362 --- [Thread-9] o.s.i.monitor.IntegrationMBeanExporter   : Summary on shutdown: output
2018-09-27 01:32:49.794  INFO 36362 --- [Thread-9] o.s.i.monitor.IntegrationMBeanExporter   : Summary on shutdown: _org.springframework.integration.errorLogger.handler
2018-09-27 01:32:49.796  INFO 36362 --- [Thread-9] o.s.j.e.a.AnnotationMBeanExporter        : Unregistering JMX-exposed beans on shutdown
2018-09-27 01:32:49.797  INFO 36362 --- [Thread-9] o.s.j.e.a.AnnotationMBeanExporter        : Unregistering JMX-exposed beans
2018-09-27 01:32:49.825  INFO 36362 --- [Thread-9] o.s.s.c.ThreadPoolTaskScheduler          : Shutting down ExecutorService 'taskScheduler'
2018-09-27 01:32:49.872  INFO 36362 --- [Thread-9] com.netflix.discovery.DiscoveryClient    : Shutting down DiscoveryClient ...
2018-09-27 01:32:49.903  WARN 36362 --- [Thread-9] .s.c.a.CommonAnnotationBeanPostProcessor : Invocation of destroy method failed on bean with name 'scopedTarget.eurekaClient': org.springframework.beans.factory.BeanCreationNotAllowedException: Error creating bean with name 'eurekaInstanceConfigBean': Singleton bean creation not allowed while singletons of this factory are in destruction (Do not request a bean from a BeanFactory in a destroy method implementation!)
